<?xml version="1.0"?>
<opencv_storage>
<L2_diff>1.8442882095811381e+03</L2_diff>
<contrast>2.3808918103601524e+00</contrast>
<brightness>6.0598226982385972e-01</brightness>
<gamma>3.4677560026460841e-01</gamma>
<only_luma>1</only_luma>
<test_img type_id="opencv-matrix">
  <rows>10</rows>
  <cols>20</cols>
  <dt>"3u"</dt>
  <data>
    139 163 60 232 173 23 126 50 124 111 229 200 86 146 15 0 177 251 244
    19 38 151 254 208 55 212 209 21 158 55 21 156 233 107 198 236 41 195
    204 182 193 55 81 3 6 93 220 183 200 221 215 81 24 244 51 247 80 235
    189 204 62 153 176 234 60 10 231 244 229 2 150 53 117 178 45 83 41
    119 39 227 238 78 12 124 53 16 3 182 101 163 51 137 253 249 59 224
    182 209 113 200 126 71 69 154 56 53 106 109 115 87 105 109 188 97 85
    110 243 84 224 71 176 85 52 18 89 56 168 235 36 108 27 26 81 104 167
    193 171 59 24 53 144 84 245 235 14 159 105 61 19 89 154 70 20 156 12
    199 114 58 146 110 106 123 3 104 7 63 155 226 242 45 16 198 184 202
    187 159 235 155 25 126 1 150 83 152 223 59 180 116 220 114 253 90 0
    148 41 209 62 27 61 2 171 29 31 246 202 161 252 85 193 146 161 134
    169 129 40 72 233 182 1 233 25 16 24 134 113 233 74 167 88 55 83 122
    90 39 45 85 160 111 7 54 125 26 2 93 82 164 213 96 133 83 186 36 43
    5 12 152 6 14 254 143 133 82 120 131 170 156 126 16 9 171 83 142 197
    53 211 89 180 140 248 207 182 84 65 158 17 71 133 167 82 172 161 249
    152 9 20 238 5 155 128 185 105 181 131 18 55 145 158 218 79 39 78
    210 179 16 172 65 16 92 98 95 201 130 22 50 72 16 80 87 101 171 80
    164 90 169 35 75 5 69 210 143 117 163 138 1 71 41 50 215 130 54 168
    173 152 175 70 55 185 46 31 155 97 16 101 103 77 157 36 130 145 1 10
    105 116 209 2 142 197 185 200 107 139 23 221 39 231 37 31 68 48 126
    184 216 156 7 195 71 71 126 181 244 178 129 155 183 136 220 19 19
    147 208 59 32 53 241 45 92 179 230 58 34 188 40 208 252 138 110 67
    174 205 139 37 70 195 211 168 47 65 185 53 79 66 83 212 228 157 206
    27 91 127 146 197 3 154 97 189 112 236 40 17 173 236 158 217 88 161
    186 217 116 190 64 162 68 127 208 57 114 45 31 180 2 115 3 40 82 218
    17 205 40 205 162 86 75 165 196 29 159 97 60 69 228 231 214 17 195
    73 217 36 36 217 130 13 185 83 105 8 213 191 22 205 150 168 2 237 23
    29 6 17 29 64 185 227 91 149 198 143 187 143 131 53 164 216 202 228
    198 127 6 98 45 156 89 227 69 202 192 34 247 236 26 58 6 76 66 223
    131 206 22 161 48 91 108 191 47 46 92 7 148 233 187 4 206 204 203
    128 202 38 138 5 37 157 194 148 80 202 117 76 2 148 17 134 113</data></test_img>
<my_img type_id="opencv-matrix">
  <rows>10</rows>
  <cols>20</cols>
  <dt>"3u"</dt>
  <data>
    255 255 248 255 255 74 255 250 255 255 255 255 255 255 67 0 255 255
    255 59 117 255 255 255 188 255 255 89 255 233 67 255 255 255 255 255
    144 255 255 255 255 201 255 21 42 255 255 255 255 255 255 250 74 255
    156 255 245 255 255 255 243 255 255 255 191 32 255 255 255 9 255 233
    255 255 175 255 214 255 122 255 255 255 61 255 255 153 29 255 255
    255 153 255 255 255 179 255 255 255 255 255 255 253 255 255 242 255
    255 255 255 255 255 255 255 255 255 255 255 255 255 233 255 255 203
    116 255 255 255 255 114 255 151 146 255 255 255 255 255 216 109 240
    255 255 255 255 59 255 255 255 123 255 255 255 86 255 43 255 255 255
    255 255 255 255 17 255 40 205 255 255 255 140 50 255 255 255 255 255
    255 255 107 255 4 255 255 255 255 194 255 255 255 255 255 255 0 255
    182 255 214 93 244 8 255 89 95 255 255 255 255 255 255 255 255 255
    255 255 197 255 255 255 3 255 80 51 115 255 255 255 236 255 255 255
    255 255 255 200 189 255 255 255 38 255 255 131 10 255 255 255 255
    255 255 255 255 135 255 56 135 255 26 61 255 255 255 255 255 255 255
    255 255 64 36 255 255 255 255 182 255 255 255 255 255 255 255 255
    255 255 72 255 255 255 255 255 255 255 255 27 63 255 16 255 255 255
    255 255 255 81 248 255 255 255 255 134 255 255 255 62 255 255 101
    255 255 255 255 255 107 244 255 112 255 255 255 255 255 255 255 255
    141 255 17 237 255 255 255 255 255 5 255 139 169 255 255 219 255 255
    255 255 255 207 255 197 133 255 255 94 255 255 255 255 162 255 255 6
    57 255 255 255 7 255 255 255 255 255 255 76 255 129 255 119 99 255
    240 255 255 255 255 25 255 255 255 255 255 255 255 255 255 255 255
    255 63 63 255 255 204 100 165 255 174 255 255 255 187 109 255 139
    255 255 255 255 234 255 255 255 172 255 255 255 255 177 245 255 255
    255 255 255 255 255 255 255 94 255 255 255 255 11 255 255 255 255
    255 126 54 255 255 255 255 255 255 255 255 255 255 237 255 235 255
    255 255 255 242 119 255 8 255 16 214 255 255 57 255 140 255 255 255
    255 255 255 105 255 255 253 221 255 255 255 58 255 245 255 121 121
    255 255 49 255 255 255 27 255 255 77 255 255 255 8 255 72 91 91 255
    255 208 255 255 255 255 255 255 255 255 255 218 255 255 255 255 255
    255 22 255 192 255 255 255 224 255 255 120 255 255 79 255 44 255 217
    255 255 255 77 255 255 255 255 255 173 169 255 31 255 255 255 13 255
    255 255 255 255 134 255 23 173 255 255 255 255 255 255 255 9 255 81
    255 255</data></my_img>
<your_img type_id="opencv-matrix">
  <rows>10</rows>
  <cols>20</cols>
  <dt>"3u"</dt>
  <data>
    217 255 94 255 194 25 255 101 250 124 255 224 148 255 26 0 179 255
    255 20 44 152 255 210 66 255 249 34 255 86 23 170 255 116 213 255 51
    241 255 243 255 73 255 9 17 108 255 211 231 255 248 86 25 255 53 255
    80 255 205 222 90 222 255 255 68 11 241 255 239 3 255 87 166 255 64
    177 88 255 42 241 255 163 25 255 255 78 14 255 142 229 51 139 255
    255 60 229 224 255 138 255 162 91 115 255 93 124 246 255 255 193 232
    148 255 132 89 117 255 98 255 81 255 123 75 52 255 160 183 255 39
    255 61 61 124 159 255 255 225 78 43 92 255 87 255 244 22 255 170 175
    54 255 255 114 33 199 15 255 199 101 255 228 220 255 7 255 15 71 175
    255 255 49 17 250 232 255 203 173 255 255 41 205 2 255 137 174 255
    67 207 134 255 113 255 91 0 255 68 255 77 33 87 3 255 30 30 255 206
    163 255 112 255 193 243 202 255 255 79 144 255 196 1 255 25 17 46
    255 213 255 81 185 255 159 239 255 186 82 72 133 255 255 16 128 255
    54 4 144 127 255 255 115 157 111 255 49 255 30 75 255 10 26 255 142
    134 160 233 255 255 233 189 21 13 255 107 186 255 64 255 109 185 144
    255 255 225 103 103 255 27 108 201 255 122 255 237 255 157 9 22 255
    5 213 176 255 148 255 184 32 99 255 184 255 92 47 96 255 255 23 247
    178 44 255 125 121 255 255 43 100 228 51 255 130 151 255 124 255 141
    255 53 114 6 81 255 224 183 255 255 2 128 49 63 255 197 82 255 252
    221 255 94 76 255 78 51 255 248 40 255 168 125 255 63 229 255 2 27
    255 145 255 2 184 255 238 255 136 176 27 255 42 255 41 34 139 97 255
    217 255 184 9 255 91 100 178 255 255 187 135 216 255 190 255 22 22
    182 255 72 34 56 255 64 134 255 255 67 38 228 49 255 255 140 111 83
    215 255 255 68 130 236 255 203 65 90 255 171 255 213 93 239 255 196
    255 33 159 223 255 255 4 196 131 255 152 255 42 18 188 255 171 255
    103 189 219 255 136 255 86 216 83 158 255 127 255 101 45 255 3 255 7
    90 98 255 20 255 50 255 255 136 118 212 255 38 255 154 96 76 249 255
    255 20 232 85 255 42 42 255 156 18 255 113 124 10 255 240 27 255 230
    255 3 255 25 33 53 147 255 72 206 255 117 191 255 195 255 195 203 82
    255 241 226 255 255 164 8 158 74 255 102 255 78 255 241 43 255 247
    27 192 20 255 75 255 147 255 27 202 113 217 255 255 61 61 158 12 255
    255 205 4 255 252 251 158 255 48 255 9 66 207 255 195 101 255 147
    129 3 255 32 255 218</data></your_img>
</opencv_storage>
