<?xml version="1.0"?>
<opencv_storage>
<L2_diff>1.6959920400756603e+03</L2_diff>
<contrast>1.9464364479554630e+00</contrast>
<brightness>6.4440445009956915e-01</brightness>
<gamma>3.3827315571591543e-01</gamma>
<only_luma>1</only_luma>
<test_img type_id="opencv-matrix">
  <rows>10</rows>
  <cols>20</cols>
  <dt>"3u"</dt>
  <data>
    75 224 136 178 123 174 34 206 145 69 70 143 40 172 175 239 48 19 236
    27 99 47 133 137 34 85 199 100 104 92 189 156 241 132 73 123 8 248
    72 120 103 134 159 60 12 167 91 250 58 110 11 72 21 241 66 134 86
    156 118 89 225 79 140 188 134 201 127 246 241 71 24 92 146 252 193
    82 146 65 49 198 176 89 73 17 159 235 59 128 134 120 102 107 212 232
    71 249 21 70 116 132 125 237 84 231 9 0 28 108 114 206 247 147 151
    180 138 115 14 202 44 246 119 216 93 230 13 37 125 138 119 89 163
    169 234 25 112 136 71 183 0 237 27 14 122 25 222 50 239 166 63 140
    36 16 80 8 231 43 168 134 113 121 103 60 71 124 133 170 77 185 212
    148 78 216 172 242 10 82 83 73 110 28 250 28 200 111 171 167 172 186
    207 232 31 203 240 238 21 55 83 141 48 113 103 174 186 65 19 97 48
    193 168 182 86 63 99 160 220 100 32 109 138 5 182 145 43 150 24 102
    250 63 241 121 73 203 165 153 217 76 152 20 52 9 194 129 229 89 45
    89 65 5 22 105 242 235 141 27 157 211 69 87 41 107 253 220 42 60 22
    194 36 138 112 7 228 176 69 143 243 34 109 45 191 236 219 209 127
    224 156 182 57 108 195 42 116 24 25 224 84 34 97 208 194 75 167 102
    94 125 48 223 247 225 234 124 111 25 103 38 226 249 56 109 252 7 137
    83 43 2 119 178 174 193 227 26 23 172 73 163 120 176 20 193 22 95
    133 253 39 147 250 163 187 136 117 92 240 173 48 178 75 43 151 71 58
    222 37 253 106 147 120 87 187 177 67 206 184 215 67 35 175 143 176
    137 199 32 218 21 231 140 8 232 69 251 213 214 13 233 172 211 72 35
    207 114 74 34 137 87 7 191 114 100 51 217 205 201 235 141 45 61 119
    57 240 197 21 126 81 193 72 95 95 139 232 128 231 55 194 69 120 184
    42 68 44 10 127 229 167 236 37 72 64 88 47 46 142 199 127 200 88 162
    126 97 239 136 230 43 35 1 125 101 41 49 49 245 172 71 88 43 83 107
    242 18 44 239 165 38 46 173 100 150 85 17 235 103 223 145 12 164 88
    135 180 1 203 40 31 119 134 198 240 202 239 224 67 138 45 52 13 237
    104 195 26 182 54 52 163 196 207 124 168 12 95 176 137 109 43 219
    247 170 42 104 5 168 234 219 102 139 182 29 212 231 184 149 223 227
    180 174 157 115 73 37 232 212 175 90 131 163 120 24 179 243 8 1 119
    28 216 22 49 243 152 52 230 10 248 105 141 209 74 179 130 161 246
    236 217 151 25 21 84 101 69 106 225 52 117 205 197 109</data></test_img>
<my_img type_id="opencv-matrix">
  <rows>10</rows>
  <cols>20</cols>
  <dt>"3u"</dt>
  <data>
    214 255 255 255 255 255 103 255 255 255 255 255 137 255 255 255 131
    52 255 74 255 194 255 255 106 255 255 255 255 255 255 255 255 255
    255 255 21 255 190 255 255 255 255 222 44 255 239 255 255 255 54 195
    57 255 255 255 255 255 255 255 255 225 255 255 255 255 255 255 255
    255 135 255 255 255 255 255 255 255 153 255 255 255 255 98 255 255
    162 255 255 255 255 255 255 255 187 255 99 255 255 255 255 255 234
    255 25 0 139 255 255 255 255 255 255 255 255 255 58 255 117 255 255
    255 255 255 36 104 255 255 255 255 255 255 255 69 255 255 236 255 0
    255 74 63 255 113 255 136 255 255 225 255 225 100 255 22 255 120 255
    255 255 255 255 255 255 255 255 255 254 255 255 255 232 255 255 255
    61 255 255 255 255 137 255 74 255 255 255 255 255 255 255 255 86 255
    255 255 57 223 255 255 230 255 255 255 255 213 102 255 255 255 255
    255 255 255 255 255 255 255 132 255 255 17 255 255 166 255 93 255
    255 166 255 255 197 255 255 255 255 222 255 175 255 79 255 255 255
    255 255 255 255 37 161 255 255 255 255 101 255 255 206 255 107 255
    255 255 122 174 70 255 114 255 255 29 255 255 194 255 255 91 255 145
    255 255 255 255 255 255 255 255 190 255 255 133 255 69 71 255 255
    183 255 255 255 226 255 255 255 255 137 255 255 255 255 255 255 112
    255 108 255 255 148 255 255 18 255 255 255 12 255 255 255 255 255 73
    80 255 254 255 255 255 64 255 70 248 255 255 103 255 255 255 255 255
    255 249 255 255 163 255 255 165 255 204 167 255 96 255 255 255 255
    255 255 255 219 255 255 255 230 120 255 255 255 255 255 93 255 59
    255 255 22 255 192 255 255 255 36 255 255 255 215 104 255 255 224
    141 255 255 23 255 255 255 149 255 255 255 255 255 182 247 255 155
    255 255 66 255 255 255 230 255 255 255 255 255 255 175 255 219 255
    255 139 255 255 71 255 255 255 255 102 198 255 255 255 143 255 255
    255 255 255 255 255 255 255 255 255 255 255 10 255 255 182 131 131
    255 255 247 255 215 255 255 255 48 119 255 255 103 159 255 255 255
    255 66 255 255 255 255 43 255 255 255 255 3 255 123 130 255 255 255
    255 255 255 255 182 255 185 214 36 255 255 255 82 255 196 189 255
    255 255 255 255 43 255 255 255 255 114 255 255 255 148 255 14 255
    255 255 255 255 255 86 255 255 255 255 255 255 255 255 255 255 203
    103 255 255 255 255 255 255 255 64 255 255 37 5 255 82 255 65 132
    255 255 146 255 28 255 255 255 255 222 255 255 255 255 255 255 255
    150 126 255 255 255 255 255 148 255 255 255 255</data></my_img>
<your_img type_id="opencv-matrix">
  <rows>10</rows>
  <cols>20</cols>
  <dt>"3u"</dt>
  <data>
    85 255 153 255 176 250 42 255 177 123 123 255 58 248 255 255 51 20
    255 29 104 87 249 255 44 107 255 245 255 226 201 165 255 255 141 236
    8 255 74 227 196 255 255 98 19 169 93 255 133 255 26 76 22 255 126
    255 165 255 193 145 255 90 162 238 170 255 132 255 251 199 67 255
    148 255 194 142 255 114 63 255 229 255 207 49 172 255 64 243 255 228
    123 127 255 237 73 255 46 150 255 142 134 255 92 255 10 0 68 255 118
    214 255 208 214 255 255 209 26 206 46 255 139 255 110 255 14 38 231
    255 220 134 247 255 255 27 126 187 99 255 0 255 25 29 255 52 235 53
    255 255 97 213 112 51 255 9 255 50 255 202 172 255 216 126 136 239
    255 235 106 255 255 180 94 228 181 255 31 255 255 166 255 65 255 29
    202 166 255 249 212 229 255 255 34 226 255 255 22 99 151 255 108 255
    230 238 255 89 50 255 125 255 222 241 221 162 255 186 255 116 59 203
    255 7 255 205 77 255 41 102 255 64 255 130 77 255 207 192 255 89 178
    100 255 44 218 144 255 255 129 255 255 20 91 111 255 245 227 44 255
    255 83 106 41 105 255 255 49 70 29 255 44 255 207 13 255 196 77 153
    255 36 144 60 255 255 237 226 145 255 178 255 80 150 255 55 148 27
    27 255 222 89 255 255 239 92 255 155 144 142 55 255 255 232 241 255
    228 51 114 43 255 255 57 110 255 7 139 255 130 6 170 255 249 217 255
    29 34 255 108 236 174 255 26 255 26 96 133 255 40 148 255 222 255
    185 124 98 255 249 69 255 128 73 255 80 67 255 37 255 110 255 206
    151 255 239 91 244 218 255 99 51 255 208 255 198 233 37 255 23 255
    154 9 255 75 255 216 217 14 255 191 255 85 42 255 140 91 63 255 159
    9 255 148 118 60 255 223 218 255 255 81 110 126 61 255 255 27 164
    106 255 95 174 174 255 255 141 255 72 255 90 163 255 58 255 168 37
    141 255 187 255 40 76 184 255 136 59 183 255 160 255 112 255 197 153
    255 145 244 255 205 6 255 204 84 51 51 255 255 105 130 102 199 255
    255 19 50 255 177 41 68 255 149 255 142 29 255 112 241 224 19 255
    125 190 255 1 255 52 59 229 255 210 255 214 255 237 71 255 83 94 14
    255 110 255 34 240 87 81 255 241 255 153 255 18 144 255 200 158 44
    227 255 255 63 159 5 180 255 255 119 160 218 35 255 255 203 164 250
    255 202 255 229 169 84 41 255 255 211 108 206 255 188 25 186 255 19
    2 255 34 255 26 51 255 160 60 255 11 255 108 147 255 90 217 135 167
    255 255 234 163 77 64 255 243 166 255 255 59 131 255 243 136</data></your_img>
</opencv_storage>
