<?xml version="1.0"?>
<opencv_storage>
<L2_diff>1.8110770276274835e+01</L2_diff>
<contrast>9.0023359198646857e-01</contrast>
<brightness>2.1236763546249371e-02</brightness>
<gamma>1.4941528948520830e+00</gamma>
<only_luma>1</only_luma>
<test_img type_id="opencv-matrix">
  <rows>10</rows>
  <cols>20</cols>
  <dt>"3u"</dt>
  <data>
    193 48 55 246 213 215 227 83 41 45 138 48 138 231 11 231 111 201 171
    24 131 177 148 36 107 163 56 218 23 53 29 148 67 224 184 172 131 46
    182 111 243 42 215 197 48 234 115 166 48 35 125 125 6 197 18 237 171
    161 159 197 203 79 188 217 87 241 132 94 25 251 98 197 116 183 15
    218 177 138 245 51 214 37 31 169 117 223 203 190 231 79 129 221 144
    6 168 127 3 234 93 42 179 22 232 105 141 149 0 205 253 92 145 236
    236 226 65 168 63 219 98 213 185 30 21 207 180 197 223 244 8 19 199
    168 46 83 87 193 76 89 213 91 156 74 125 235 58 173 212 41 30 200
    209 47 228 125 136 82 41 75 30 203 107 99 165 166 205 19 166 61 30
    178 117 11 15 129 96 111 219 30 179 140 29 252 153 151 231 215 161
    52 82 127 158 62 9 118 181 77 139 203 187 27 144 115 70 234 127 48
    102 198 185 29 226 66 232 71 212 8 232 211 176 119 62 58 151 137 177
    61 149 230 32 130 179 230 80 81 22 113 94 203 51 132 145 124 212 34
    154 157 130 200 234 216 64 130 180 103 240 221 17 180 45 37 73 84
    236 4 197 244 24 249 177 190 17 59 86 117 72 201 209 35 157 179 2 14
    41 93 106 238 54 74 140 113 196 44 158 215 102 17 13 103 31 146 96
    129 132 47 165 1 215 91 23 118 252 104 68 63 78 4 107 18 158 195 145
    82 63 244 114 118 229 198 12 204 69 48 110 248 65 102 16 170 71 61
    167 205 139 206 35 167 37 232 219 133 60 98 9 100 97 149 76 212 2
    209 200 58 79 33 48 181 89 21 48 41 98 7 49 19 7 227 39 194 56 118
    54 173 129 231 175 182 124 154 179 221 214 221 155 84 223 34 221 12
    58 177 231 35 116 109 10 138 233 89 31 128 138 87 107 126 151 88 93
    248 7 120 187 110 165 245 150 100 105 25 139 24 248 194 159 222 128
    114 32 166 41 236 89 120 244 176 182 151 228 207 237 145 120 246 180
    39 18 89 181 146 167 174 224 113 57 234 72 48 151 129 175 43 141 21
    133 26 241 120 92 19 133 80 83 254 234 5 165 36 46 195 61 161 160
    164 5 208 217 68 166 163 50 209 245 171 154 51 35 224 165 164 92 231
    210 14 225 114 133 7 169 51 24 57 39 223 59 174 22 104 252 40 7 240
    19 30 134 10 7 37 178 148 180 230 24 246 83 118 213 27 17 158 152
    222 59 88 105 7 119 128 106 187 68 222 176 34 17 96 212 140 124 70
    81 155 185 14 93 186 33 218 135 109 133 166 72 248 68 192 59 116 208
    45 182 188 120 164 188 118 254 28 172 177 244 213</data></test_img>
<my_img type_id="opencv-matrix">
  <rows>10</rows>
  <cols>20</cols>
  <dt>"3u"</dt>
  <data>
    157 39 45 223 193 195 198 73 36 32 97 34 122 203 10 203 98 177 132
    18 101 138 116 28 81 123 42 187 20 45 21 107 49 195 160 149 104 36
    144 100 219 38 183 168 41 207 102 147 32 24 85 102 5 162 16 211 152
    132 130 162 169 66 156 195 78 216 91 65 17 230 90 180 92 145 12 187
    152 118 222 46 194 28 24 130 101 193 176 167 203 70 111 191 124 5
    128 97 3 207 82 33 141 17 205 93 124 124 0 171 232 84 133 210 210
    201 50 128 48 188 84 183 148 24 17 174 151 165 201 220 7 16 164 138
    27 49 51 157 62 72 181 77 132 66 111 209 49 147 180 34 25 165 183 41
    200 87 95 57 23 42 17 169 89 82 138 139 171 14 126 46 24 140 92 8 10
    88 83 95 188 24 141 110 27 231 140 133 203 189 121 39 62 95 118 46 7
    93 143 64 116 169 150 22 115 102 62 207 86 33 69 163 152 24 199 58
    205 60 180 7 205 186 155 79 41 38 118 107 138 54 131 202 25 102 141
    202 70 71 14 73 61 169 42 110 123 105 180 25 114 117 115 177 207 185
    55 111 161 92 215 191 15 155 25 21 41 75 210 4 178 220 22 227 161
    173 10 35 51 97 60 166 176 29 132 141 2 11 26 59 67 212 48 66 115 92
    160 38 135 183 64 11 8 74 22 105 66 89 91 36 125 1 183 78 20 108 231
    95 39 36 45 3 68 11 129 159 118 74 57 220 100 104 201 165 10 170 44
    31 71 226 59 93 12 131 55 51 139 171 116 172 29 147 33 205 188 114
    52 61 6 62 70 108 55 180 2 177 165 48 65 26 38 143 53 13 29 25 60 4
    25 10 4 198 34 170 37 78 36 152 114 203 139 144 98 133 155 191 185
    191 134 73 193 29 191 10 50 156 203 31 76 72 7 122 206 79 22 90 97
    59 73 85 110 64 68 226 6 109 150 88 132 222 136 90 74 18 98 22 226
    176 138 192 111 87 24 126 36 210 79 108 220 159 159 132 200 184 211
    129 109 223 163 23 11 53 143 115 132 151 195 98 50 207 64 35 110 94
    136 33 110 15 92 18 216 108 83 13 92 55 76 234 215 4 125 27 38 159
    50 122 121 124 4 178 186 52 126 124 45 189 222 132 119 39 30 195 143
    144 81 203 183 12 196 79 92 5 130 39 18 49 34 193 46 135 17 95 231
    37 6 215 17 21 93 7 5 29 140 130 158 202 22 223 75 100 181 23 13 118
    113 192 51 76 70 5 79 103 85 150 59 192 152 21 10 59 180 119 105 52
    60 115 148 11 74 160 28 187 94 76 93 151 66 226 55 156 48 97 175 38
    146 151 96 132 151 95 234 26 158 160 220 192</data></my_img>
<your_img type_id="opencv-matrix">
  <rows>10</rows>
  <cols>20</cols>
  <dt>"3u"</dt>
  <data>
    157 39 43 223 193 195 198 74 36 32 97 34 119 203 10 203 98 178 132
    19 102 138 116 28 80 123 42 187 20 48 21 107 50 195 160 150 104 36
    144 98 219 38 183 169 41 207 101 147 32 24 85 104 5 162 16 211 152
    133 131 162 169 66 155 193 78 216 91 64 17 230 90 179 92 145 12 187
    153 118 222 46 193 27 24 130 101 193 175 167 203 69 112 191 125 5
    128 95 2 207 84 34 141 17 205 92 126 125 0 171 232 85 134 210 210
    201 51 128 48 188 84 185 148 26 17 174 151 166 199 220 7 15 164 139
    27 49 51 157 62 71 181 77 133 66 113 209 49 145 180 34 25 165 184 42
    200 87 95 57 23 42 17 169 88 82 137 139 171 14 126 48 24 140 93 8 10
    88 83 97 188 24 141 110 26 231 142 133 203 189 121 39 61 94 118 46 7
    93 143 64 117 169 150 22 116 100 62 207 86 32 68 163 154 24 200 59
    205 59 180 7 205 187 155 79 41 38 117 107 138 54 133 202 25 102 141
    202 71 71 14 73 61 169 42 110 123 105 180 25 114 117 115 176 207 185
    55 111 162 92 215 191 15 156 25 21 41 72 210 3 180 220 22 227 161
    172 10 35 51 95 59 166 176 30 132 141 2 11 26 59 67 212 48 65 115 92
    160 37 134 183 64 10 8 75 22 105 66 89 91 34 125 1 183 79 19 109 231
    95 39 36 45 3 68 11 129 159 118 73 57 220 100 103 201 165 10 170 44
    31 71 226 59 93 12 131 56 51 139 171 115 172 29 148 33 205 188 115
    52 60 6 62 71 108 55 180 1 180 165 48 63 26 38 143 53 12 29 25 60 4
    25 10 4 198 34 171 37 78 36 152 113 203 138 144 98 133 154 191 185
    191 134 73 193 30 191 10 53 157 203 31 76 71 7 121 206 78 22 89 97
    59 72 85 110 64 67 226 6 109 150 88 131 222 134 91 74 18 98 22 226
    178 138 192 111 85 24 126 36 210 77 108 220 160 160 133 200 184 211
    129 108 223 162 23 11 53 143 116 132 150 195 99 50 207 66 35 110 95
    136 34 109 14 92 17 216 109 82 13 92 55 76 234 213 4 125 28 37 159
    50 122 121 124 4 180 186 51 126 124 45 187 222 132 120 39 31 195 146
    146 81 203 184 12 196 77 92 5 130 41 18 50 34 193 44 135 17 95 231
    36 6 215 20 21 93 7 5 28 140 130 159 202 22 223 75 102 181 23 12 118
    114 192 51 75 69 5 79 103 85 150 59 192 152 20 10 59 180 118 105 52
    60 115 148 11 75 161 29 187 94 76 93 151 66 226 55 156 48 97 175 38
    146 151 97 132 151 95 234 26 158 160 220 192</data></your_img>
</opencv_storage>
