<?xml version="1.0"?>
<opencv_storage>
<L2_diff>1.2504399225872469e+02</L2_diff>
<contrast>8.2777818575773277e-01</contrast>
<brightness>2.9280932936481996e-01</brightness>
<gamma>1.1123420549626721e+00</gamma>
<only_luma>1</only_luma>
<test_img type_id="opencv-matrix">
  <rows>10</rows>
  <cols>20</cols>
  <dt>"3u"</dt>
  <data>
    45 60 165 151 215 144 29 117 185 171 159 119 181 218 142 1 162 48 48
    141 237 216 241 143 221 53 34 62 20 23 89 1 103 89 13 102 82 253 231
    23 129 151 219 104 74 7 48 73 54 179 212 25 181 162 113 227 36 134
    240 208 183 182 167 30 250 57 37 205 50 108 179 102 193 26 86 19 112
    48 205 237 225 90 136 62 118 243 209 103 88 42 91 8 158 219 171 146
    94 101 135 41 107 185 91 232 145 65 108 177 170 244 83 180 38 11 183
    84 234 61 193 191 174 249 50 9 195 162 220 46 69 219 30 53 238 54
    220 92 108 141 150 182 16 61 65 16 67 17 193 66 229 120 18 74 218
    157 247 121 216 175 211 157 86 132 13 218 245 208 169 31 131 19 200
    63 63 213 121 227 179 219 64 254 223 50 201 76 109 133 6 98 171 126
    117 29 29 151 80 231 127 85 59 123 16 3 141 236 93 7 85 144 138 214
    85 17 208 157 254 245 148 145 12 149 223 119 67 139 70 173 108 116
    27 19 6 42 160 168 61 24 222 141 223 115 2 182 81 59 37 61 127 238
    190 197 169 101 66 43 154 213 45 177 123 219 127 13 0 201 214 250
    231 247 33 220 171 181 99 211 179 208 201 208 244 63 99 17 177 160
    223 70 180 221 126 132 197 82 193 214 86 29 79 61 52 122 116 83 135
    218 176 84 166 124 67 176 148 127 42 23 215 54 181 214 188 21 131
    216 186 105 16 214 74 119 162 251 21 67 130 15 215 47 49 216 45 146
    43 201 240 130 166 249 157 24 82 113 207 35 101 63 223 100 87 45 168
    45 21 251 217 114 99 224 118 50 198 8 2 84 136 25 185 129 109 29 195
    126 236 56 215 230 154 232 70 167 15 80 117 66 247 2 212 144 221 27
    244 152 107 202 45 101 216 131 13 161 49 87 192 231 10 134 169 97 40
    241 227 66 157 151 102 71 102 240 15 142 3 72 45 245 4 90 228 115
    251 198 149 145 3 101 77 214 144 18 121 84 209 243 203 254 239 236
    44 172 155 149 225 149 77 54 145 173 139 24 50 136 154 75 5 12 143
    112 202 253 223 117 243 179 188 201 137 30 116 93 48 33 67 239 123
    102 92 161 148 213 1 136 205 178 251 108 130 9 6 20 65 30 118 225 20
    17 207 187 98 65 47 88 195 199 119 95 38 61 75 36 12 90 157 78 162
    58 167 159 174 80 250 246 196 59 136 207 77 26 249 230 23 81 97 99
    144 161 123 196 132 25 69 31 84 229 37 194 37 18 21 213 100 129 214
    17 150 107 69 79 5 193 213 149 117 39 170 86 36 155 135 252 92 79
    126 48 37 121 126 84 121 110 113 59 82 229</data></test_img>
<my_img type_id="opencv-matrix">
  <rows>10</rows>
  <cols>20</cols>
  <dt>"3u"</dt>
  <data>
    56 74 205 175 249 167 35 141 222 210 195 146 209 252 164 1 202 60 55
    160 255 245 255 162 255 61 39 118 38 44 131 1 152 132 19 151 92 255
    255 29 164 193 253 120 85 12 84 127 63 208 247 30 219 196 129 255 41
    152 255 236 221 219 201 34 255 64 43 240 59 131 217 124 230 31 102
    27 159 68 233 255 255 119 180 82 133 255 236 152 130 62 114 10 199
    253 197 169 124 134 179 49 129 222 104 255 165 79 131 215 192 255 94
    218 46 13 208 96 255 73 230 227 196 255 56 11 231 192 254 53 80 253
    35 61 255 61 250 120 141 184 181 220 19 113 121 30 80 20 230 75 255
    137 21 86 252 177 255 136 250 203 244 198 108 166 15 246 255 243 197
    36 154 22 236 73 73 247 139 255 205 246 72 255 255 58 231 101 145
    177 7 120 210 171 159 39 37 193 102 255 145 97 81 168 22 3 160 255
    143 11 131 167 160 248 99 20 243 176 255 255 190 186 15 171 255 137
    88 182 92 212 132 142 92 65 20 52 197 207 70 28 255 162 255 132 2
    220 98 114 71 118 144 255 216 233 200 119 84 54 195 247 52 206 142
    253 147 15 0 237 241 255 255 255 37 248 207 219 120 246 208 242 227
    235 255 94 148 25 204 184 255 81 207 255 149 156 233 95 224 248 138
    46 126 84 71 168 154 110 179 252 203 97 206 154 83 214 180 155 49 27
    249 63 210 248 225 25 157 250 215 122 19 248 86 134 182 255 28 90
    174 17 249 54 57 250 52 172 51 237 255 147 188 255 177 27 96 132 242
    52 150 94 255 115 100 56 207 56 24 255 244 131 114 255 139 59 234 13
    3 136 163 30 222 174 147 39 222 143 255 64 246 255 176 255 80 206 19
    99 132 74 255 2 247 167 250 31 255 179 126 238 52 117 250 164 16 201
    58 104 229 255 11 153 208 120 49 255 255 75 198 190 128 80 116 255
    20 185 4 81 51 255 5 103 255 129 255 223 191 186 4 117 89 248 186 23
    157 95 236 255 228 255 255 255 50 196 178 171 255 191 99 69 177 212
    170 32 66 180 195 95 6 16 186 145 227 255 250 132 255 202 221 237
    161 42 163 130 88 60 122 255 140 116 115 201 185 247 1 158 230 200
    255 145 174 12 11 37 121 34 135 255 23 20 242 224 117 78 56 104 231
    235 140 112 65 105 129 56 19 141 196 97 202 72 206 197 196 90 255
    255 221 67 159 242 90 29 255 255 35 123 147 124 180 201 146 232 156
    45 124 56 96 255 42 230 44 21 24 247 116 150 248 20 192 137 88 94 6
    230 247 173 136 48 209 106 46 196 171 255 103 89 171 65 50 164 171
    114 167 152 156 67 94 255</data></my_img>
<your_img type_id="opencv-matrix">
  <rows>10</rows>
  <cols>20</cols>
  <dt>"3u"</dt>
  <data>
    56 76 205 175 249 167 35 141 222 210 195 146 208 252 164 2 202 62 52
    154 255 227 255 151 255 61 39 118 38 43 132 1 152 133 19 151 83 255
    232 30 166 193 253 119 85 12 85 127 63 210 247 30 219 194 126 255 40
    142 255 221 221 220 202 31 255 61 43 240 56 130 217 123 230 31 104
    27 159 66 221 255 243 118 180 82 124 255 220 152 131 62 117 10 199
    253 197 169 125 134 179 50 130 222 100 255 162 79 134 215 177 255 87
    218 48 14 201 92 255 73 230 230 180 255 51 11 231 194 254 53 80 253
    35 64 255 58 235 120 141 184 180 220 19 115 121 30 83 20 230 73 255
    134 21 82 252 164 255 125 250 203 244 198 109 165 14 231 255 243 195
    36 158 22 236 73 73 247 136 255 199 217 64 255 255 57 229 101 144
    177 7 122 210 171 158 40 37 193 105 255 142 94 80 168 22 3 154 255
    143 11 130 165 159 248 102 20 243 158 255 245 190 184 16 172 255 136
    88 182 91 212 132 143 92 66 21 52 197 207 73 28 255 160 255 131 3
    220 97 113 72 118 136 255 203 233 199 120 82 54 195 247 52 202 142
    253 146 16 0 237 218 255 235 255 34 226 206 219 119 246 208 242 210
    218 255 95 148 26 202 183 255 81 209 255 149 157 233 95 223 248 138
    47 126 85 72 168 154 110 179 252 205 97 206 153 83 214 180 154 49 26
    249 62 211 248 225 25 158 250 216 122 18 248 87 121 166 255 28 91
    174 18 249 56 59 250 52 175 51 237 255 138 177 255 163 25 96 130 242
    52 150 94 255 115 99 55 207 55 21 255 224 132 113 255 141 59 234 12
    3 136 164 30 222 174 147 39 211 136 255 62 236 255 172 255 77 206 19
    100 118 68 255 2 247 165 232 28 255 178 126 238 52 118 250 164 17
    201 58 104 229 255 11 149 208 118 49 255 243 70 198 191 129 75 111
    255 22 185 4 75 47 255 4 104 255 117 255 200 191 185 4 116 89 248
    186 23 153 88 222 255 204 255 240 255 48 186 175 169 255 191 97 69
    177 212 170 32 66 180 195 94 6 15 186 146 204 255 224 123 255 189
    222 237 162 42 163 131 87 60 122 255 133 109 115 201 184 247 1 157
    208 181 255 147 174 12 11 37 121 34 137 255 20 20 242 224 117 78 55
    102 231 235 141 112 65 106 129 55 19 141 195 97 202 72 206 197 180
    82 255 255 203 61 161 242 90 27 255 232 35 125 147 124 180 201 146
    232 157 45 124 55 91 255 41 230 42 22 24 247 113 149 248 19 192 137
    88 96 6 230 247 173 136 48 209 107 45 196 171 255 92 80 171 66 50
    163 171 114 167 152 156 66 91 255</data></your_img>
</opencv_storage>
