<?xml version="1.0"?>
<opencv_storage>
<L2_diff>1.</L2_diff>
<contrast>4.5532188856337585e-01</contrast>
<brightness>-4.4992250592809602e-01</brightness>
<gamma>8.9287958548633473e-01</gamma>
<only_luma>1</only_luma>
<test_img type_id="opencv-matrix">
  <rows>10</rows>
  <cols>20</cols>
  <dt>"3u"</dt>
  <data>
    106 42 100 43 8 193 77 190 177 31 215 121 220 252 79 114 205 37 253
    242 172 228 46 180 245 86 157 195 41 173 246 60 54 20 60 171 31 169
    150 228 48 165 87 212 67 208 108 177 152 207 52 122 13 241 5 109 118
    89 56 201 231 109 7 44 228 241 137 1 66 156 223 147 111 194 27 81
    149 107 248 90 242 177 57 207 137 218 130 106 94 189 61 81 44 120 10
    28 202 81 137 196 205 66 203 94 65 186 214 211 64 116 174 196 30 99
    77 76 169 102 132 27 89 120 67 246 71 133 149 28 201 227 213 103 195
    110 139 218 206 79 130 86 38 105 141 80 17 32 58 137 114 242 45 12
    182 201 134 139 173 82 207 86 7 136 161 101 79 202 196 17 1 211 242
    176 19 192 185 174 122 15 78 166 173 131 58 233 107 92 179 179 221
    93 122 172 23 208 62 136 239 144 13 84 97 241 214 13 148 233 195 128
    110 206 78 240 248 231 169 128 231 4 11 120 87 205 110 107 78 15 244
    3 87 223 208 203 191 251 83 246 159 126 209 84 248 92 72 80 179 72
    236 72 109 139 91 111 80 45 214 222 121 246 5 106 203 251 28 124 103
    54 135 55 82 171 36 132 63 253 89 103 169 8 225 164 133 82 140 104 5
    210 24 64 31 254 54 144 68 91 59 179 197 38 111 21 14 34 238 79 204
    156 230 166 206 119 106 135 248 143 117 148 101 46 184 172 51 205
    158 149 77 250 189 101 167 120 38 119 248 163 251 220 121 119 104
    231 215 191 188 224 69 103 236 246 252 3 12 67 41 176 13 146 18 231
    90 68 191 81 40 227 69 79 3 3 219 144 131 74 91 194 133 47 50 169 44
    151 4 209 134 11 19 166 172 105 135 138 109 110 24 27 54 244 5 235
    36 241 254 69 45 220 121 68 179 188 32 22 10 126 73 140 100 45 65
    209 170 157 66 5 140 243 104 158 83 247 250 165 187 8 221 213 75 85
    160 65 164 195 175 45 236 205 67 93 80 241 132 213 99 179 228 244
    147 75 135 157 148 178 87 22 188 199 148 145 5 60 115 236 12 124 19
    99 182 18 71 13 104 193 215 243 54 116 156 110 91 211 92 62 92 188
    69 131 59 28 221 147 170 103 158 123 64 72 9 245 106 35 238 191 34
    44 177 6 85 75 78 149 81 110 198 73 239 115 34 196 182 22 161 211
    221 216 131 184 125 236 243 135 93 196 124 131 100 79 244 114 230
    134 8 27 55 84 254 131 24 28 137 245 34 35 78 129 11 97 241 122 190
    126 31 149 199 94 41 20 121 3 140 152 52 11 254 161 237 138 176 128
    232 66 14 210 180 49 54 121 130 37 223 34 192 30</data></test_img>
<my_img type_id="opencv-matrix">
  <rows>10</rows>
  <cols>20</cols>
  <dt>"3u"</dt>
  <data>
    0 0 0 0 0 0 0 0 0 0 0 0 0 0 0 0 0 0 1 1 0 0 0 0 0 0 0 0 0 0 0 0 0 0
    0 0 0 0 0 0 0 0 0 0 0 0 0 0 0 0 0 0 0 0 0 0 0 0 0 0 0 0 0 0 0 0 0 0
    0 0 0 0 0 0 0 0 0 0 0 0 0 0 0 0 0 0 0 0 0 0 0 0 0 0 0 0 0 0 0 0 0 0
    0 0 0 0 0 0 0 0 0 0 0 0 0 0 0 0 0 0 0 0 0 0 0 0 0 0 0 0 0 0 0 0 0 0
    0 0 0 0 0 0 0 0 0 0 0 0 0 0 0 0 0 0 0 0 0 0 0 0 0 0 0 0 0 0 0 0 0 0
    0 0 0 0 0 0 0 0 0 0 0 0 0 0 0 0 0 0 0 0 0 0 0 0 0 0 0 0 0 0 0 0 0 0
    0 0 0 0 0 0 0 0 0 0 0 0 0 0 0 0 0 0 0 0 0 0 0 0 0 0 0 0 0 0 0 0 0 0
    0 0 0 0 0 0 0 0 0 0 0 0 0 0 0 0 0 0 0 0 0 0 0 0 0 0 0 0 0 0 0 0 0 0
    0 1 0 0 0 0 0 0 0 0 0 0 0 0 0 0 0 1 0 0 0 0 0 0 0 0 0 0 0 0 0 0 0 0
    0 0 0 0 0 0 0 0 0 0 0 0 0 0 0 0 0 0 0 0 0 0 0 0 0 0 0 0 0 0 0 0 0 0
    0 0 0 0 0 0 0 0 0 0 0 0 0 0 0 0 0 0 0 0 0 0 0 0 0 0 0 0 0 0 0 0 0 0
    0 0 0 0 0 0 0 0 0 0 0 0 0 0 0 0 0 0 0 0 0 0 0 0 0 1 1 0 0 0 0 0 0 0
    0 0 0 0 0 0 0 0 0 0 0 0 0 0 0 0 0 0 0 0 0 0 0 0 0 0 0 0 0 0 0 0 0 0
    0 0 0 0 0 0 0 0 0 0 0 0 0 0 0 0 0 0 0 0 0 0 0 0 0 0 0 0 0 0 0 0 0 0
    0 0 0 0 0 0 0 0 0 0 0 0 0 0 0 0 0 0 0 0 0 0 0 0 0 0 0 0 0 0 0 0 0 0
    0 0 0 0 0 0 0 0 0 0 0 0 0 0 0 0 0 0 0 0 0 0 0 0 0 0 0 0 0 0 0 0 0 0
    0 0 0 0 0 0 0 0 1 1 0 0 0 0 0 0 0 0 0 0 0 0 0 0 0 0 0 0 0 0 0 0 0 0
    0 0 1 1 0 0 0 0 0 0 0 0 0 0 0 0 0 0 0 0 0 0</data></my_img>
<your_img type_id="opencv-matrix">
  <rows>10</rows>
  <cols>20</cols>
  <dt>"3u"</dt>
  <data>
    0 0 0 0 0 0 0 0 0 0 0 0 0 0 0 0 0 0 1 1 1 0 0 0 0 0 0 0 0 0 0 0 0 0
    0 0 0 0 0 0 0 0 0 0 0 0 0 0 0 0 0 0 0 0 0 0 0 0 0 0 0 0 0 0 0 0 0 0
    0 0 0 0 0 0 0 0 0 0 0 0 0 0 0 0 0 0 0 0 0 0 0 0 0 0 0 0 0 0 0 0 0 0
    0 0 0 0 0 0 0 0 0 0 0 0 0 0 0 0 0 0 0 0 0 0 0 0 0 0 0 0 0 0 0 0 0 0
    0 0 0 0 0 0 0 0 0 0 0 0 0 0 0 0 0 0 0 0 0 0 0 0 0 0 0 0 0 0 0 0 0 0
    0 0 0 0 0 0 0 0 0 0 0 0 0 0 0 0 0 0 0 0 0 0 0 0 0 0 0 0 0 0 0 0 0 0
    0 0 0 0 0 0 0 0 0 0 0 0 0 0 0 0 0 0 0 0 0 0 0 0 0 0 0 0 0 0 0 0 0 0
    0 0 0 0 0 0 0 0 0 0 0 0 0 0 0 0 0 0 0 0 0 0 0 0 0 0 0 0 0 0 0 0 0 0
    0 1 0 0 0 0 0 0 0 0 0 0 0 0 0 0 0 1 0 0 0 0 0 0 0 0 0 0 0 0 0 0 0 0
    0 0 0 0 0 0 0 0 0 0 0 0 0 0 0 0 0 0 0 0 0 0 0 0 0 0 0 0 0 0 0 0 0 0
    0 0 0 0 0 0 0 0 0 0 0 0 0 0 0 0 0 0 0 0 0 0 0 0 0 0 0 0 0 0 0 0 0 0
    0 0 0 0 0 0 0 0 0 0 0 0 0 0 0 0 0 0 0 0 0 0 0 0 0 1 1 0 0 0 0 0 0 0
    0 0 0 0 0 0 0 0 0 0 0 0 0 0 0 0 0 0 0 0 0 0 0 0 0 0 0 0 0 0 0 0 0 0
    0 0 0 0 0 0 0 0 0 0 0 0 0 0 0 0 0 0 0 0 0 0 0 0 0 0 0 0 0 0 0 0 0 0
    0 0 0 0 0 0 0 0 0 0 0 0 0 0 0 0 0 0 0 0 0 0 0 0 0 0 0 0 0 0 0 0 0 0
    0 0 0 0 0 0 0 0 0 0 0 0 0 0 0 0 0 0 0 0 0 0 0 0 0 0 0 0 0 0 0 0 0 0
    0 0 0 0 0 0 0 0 1 1 0 0 0 0 0 0 0 0 0 0 0 0 0 0 0 0 0 0 0 0 0 0 0 0
    0 0 1 1 0 0 0 0 0 0 0 0 0 0 0 0 0 0 0 0 0 0</data></your_img>
</opencv_storage>
