<?xml version="1.0"?>
<opencv_storage>
<L2_diff>1.3779720606746714e+03</L2_diff>
<contrast>2.1570300135903477e+00</contrast>
<brightness>4.8104796897671531e-01</brightness>
<gamma>1.2454690996008495e+00</gamma>
<only_luma>1</only_luma>
<test_img type_id="opencv-matrix">
  <rows>10</rows>
  <cols>20</cols>
  <dt>"3u"</dt>
  <data>
    49 51 131 39 93 214 55 125 50 236 0 39 229 26 61 125 153 229 84 86 4
    44 211 248 233 245 149 184 55 190 251 223 103 243 39 254 11 60 0 63
    195 221 57 244 4 167 114 115 221 150 203 128 145 88 159 210 38 124
    253 57 75 22 7 168 68 195 141 206 192 215 84 28 20 35 3 96 246 241
    179 213 229 164 184 131 222 202 222 82 109 73 164 237 222 5 111 78
    75 195 114 105 98 97 194 170 37 235 99 90 44 101 208 217 18 125 7
    107 50 198 210 156 33 244 247 88 173 191 190 144 111 88 107 67 171
    101 134 225 135 29 137 116 5 21 170 197 207 68 117 140 27 176 37 104
    132 138 121 107 83 184 222 29 236 194 53 195 188 81 69 154 190 17
    246 50 76 250 25 86 11 251 191 228 225 170 237 126 91 249 41 167 96
    79 58 156 174 2 96 67 23 128 254 62 193 78 86 184 127 6 45 190 65
    214 183 94 68 88 180 55 176 175 45 143 89 38 214 29 223 198 27 185
    53 21 53 53 241 38 88 170 14 135 142 231 5 65 176 173 130 64 28 163
    110 158 205 169 91 210 43 254 175 183 60 72 61 208 60 141 45 208 68
    140 68 186 64 170 179 99 53 117 26 3 155 168 9 94 79 33 238 82 152
    179 64 213 49 130 146 38 90 166 179 180 137 77 127 66 191 43 98 66
    65 95 65 40 175 107 201 186 52 40 8 195 138 193 185 200 97 24 77 146
    71 115 138 59 176 231 239 190 77 197 40 77 174 3 75 21 55 248 39 30
    58 56 10 90 70 203 114 129 122 33 52 85 57 235 244 53 106 114 120
    129 15 127 10 163 72 52 233 75 242 11 165 119 220 65 69 186 215 96 7
    195 234 23 130 143 207 79 196 250 228 109 148 221 74 143 24 248 0 99
    137 0 14 249 207 242 186 161 232 156 122 66 90 218 14 41 53 102 100
    17 216 209 185 195 110 28 234 118 132 7 160 57 192 14 112 209 101
    211 198 17 181 220 53 124 42 150 161 226 159 155 43 199 225 110 124
    5 98 88 87 103 56 144 68 201 115 97 251 187 211 114 225 183 0 189 60
    215 182 163 200 223 42 43 136 106 56 106 100 129 4 203 79 224 12 152
    80 225 140 92 132 24 51 122 125 236 183 241 192 103 14 102 230 220
    111 138 193 7 188 78 79 9 4 208 18 94 122 197 20 232 50 35 19 109 70
    102 75 33 98 208 86 94 33 171 47 203 149 12 57 10 103 131 149 178
    163 111 56 45 246 62 36 208 167 249 2 117 47 143 178 248 19 93 90 79
    60 92 176 72 12 220 147 216 189 150 12 185 14 164 39 180 223 174 13
    15 25 198 109 49</data></test_img>
<my_img type_id="opencv-matrix">
  <rows>10</rows>
  <cols>20</cols>
  <dt>"3u"</dt>
  <data>
    136 141 255 103 245 255 154 255 140 255 0 103 255 69 161 255 255 255
    255 255 12 116 255 255 255 255 255 255 146 255 255 255 255 255 103
    255 39 213 0 166 255 255 150 255 11 255 255 255 255 255 255 255 255
    240 255 255 100 255 255 150 242 71 23 255 180 255 255 255 255 255
    222 74 97 169 14 253 255 255 255 255 255 255 255 255 255 255 255 236
    255 210 255 255 255 14 255 223 199 255 255 255 255 255 255 255 98
    255 255 237 116 255 255 255 47 255 20 255 144 255 255 255 87 255 255
    233 255 255 255 255 255 254 255 194 255 255 255 255 255 76 255 255
    14 56 255 255 255 180 255 255 72 255 102 255 255 255 255 255 219 255
    255 76 255 255 140 255 255 219 186 255 255 45 255 132 200 255 77 255
    34 255 255 255 255 255 255 255 240 255 110 255 255 213 156 255 255 5
    255 186 64 255 255 164 255 207 229 255 255 17 125 255 172 255 255
    250 181 234 255 146 255 255 120 255 243 104 255 76 255 255 71 255
    200 79 200 140 255 100 235 255 37 255 255 255 13 173 255 255 255 171
    75 255 255 255 255 255 240 255 114 255 255 255 197 237 200 255 158
    255 119 255 180 255 181 255 170 255 255 255 150 255 70 8 255 255 24
    252 208 87 255 218 255 255 169 255 129 255 255 103 240 255 255 255
    255 205 255 175 255 127 255 195 194 255 194 107 255 255 255 255 138
    106 21 255 255 255 255 255 255 63 210 255 193 255 255 162 255 255
    255 255 204 255 107 206 255 10 242 68 145 255 103 108 210 202 30 255
    212 255 255 255 255 93 146 224 150 255 255 140 255 255 255 255 42
    255 28 255 193 140 255 198 255 30 255 255 255 171 182 255 255 253 18
    255 255 63 255 255 255 209 255 255 255 255 255 255 195 255 63 255 0
    255 255 0 37 255 255 255 255 255 255 255 255 185 252 255 37 108 155
    255 255 45 255 255 255 255 255 74 255 255 255 19 255 151 255 37 255
    255 255 255 255 45 255 255 140 255 114 255 255 255 255 255 114 255
    255 255 255 15 255 255 254 255 163 255 180 255 255 255 255 255 255
    255 255 255 0 255 158 255 255 255 255 255 111 113 255 255 154 255
    255 255 11 255 209 255 32 255 211 255 255 254 255 66 142 255 255 255
    255 255 255 255 37 255 255 255 255 255 255 19 255 207 250 29 13 255
    48 248 255 255 53 255 132 92 55 255 201 255 219 97 255 255 227 251
    88 255 124 255 255 44 208 36 255 255 255 255 255 255 148 119 255 164
    95 255 255 255 5 255 128 255 255 255 50 255 255 237 160 245 255 190
    32 255 255 255 255 255 32 255 38 255 105 255 255 255 80 92 153 255
    255 130</data></my_img>
<your_img type_id="opencv-matrix">
  <rows>10</rows>
  <cols>20</cols>
  <dt>"3u"</dt>
  <data>
    95 100 255 46 109 255 112 255 102 255 0 43 255 29 67 139 170 255 247
    255 12 45 220 255 242 255 155 249 74 255 255 225 105 241 39 255 43
    213 0 73 225 255 63 255 4 255 174 177 255 173 233 225 255 155 192
    255 46 123 255 57 242 74 23 222 89 255 175 255 239 255 100 33 97 169
    15 100 255 250 199 236 255 228 255 182 255 232 255 191 255 171 176
    255 239 11 255 182 98 255 150 255 239 236 255 221 49 255 108 98 54
    121 255 255 21 146 17 255 120 240 255 189 34 255 255 117 232 255 255
    195 149 211 255 160 255 151 200 255 151 33 255 214 9 27 217 255 255
    84 147 205 39 255 71 200 255 255 225 198 95 212 255 31 255 210 69
    255 249 133 114 255 200 18 255 51 78 255 77 255 33 255 194 233 243
    183 255 131 93 255 63 255 146 127 95 255 255 3 137 137 46 255 255 62
    191 108 118 255 255 12 93 225 77 255 255 132 95 125 255 78 255 255
    65 255 161 68 248 33 255 255 35 240 200 79 200 54 255 40 130 255 21
    149 156 255 7 98 255 255 191 94 44 255 171 197 255 211 113 255 52
    255 176 184 197 237 200 255 74 171 55 255 82 190 93 255 91 244 255
    218 116 255 47 5 255 255 14 143 86 35 255 117 218 255 79 255 59 230
    255 66 128 238 255 255 192 109 171 88 255 112 255 174 174 255 174 58
    255 156 255 236 66 51 10 255 182 255 245 255 121 31 133 255 124 211
    255 109 188 246 255 245 100 255 59 111 255 9 242 64 54 255 40 109
    210 203 28 255 194 255 143 162 255 69 106 94 62 255 255 55 108 225
    237 255 28 255 20 255 110 81 243 79 255 17 255 184 255 75 81 222 255
    114 8 214 255 41 234 255 255 97 239 255 231 111 170 255 85 148 25
    255 0 187 255 0 17 255 218 255 196 177 255 171 255 138 189 255 16 48
    132 255 251 20 255 247 240 255 144 30 255 127 214 11 255 74 255 19
    136 255 123 255 239 21 210 255 61 212 71 255 182 255 179 202 55 255
    255 125 142 13 255 231 216 255 139 182 86 255 120 99 255 228 255 138
    255 204 0 224 71 255 231 208 255 255 48 48 255 200 105 209 198 255 5
    255 97 255 14 175 91 255 157 178 255 46 104 250 255 249 194 255 255
    137 19 113 255 246 147 183 255 9 255 107 250 29 13 255 22 115 156
    255 26 255 52 38 44 255 164 255 186 82 120 255 105 138 49 255 59 255
    190 42 208 37 176 223 255 255 233 159 61 47 255 79 44 255 171 255 2
    209 84 255 185 255 20 255 247 217 87 132 255 86 14 255 174 255 223
    207 17 255 22 255 61 206 255 199 80 92 153 255 140 63</data></your_img>
</opencv_storage>
