<?xml version="1.0"?>
<opencv_storage>
<L2_diff>3.1222620005374310e+03</L2_diff>
<hue>60</hue>
<sensitivity>10</sensitivity>
<test_foreg type_id="opencv-matrix">
  <rows>30</rows>
  <cols>20</cols>
  <dt>"3u"</dt>
  <data>
    38 86 210 119 188 43 181 137 235 215 114 200 104 235 90 142 11 77
    143 41 238 150 36 50 71 12 171 248 99 204 134 218 14 139 206 207 67
    138 50 154 141 218 113 73 139 52 49 220 149 73 171 126 4 175 86 121
    153 174 226 175 204 1 177 45 241 27 95 248 100 20 35 0 120 26 183
    103 33 117 13 160 29 102 132 164 213 222 0 117 121 18 41 182 19 84
    252 52 56 134 176 111 59 118 246 27 251 24 45 20 208 185 78 163 58
    97 175 32 211 237 21 213 60 225 114 220 145 1 253 101 107 2 242 131
    107 211 158 97 32 193 62 107 234 243 172 90 42 94 170 139 147 235 85
    139 236 172 17 148 123 193 193 83 245 232 62 136 23 73 15 164 196
    109 164 26 178 131 50 35 16 222 138 219 64 131 94 143 187 195 23 72
    46 5 171 223 38 221 233 251 30 100 231 92 108 113 108 196 24 92 196
    127 126 145 170 149 228 68 213 40 187 40 55 119 83 159 133 82 101 70
    221 246 25 176 190 177 33 8 23 45 148 209 134 79 197 229 117 93 171
    116 15 239 112 10 111 9 176 226 193 72 247 210 178 36 29 154 232 15
    182 142 104 187 205 58 125 63 126 68 208 174 68 112 50 135 228 185
    163 243 97 197 126 247 107 40 106 40 87 12 28 44 81 249 119 10 22 40
    207 203 245 227 40 74 59 204 174 236 228 196 61 138 86 205 45 131
    200 88 106 52 193 169 233 68 255 68 25 255 146 187 63 2 116 110 84
    76 204 120 189 50 71 77 86 229 13 151 238 82 85 81 83 36 116 183 11
    80 225 187 44 81 92 133 101 250 3 57 229 74 42 188 141 116 66 50 68
    164 213 166 93 137 87 160 226 154 53 165 121 243 23 216 224 35 19
    119 28 188 75 179 160 51 16 41 124 167 214 64 187 91 125 10 119 230
    67 221 107 15 60 240 192 139 52 230 40 96 78 157 240 32 83 189 172
    249 150 190 84 173 94 157 10 180 55 131 124 149 221 65 187 62 57 172
    33 188 98 181 198 53 189 47 117 59 206 196 178 175 34 153 113 55 243
    208 102 98 63 233 98 164 64 113 253 121 101 178 218 68 57 193 174
    120 129 128 88 83 235 20 237 135 177 17 1 29 28 120 64 226 183 188
    251 143 230 157 63 142 117 162 197 95 57 113 71 8 76 163 121 101 112
    7 162 216 194 144 43 214 119 72 127 152 118 21 247 26 34 137 222 198
    91 139 61 157 26 117 137 37 255 46 136 57 193 231 165 166 214 220 99
    227 43 94 145 202 41 90 46 210 248 91 51 207 192 113 107 162 101 192
    92 172 107 224 97 104 18 173 21 119 148 98 109 117 217 145 75 249 82
    168 160 132 137 56 75 29 67 170 32 94 59 175 3 58 179 156 180 83 25
    71 246 77 156 35 112 81 189 154 36 187 251 238 192 242 29 51 51 197
    10 57 78 24 205 133 205 171 235 76 202 205 215 133 20 130 80 78 7 4
    41 22 102 63 211 203 141 36 92 39 196 17 22 136 248 127 34 63 250
    250 212 16 167 137 31 54 149 115 226 7 223 22 178 223 117 117 83 76
    24 191 101 90 203 126 203 113 16 104 153 87 143 144 133 73 10 64 66
    246 190 246 27 247 8 69 18 47 212 16 1 148 221 254 93 227 116 25 36
    155 134 53 72 133 204 75 240 179 39 206 37 189 179 121 73 52 47 111
    103 135 11 165 78 97 250 109 232 255 166 65 126 128 58 74 84 200 165
    116 223 92 153 159 180 89 230 222 124 51 192 215 170 78 21 101 73
    110 78 13 105 53 179 23 100 247 101 36 235 207 62 179 3 203 252 64
    87 82 240 215 107 216 168 41 161 28 5 168 157 67 74 182 32 233 157
    53 141 143 247 56 244 98 224 21 143 39 82 146 33 163 233 213 111 243
    56 96 159 188 29 8 72 218 138 161 255 47 109 129 22 0 59 188 76 85
    66 254 100 124 207 233 58 191 96 210 73 203 187 195 77 252 235 207
    225 5 139 206 184 85 179 8 1 83 185 209 148 131 5 74 239 213 228 146
    204 115 68 177 92 120 26 19 51 124 30 102 127 242 75 210 73 103 6
    174 209 232 21 53 32 54 20 248 184 219 18 7 146 190 141 212 239 236
    5 123 16 160 202 189 53 164 12 33 108 50 21 167 49 42 244 225 157
    128 239 187 130 56 215 143 82 8 127 103 143 37 216 50 243 116 133
    189 189 133 139 100 215 134 118 155 49 120 47 193 218 245 37 138 95
    186 138 127 171 255 213 12 182 22 254 80 107 194 241 95 11 45 128 12
    99 226 43 30 245 215 255 132 46 56 15 189 107 195 156 41 126 145 92
    182 233 147 61 242 96 182 200 21 233 225 229 68 154 195 206 252 23
    244 109 107 19 84 128 6 212 191 96 98 211 103 112 221 241 188 221
    114 83 77 197 10 74 94 108 151 133 26 90 193 201 241 87 87 133 86
    230 95 220 162 226 73 50 83 248 24 21 111 211 50 48 53 153 134 46 13
    167 73 25 13 119 203 89 63 74 181 45 154 154 95 137 61 137 190 190
    211 148 189 133 224 56 218 74 82 158 85 209 246 212 85 248 9 58 62
    104 219 98 231 19 108 165 63 35 161 79 86 102 215 193 247 18 95 171
    201 236 205 36 236 131 66 182 133 5 98 18 224 54 111 132 85 71 132
    193 21 48 24 29 88 15 93 102 58 68 112 31 162 151 78 2 55 29 16 219
    70 30 179 68 192 26 92 11 125 211 207 231 219 163 174 155 66 210 223
    249 133 119 67 150 162 204 228 41 218 52 167 251 68 100 62 216 92
    129 250 19 190 157 37 111 30 67 154 216 61 47 37 30 42 130 198 24 56
    208 168 145 184 58 236 142 203 13 119 48 62 71 137 134 213 23 43 31
    43 154 199 153 110 29 57 233 66 33 206 149 95 230 80 146 157 132 229
    74 210 126 197 247 33 14 17 252 154 252 132 211 107 91 54 255 114 39
    236 241 32 122 4 227 44 210 223 145 245 197 253 117 177 108 55 92
    201 192 44 179 118 201 48 209 179 56 154 155 24 127 219 222 4 45 133
    180 131 31 180 89 87 154 131 129 245 96 57 142 148 23 159 112 218
    244 171 163 20 224 67 195 158 152 241 3 127 42 177 241 202 203 110
    117 41 141 56 48 185 199 195 167 140 17 44 209 8 7 165 202 20 218
    248 1 155 76 124 31 83 127 137 80 57 72 145 45 145 1 187 66 3 41 200
    243 120 114 32 46 253 36 119 177 155 35 243 96 221 177 128 103 120
    245 53 11 181 75 239 90 124 0 10 28 65 78 70 141 81 211 49 10 238
    170 152 172 55 130 133 114 20 253 121 21 23 80 156 26 102 132 144
    143 85 162 192 253 175 194 111 62 172 185 201 15 251 126 142 46 109
    91 192 99 89 75 215 141 249 103 46 240 147 10 216 171 206 175 156 45
    241 94 113 218 238 253 174 97 174 223 110 94 166 188 96 139 254 90
    40 115 103 1 110 22 168 126 219 250 171 9 166 175 113 65 145 14 153
    152 30 251 193 115 252 119 12 250 162 184 39 174 94 218 75 124 176
    123 108 166 44 39 234 220 159 216 129 19 64 124 50 39 219 56 176 180
    130 134 198 128 109 251 250 134 61 46 188 73 240 244 34 163 1 240
    166 242 9 5 199 175 208 122 61 181 252 142 137 62 17 121 111 163 58
    12 0 254 53 93 125 193 49 19 75 72 235 13 11 200 55 13 192 113 190 6
    34 1 127 244 255 90 78 232 230 189 24 186 75 202 70 67 251 243 233
    37 58 213 127 104 221 201 125 82 21 16 179 8 63 8 96 51 121 78 225
    60 57 156 190 59 63 124 236 240 210 169 185 178 248 151 59 236 9 245
    112 153 161 70 119 151 212 112 99 249 167 113 145 233 199 26 145 16
    8 188 125 4 96 28 169 226 149 38 143 64 157 19 250 147 183 36 152
    167 240 26 172 66 57 192 184 236 120 201 59 120 243 221 84 139 229
    84 138 190 191 150 179 51 118 240 21 82 216 205 5 96 138 38 150 54
    187</data></test_foreg>
<test_backg type_id="opencv-matrix">
  <rows>30</rows>
  <cols>20</cols>
  <dt>"3u"</dt>
  <data>
    128 128 128 128 128 128 128 128 128 128 128 128 128 128 128 128 128
    128 128 128 128 128 128 128 128 128 128 128 128 128 128 128 128 128
    128 128 128 128 128 128 128 128 128 128 128 128 128 128 128 128 128
    128 128 128 128 128 128 128 128 128 128 128 128 128 128 128 128 128
    128 128 128 128 128 128 128 128 128 128 128 128 128 128 128 128 128
    128 128 128 128 128 128 128 128 128 128 128 128 128 128 128 128 128
    128 128 128 128 128 128 128 128 128 128 128 128 128 128 128 128 128
    128 128 128 128 128 128 128 128 128 128 128 128 128 128 128 128 128
    128 128 128 128 128 128 128 128 128 128 128 128 128 128 128 128 128
    128 128 128 128 128 128 128 128 128 128 128 128 128 128 128 128 128
    128 128 128 128 128 128 128 128 128 128 128 128 128 128 128 128 128
    128 128 128 128 128 128 128 128 128 128 128 128 128 128 128 128 128
    128 128 128 128 128 128 128 128 128 128 128 128 128 128 128 128 128
    128 128 128 128 128 128 128 128 128 128 128 128 128 128 128 128 128
    128 128 128 128 128 128 128 128 128 128 128 128 128 128 128 128 128
    128 128 128 128 128 128 128 128 128 128 128 128 128 128 128 128 128
    128 128 128 128 128 128 128 128 128 128 128 128 128 128 128 128 128
    128 128 128 128 128 128 128 128 128 128 128 128 128 128 128 128 128
    128 128 128 128 128 128 128 128 128 128 128 128 128 128 128 128 128
    128 128 128 128 128 128 128 128 128 128 128 128 128 128 128 128 128
    128 128 128 128 128 128 128 128 128 128 128 128 128 128 128 128 128
    128 128 128 128 128 128 128 128 128 128 128 128 128 128 128 128 128
    128 128 128 128 128 128 128 128 128 128 128 128 128 128 128 128 128
    128 128 128 128 128 128 128 128 128 128 128 128 128 128 128 128 128
    128 128 128 128 128 128 128 128 128 128 128 128 128 128 128 128 128
    128 128 128 128 128 128 128 128 128 128 128 128 128 128 128 128 128
    128 128 128 128 128 128 128 128 128 128 128 128 128 128 128 128 128
    128 128 128 128 128 128 128 128 128 128 128 128 128 128 128 128 128
    128 128 128 128 128 128 128 128 128 128 128 128 128 128 128 128 128
    128 128 128 128 128 128 128 128 128 128 128 128 128 128 128 128 128
    128 128 128 128 128 128 128 128 128 128 128 128 128 128 128 128 128
    128 128 128 128 128 128 128 128 128 128 128 128 128 128 128 128 128
    128 128 128 128 128 128 128 128 128 128 128 128 128 128 128 128 128
    128 128 128 128 128 128 128 128 128 128 128 128 128 128 128 128 128
    128 128 128 128 128 128 128 128 128 128 128 128 128 128 128 128 128
    128 128 128 128 128 128 128 128 128 128 128 128 128 128 128 128 128
    128 128 128 128 128 128 128 128 128 128 128 128 128 128 128 128 128
    128 128 128 128 128 128 128 128 128 128 128 128 128 128 128 128 128
    128 128 128 128 128 128 128 128 128 128 128 128 128 128 128 128 128
    128 128 128 128 128 128 128 128 128 128 128 128 128 128 128 128 128
    128 128 128 128 128 128 128 128 128 128 128 128 128 128 128 128 128
    128 128 128 128 128 128 128 128 128 128 128 128 128 128 128 128 128
    128 128 128 128 128 128 128 128 128 128 128 128 128 128 128 128 128
    128 128 128 128 128 128 128 128 128 128 128 128 128 128 128 128 128
    128 128 128 128 128 128 128 128 128 128 128 128 128 128 128 128 128
    128 128 128 128 128 128 128 128 128 128 128 128 128 128 128 128 128
    128 128 128 128 128 128 128 128 128 128 128 128 128 128 128 128 128
    128 128 128 128 128 128 128 128 128 128 128 128 128 128 128 128 128
    128 128 128 128 128 128 128 128 128 128 128 128 128 128 128 128 128
    128 128 128 128 128 128 128 128 128 128 128 128 128 128 128 128 128
    128 128 128 128 128 128 128 128 128 128 128 128 128 128 128 128 128
    128 128 128 128 128 128 128 128 128 128 128 128 128 128 128 128 128
    128 128 128 128 128 128 128 128 128 128 128 128 128 128 128 128 128
    128 128 128 128 128 128 128 128 128 128 128 128 128 128 128 128 128
    128 128 128 128 128 128 128 128 128 128 128 128 128 128 128 128 128
    128 128 128 128 128 128 128 128 128 128 128 128 128 128 128 128 128
    128 128 128 128 128 128 128 128 128 128 128 128 128 128 128 128 128
    128 128 128 128 128 128 128 128 128 128 128 128 128 128 128 128 128
    128 128 128 128 128 128 128 128 128 128 128 128 128 128 128 128 128
    128 128 128 128 128 128 128 128 128 128 128 128 128 128 128 128 128
    128 128 128 128 128 128 128 128 128 128 128 128 128 128 128 128 128
    128 128 128 128 128 128 128 128 128 128 128 128 128 128 128 128 128
    128 128 128 128 128 128 128 128 128 128 128 128 128 128 128 128 128
    128 128 128 128 128 128 128 128 128 128 128 128 128 128 128 128 128
    128 128 128 128 128 128 128 128 128 128 128 128 128 128 128 128 128
    128 128 128 128 128 128 128 128 128 128 128 128 128 128 128 128 128
    128 128 128 128 128 128 128 128 128 128 128 128 128 128 128 128 128
    128 128 128 128 128 128 128 128 128 128 128 128 128 128 128 128 128
    128 128 128 128 128 128 128 128 128 128 128 128 128 128 128 128 128
    128 128 128 128 128 128 128 128 128 128 128 128 128 128 128 128 128
    128 128 128 128 128 128 128 128 128 128 128 128 128 128 128 128 128
    128 128 128 128 128 128 128 128 128 128 128 128 128 128 128 128 128
    128 128 128 128 128 128 128 128 128 128 128 128 128 128 128 128 128
    128 128 128 128 128 128 128 128 128 128 128 128 128 128 128 128 128
    128 128 128 128 128 128 128 128 128 128 128 128 128 128 128 128 128
    128 128 128 128 128 128 128 128 128 128 128 128 128 128 128 128 128
    128 128 128 128 128 128 128 128 128 128 128 128 128 128 128 128 128
    128 128 128 128 128 128 128 128 128 128 128 128 128 128 128 128 128
    128 128 128 128 128 128 128 128 128 128 128 128 128 128 128 128 128
    128 128 128 128 128 128 128 128 128 128 128 128 128 128 128 128 128
    128 128 128 128 128 128 128 128 128 128 128 128 128 128 128 128 128
    128 128 128 128 128 128 128 128 128 128 128 128 128 128 128 128 128
    128 128 128 128 128 128 128 128 128 128 128 128 128 128 128 128 128
    128 128 128 128 128 128 128 128 128 128 128 128 128 128 128 128 128
    128 128 128 128 128 128 128 128 128 128 128 128 128 128 128 128 128
    128 128 128 128 128 128 128 128 128 128 128 128 128 128 128 128 128
    128 128 128 128 128 128 128 128 128 128 128 128 128 128 128 128 128
    128 128 128 128 128 128 128 128 128 128 128 128 128 128 128 128 128
    128 128 128 128 128 128 128 128 128 128 128 128 128 128 128 128 128
    128 128 128 128 128 128 128 128 128 128 128 128 128 128 128 128 128
    128 128 128 128 128 128 128 128 128 128 128 128 128 128 128 128 128
    128 128 128 128 128 128 128 128 128 128 128 128 128 128 128 128 128
    128 128 128 128 128 128 128 128 128 128 128 128 128 128 128 128 128
    128 128 128 128 128 128 128 128 128 128 128 128 128 128 128 128 128
    128 128 128 128 128 128 128 128 128 128 128 128 128 128 128 128 128
    128 128 128 128 128 128 128 128 128 128 128 128 128 128 128 128 128
    128 128 128 128 128 128 128 128 128 128 128 128 128 128 128 128 128
    128 128 128 128 128 128 128 128 128 128 128 128 128 128 128 128 128
    128 128 128 128 128 128 128 128 128 128 128 128 128 128 128 128 128
    128 128 128 128 128 128 128 128 128 128 128 128 128 128 128 128 128
    128 128 128 128 128 128 128 128 128 128 128 128 128 128 128 128 128
    128 128 128 128 128 128 128 128 128 128 128 128 128 128 128 128 128
    128 128 128 128 128 128 128 128 128 128 128 128 128 128 128 128 128
    128 128 128 128 128 128 128 128 128 128 128 128 128 128 128 128 128
    128 128 128 128 128 128 128 128 128 128 128 128 128 128 128 128 128
    128 128 128 128 128 128 128 128 128 128 128 128 128 128 128</data></test_backg>
<my_img type_id="opencv-matrix">
  <rows>30</rows>
  <cols>20</cols>
  <dt>"3u"</dt>
  <data>
    38 86 210 119 188 43 181 137 235 215 114 200 128 128 128 142 11 77
    143 41 238 150 36 50 71 12 171 248 99 204 134 218 14 139 206 207 128
    128 128 154 141 218 113 73 139 52 49 220 149 73 171 126 4 175 86 121
    153 128 128 128 204 1 177 128 128 128 128 128 128 20 35 0 120 26 183
    103 33 117 128 128 128 102 132 164 213 222 0 117 121 18 128 128 128
    128 128 128 56 134 176 111 59 118 246 27 251 128 128 128 208 185 78
    163 58 97 175 32 211 237 21 213 128 128 128 220 145 1 253 101 107 2
    242 131 107 211 158 97 32 193 62 107 234 243 172 90 42 94 170 139
    147 235 85 139 236 172 17 148 123 193 193 83 245 232 128 128 128 73
    15 164 196 109 164 26 178 131 50 35 16 222 138 219 64 131 94 143 187
    195 23 72 46 5 171 223 38 221 233 251 30 100 231 92 108 113 108 196
    24 92 196 127 126 145 170 149 228 128 128 128 187 40 55 119 83 159
    133 82 101 70 221 246 25 176 190 177 33 8 23 45 148 209 134 79 197
    229 117 128 128 128 15 239 112 128 128 128 128 128 128 72 247 210
    178 36 29 154 232 15 182 142 104 187 205 58 125 63 126 68 208 174
    128 128 128 135 228 185 163 243 97 197 126 247 107 40 106 40 87 12
    28 44 81 249 119 10 22 40 207 203 245 227 40 74 59 204 174 236 228
    196 61 138 86 205 45 131 200 88 106 52 193 169 233 128 128 128 25
    255 146 187 63 2 116 110 84 128 128 128 189 50 71 77 86 229 13 151
    238 128 128 128 83 36 116 183 11 80 225 187 44 81 92 133 101 250 3
    128 128 128 42 188 141 116 66 50 68 164 213 166 93 137 87 160 226
    154 53 165 121 243 23 216 224 35 128 128 128 188 75 179 160 51 16 41
    124 167 214 64 187 91 125 10 128 128 128 221 107 15 60 240 192 139
    52 230 40 96 78 157 240 32 83 189 172 249 150 190 128 128 128 157 10
    180 55 131 124 149 221 65 187 62 57 172 33 188 98 181 198 128 128
    128 117 59 206 196 178 175 34 153 113 55 243 208 102 98 63 233 98
    164 64 113 253 121 101 178 218 68 57 193 174 120 129 128 88 128 128
    128 237 135 177 17 1 29 28 120 64 226 183 188 251 143 230 157 63 142
    117 162 197 95 57 113 71 8 76 163 121 101 112 7 162 216 194 144 43
    214 119 72 127 152 118 21 247 26 34 137 222 198 91 139 61 157 26 117
    137 128 128 128 136 57 193 231 165 166 214 220 99 227 43 94 145 202
    41 90 46 210 248 91 51 207 192 113 128 128 128 192 92 172 128 128
    128 104 18 173 21 119 148 98 109 117 217 145 75 249 82 168 160 132
    137 56 75 29 128 128 128 94 59 175 3 58 179 156 180 83 25 71 246 128
    128 128 112 81 189 154 36 187 251 238 192 242 29 51 128 128 128 57
    78 24 205 133 205 171 235 76 202 205 215 133 20 130 80 78 7 4 41 22
    102 63 211 203 141 36 92 39 196 17 22 136 248 127 34 63 250 250 212
    16 167 137 31 54 149 115 226 128 128 128 178 223 117 117 83 76 24
    191 101 128 128 128 203 113 16 128 128 128 143 144 133 73 10 64 66
    246 190 246 27 247 128 128 128 128 128 128 1 148 221 254 93 227 116
    25 36 155 134 53 72 133 204 75 240 179 128 128 128 189 179 121 73 52
    47 111 103 135 11 165 78 128 128 128 232 255 166 65 126 128 58 74 84
    200 165 116 223 92 153 159 180 89 230 222 124 51 192 215 170 78 21
    101 73 110 78 13 105 128 128 128 128 128 128 36 235 207 128 128 128
    203 252 64 87 82 240 215 107 216 168 41 161 28 5 168 157 67 74 182
    32 233 157 53 141 143 247 56 244 98 224 128 128 128 82 146 33 163
    233 213 128 128 128 96 159 188 29 8 72 218 138 161 255 47 109 129 22
    0 128 128 128 85 66 254 100 124 207 233 58 191 128 128 128 203 187
    195 77 252 235 207 225 5 139 206 184 85 179 8 1 83 185 209 148 131 5
    74 239 213 228 146 204 115 68 177 92 120 26 19 51 124 30 102 128 128
    128 210 73 103 6 174 209 232 21 53 32 54 20 248 184 219 18 7 146 190
    141 212 239 236 5 123 16 160 202 189 53 164 12 33 108 50 21 167 49
    42 244 225 157 128 239 187 130 56 215 143 82 8 127 103 143 128 128
    128 243 116 133 189 189 133 139 100 215 134 118 155 128 128 128 193
    218 245 37 138 95 186 138 127 171 255 213 128 128 128 254 80 107 194
    241 95 11 45 128 12 99 226 43 30 245 215 255 132 46 56 15 189 107
    195 156 41 126 145 92 182 233 147 61 242 96 182 200 21 233 225 229
    68 154 195 206 252 23 244 109 107 19 84 128 6 212 191 96 128 128 128
    112 221 241 188 221 114 83 77 197 10 74 94 108 151 133 26 90 193 201
    241 87 128 128 128 230 95 220 162 226 73 50 83 248 24 21 111 211 50
    48 53 153 134 46 13 167 73 25 13 128 128 128 63 74 181 45 154 154 95
    137 61 137 190 190 211 148 189 133 224 56 218 74 82 158 85 209 246
    212 85 248 9 58 62 104 219 98 231 19 108 165 63 128 128 128 86 102
    215 193 247 18 95 171 201 236 205 36 236 131 66 182 133 5 98 18 224
    54 111 132 85 71 132 193 21 48 24 29 88 15 93 102 58 68 112 31 162
    151 78 2 55 29 16 219 70 30 179 128 128 128 92 11 125 211 207 231
    219 163 174 155 66 210 223 249 133 119 67 150 162 204 228 128 128
    128 167 251 68 100 62 216 92 129 250 19 190 157 128 128 128 67 154
    216 61 47 37 30 42 130 198 24 56 208 168 145 184 58 236 142 203 13
    119 48 62 71 137 134 213 23 43 31 43 154 199 153 110 29 57 233 66 33
    206 149 95 230 80 146 157 132 229 74 210 126 197 247 33 14 17 252
    154 252 132 211 107 91 54 255 114 39 236 241 32 122 4 227 44 210 223
    145 245 197 253 117 177 108 55 92 201 192 44 179 118 201 48 209 179
    56 154 155 24 127 219 222 4 45 128 128 128 31 180 89 87 154 131 128
    128 128 57 142 148 23 159 112 218 244 171 163 20 224 67 195 158 152
    241 3 127 42 177 241 202 203 110 117 41 141 56 48 185 199 195 167
    140 17 128 128 128 7 165 202 20 218 248 1 155 76 124 31 83 127 137
    80 57 72 145 128 128 128 187 66 3 41 200 243 120 114 32 128 128 128
    119 177 155 128 128 128 221 177 128 103 120 245 53 11 181 128 128
    128 124 0 10 28 65 78 128 128 128 211 49 10 238 170 152 172 55 130
    133 114 20 253 121 21 23 80 156 26 102 132 144 143 85 162 192 253
    175 194 111 62 172 185 201 15 251 126 142 46 109 91 192 99 89 75 215
    141 249 103 46 240 147 10 216 128 128 128 156 45 241 94 113 218 238
    253 174 97 174 223 110 94 166 188 96 139 254 90 40 115 103 1 110 22
    168 126 219 250 171 9 166 175 113 65 145 14 153 152 30 251 193 115
    252 119 12 250 162 184 39 174 94 218 75 124 176 123 108 166 44 39
    234 220 159 216 129 19 64 124 50 39 219 56 176 180 130 134 198 128
    109 251 250 134 61 46 188 73 240 244 128 128 128 240 166 242 9 5 199
    175 208 122 61 181 252 142 137 62 17 121 111 163 58 12 128 128 128
    93 125 193 49 19 75 128 128 128 128 128 128 13 192 113 190 6 34 1
    127 244 255 90 78 232 230 189 128 128 128 202 70 67 251 243 233 37
    58 213 127 104 221 201 125 82 21 16 179 128 128 128 96 51 121 128
    128 128 57 156 190 59 63 124 236 240 210 169 185 178 248 151 59 236
    9 245 112 153 161 70 119 151 212 112 99 249 167 113 145 233 199 128
    128 128 8 188 125 128 128 128 128 128 128 128 128 128 157 19 250 147
    183 36 152 167 240 128 128 128 57 192 184 236 120 201 59 120 243 221
    84 139 229 84 138 190 191 150 179 51 118 240 21 82 216 205 5 96 138
    38 150 54 187</data></my_img>
<your_img type_id="opencv-matrix">
  <rows>30</rows>
  <cols>20</cols>
  <dt>"3u"</dt>
  <data>
    128 128 128 128 128 128 128 128 128 128 128 128 104 235 90 128 128
    128 128 128 128 128 128 128 128 128 128 128 128 128 128 128 128 128
    128 128 67 138 50 128 128 128 128 128 128 128 128 128 128 128 128
    128 128 128 128 128 128 174 226 175 128 128 128 45 241 27 95 248 100
    128 128 128 128 128 128 128 128 128 13 160 29 128 128 128 128 128
    128 128 128 128 41 182 19 84 252 52 128 128 128 128 128 128 128 128
    128 24 45 20 128 128 128 128 128 128 128 128 128 128 128 128 60 225
    114 128 128 128 128 128 128 128 128 128 128 128 128 128 128 128 128
    128 128 128 128 128 128 128 128 128 128 128 128 128 128 128 128 128
    128 128 128 128 128 128 62 136 23 128 128 128 128 128 128 128 128
    128 128 128 128 128 128 128 128 128 128 128 128 128 128 128 128 128
    128 128 128 128 128 128 128 128 128 128 128 128 128 128 128 128 128
    128 128 128 128 128 128 68 213 40 128 128 128 128 128 128 128 128
    128 128 128 128 128 128 128 128 128 128 128 128 128 128 128 128 128
    128 128 93 171 116 128 128 128 10 111 9 176 226 193 128 128 128 128
    128 128 128 128 128 128 128 128 128 128 128 128 128 128 128 128 128
    68 112 50 128 128 128 128 128 128 128 128 128 128 128 128 128 128
    128 128 128 128 128 128 128 128 128 128 128 128 128 128 128 128 128
    128 128 128 128 128 128 128 128 128 128 128 128 128 128 128 128 128
    68 255 68 128 128 128 128 128 128 128 128 128 76 204 120 128 128 128
    128 128 128 128 128 128 82 85 81 128 128 128 128 128 128 128 128 128
    128 128 128 128 128 128 57 229 74 128 128 128 128 128 128 128 128
    128 128 128 128 128 128 128 128 128 128 128 128 128 128 128 128 19
    119 28 128 128 128 128 128 128 128 128 128 128 128 128 128 128 128
    119 230 67 128 128 128 128 128 128 128 128 128 128 128 128 128 128
    128 128 128 128 128 128 128 84 173 94 128 128 128 128 128 128 128
    128 128 128 128 128 128 128 128 128 128 128 53 189 47 128 128 128
    128 128 128 128 128 128 128 128 128 128 128 128 128 128 128 128 128
    128 128 128 128 128 128 128 128 128 128 128 128 128 83 235 20 128
    128 128 128 128 128 128 128 128 128 128 128 128 128 128 128 128 128
    128 128 128 128 128 128 128 128 128 128 128 128 128 128 128 128 128
    128 128 128 128 128 128 128 128 128 128 128 128 128 128 128 128 128
    128 128 128 128 128 37 255 46 128 128 128 128 128 128 128 128 128
    128 128 128 128 128 128 128 128 128 128 128 128 128 128 128 107 162
    101 128 128 128 107 224 97 128 128 128 128 128 128 128 128 128 128
    128 128 128 128 128 128 128 128 128 128 128 67 170 32 128 128 128
    128 128 128 128 128 128 128 128 128 77 156 35 128 128 128 128 128
    128 128 128 128 128 128 128 51 197 10 128 128 128 128 128 128 128
    128 128 128 128 128 128 128 128 128 128 128 128 128 128 128 128 128
    128 128 128 128 128 128 128 128 128 128 128 128 128 128 128 128 128
    128 128 128 128 128 128 128 7 223 22 128 128 128 128 128 128 128 128
    128 90 203 126 128 128 128 104 153 87 128 128 128 128 128 128 128
    128 128 128 128 128 8 69 18 47 212 16 128 128 128 128 128 128 128
    128 128 128 128 128 128 128 128 128 128 128 39 206 37 128 128 128
    128 128 128 128 128 128 128 128 128 97 250 109 128 128 128 128 128
    128 128 128 128 128 128 128 128 128 128 128 128 128 128 128 128 128
    128 128 128 128 128 128 128 128 128 128 128 53 179 23 100 247 101
    128 128 128 62 179 3 128 128 128 128 128 128 128 128 128 128 128 128
    128 128 128 128 128 128 128 128 128 128 128 128 128 128 128 128 128
    128 21 143 39 128 128 128 128 128 128 111 243 56 128 128 128 128 128
    128 128 128 128 128 128 128 128 128 128 59 188 76 128 128 128 128
    128 128 128 128 128 96 210 73 128 128 128 128 128 128 128 128 128
    128 128 128 128 128 128 128 128 128 128 128 128 128 128 128 128 128
    128 128 128 128 128 128 128 128 128 128 128 128 128 127 242 75 128
    128 128 128 128 128 128 128 128 128 128 128 128 128 128 128 128 128
    128 128 128 128 128 128 128 128 128 128 128 128 128 128 128 128 128
    128 128 128 128 128 128 128 128 128 128 128 128 128 128 128 128 128
    128 128 37 216 50 128 128 128 128 128 128 128 128 128 128 128 128 49
    120 47 128 128 128 128 128 128 128 128 128 128 128 128 12 182 22 128
    128 128 128 128 128 128 128 128 128 128 128 128 128 128 128 128 128
    128 128 128 128 128 128 128 128 128 128 128 128 128 128 128 128 128
    128 128 128 128 128 128 128 128 128 128 128 128 128 128 128 128 128
    128 128 128 128 128 98 211 103 128 128 128 128 128 128 128 128 128
    128 128 128 128 128 128 128 128 128 128 128 128 87 133 86 128 128
    128 128 128 128 128 128 128 128 128 128 128 128 128 128 128 128 128
    128 128 128 128 128 119 203 89 128 128 128 128 128 128 128 128 128
    128 128 128 128 128 128 128 128 128 128 128 128 128 128 128 128 128
    128 128 128 128 128 128 128 128 128 128 128 128 128 35 161 79 128
    128 128 128 128 128 128 128 128 128 128 128 128 128 128 128 128 128
    128 128 128 128 128 128 128 128 128 128 128 128 128 128 128 128 128
    128 128 128 128 128 128 128 128 128 128 128 128 128 128 128 128 68
    192 26 128 128 128 128 128 128 128 128 128 128 128 128 128 128 128
    128 128 128 128 128 128 41 218 52 128 128 128 128 128 128 128 128
    128 128 128 128 37 111 30 128 128 128 128 128 128 128 128 128 128
    128 128 128 128 128 128 128 128 128 128 128 128 128 128 128 128 128
    128 128 128 128 128 128 128 128 128 128 128 128 128 128 128 128 128
    128 128 128 128 128 128 128 128 128 128 128 128 128 128 128 128 128
    128 128 128 128 128 128 128 128 128 128 128 128 128 128 128 128 128
    128 128 128 128 128 128 128 128 128 128 128 128 128 128 128 128 128
    128 128 128 128 128 128 128 128 128 128 133 180 131 128 128 128 128
    128 128 129 245 96 128 128 128 128 128 128 128 128 128 128 128 128
    128 128 128 128 128 128 128 128 128 128 128 128 128 128 128 128 128
    128 128 128 128 128 128 128 44 209 8 128 128 128 128 128 128 128 128
    128 128 128 128 128 128 128 128 128 128 45 145 1 128 128 128 128 128
    128 128 128 128 46 253 36 128 128 128 35 243 96 128 128 128 128 128
    128 128 128 128 75 239 90 128 128 128 128 128 128 70 141 81 128 128
    128 128 128 128 128 128 128 128 128 128 128 128 128 128 128 128 128
    128 128 128 128 128 128 128 128 128 128 128 128 128 128 128 128 128
    128 128 128 128 128 128 128 128 128 128 128 128 128 128 128 128 128
    128 171 206 175 128 128 128 128 128 128 128 128 128 128 128 128 128
    128 128 128 128 128 128 128 128 128 128 128 128 128 128 128 128 128
    128 128 128 128 128 128 128 128 128 128 128 128 128 128 128 128 128
    128 128 128 128 128 128 128 128 128 128 128 128 128 128 128 128 128
    128 128 128 128 128 128 128 128 128 128 128 128 128 128 128 128 128
    128 128 128 128 128 128 128 128 128 34 163 1 128 128 128 128 128 128
    128 128 128 128 128 128 128 128 128 128 128 128 128 128 128 0 254 53
    128 128 128 128 128 128 72 235 13 11 200 55 128 128 128 128 128 128
    128 128 128 128 128 128 128 128 128 24 186 75 128 128 128 128 128
    128 128 128 128 128 128 128 128 128 128 128 128 128 8 63 8 128 128
    128 78 225 60 128 128 128 128 128 128 128 128 128 128 128 128 128
    128 128 128 128 128 128 128 128 128 128 128 128 128 128 128 128 128
    128 128 128 26 145 16 128 128 128 4 96 28 169 226 149 38 143 64 128
    128 128 128 128 128 128 128 128 26 172 66 128 128 128 128 128 128
    128 128 128 128 128 128 128 128 128 128 128 128 128 128 128 128 128
    128 128 128 128 128 128 128 128 128 128</data></your_img>
</opencv_storage>
