<?xml version="1.0"?>
<opencv_storage>
<L2_diff>2.9549321481211714e+03</L2_diff>
<hue>60</hue>
<sensitivity>10</sensitivity>
<test_foreg type_id="opencv-matrix">
  <rows>30</rows>
  <cols>20</cols>
  <dt>"3u"</dt>
  <data>
    58 76 25 248 248 71 190 3 190 167 225 161 107 74 18 242 214 248 205
    28 155 34 174 62 243 245 66 146 30 203 79 199 127 158 225 62 122 244
    162 127 41 222 232 151 235 255 222 220 121 20 210 19 250 79 21 28
    248 57 129 72 70 197 186 109 190 234 30 38 242 191 38 177 55 121 67
    185 42 104 213 28 89 140 155 173 15 199 54 205 253 63 41 96 152 55
    158 83 72 185 85 191 244 14 206 73 36 93 107 89 40 116 164 22 207 39
    230 39 216 134 72 250 19 164 211 104 12 253 24 172 14 130 112 174
    106 80 5 139 78 81 140 159 10 233 237 151 105 104 151 148 47 199 117
    88 187 108 73 29 121 144 183 201 117 209 55 192 189 51 149 191 101
    199 190 188 231 210 50 202 40 31 108 243 155 252 48 129 5 211 203 59
    242 158 19 108 44 14 198 150 86 86 217 0 41 212 63 54 14 230 115 188
    197 170 139 144 253 202 184 61 156 220 37 120 24 63 9 252 115 44 45
    167 101 146 168 76 205 238 42 176 248 227 207 34 191 5 37 198 239 25
    110 162 171 93 74 150 189 170 184 243 145 3 126 157 205 116 83 39
    104 233 153 190 247 235 0 78 96 8 231 121 191 168 135 118 151 115
    197 28 157 173 131 168 213 230 209 110 27 173 75 74 52 252 1 88 24
    171 115 237 203 173 238 177 1 36 192 147 250 17 56 148 23 26 241 164
    116 238 229 241 243 148 176 12 170 110 223 194 77 69 170 252 150 47
    95 26 166 96 12 210 54 182 72 176 11 0 72 244 10 88 123 184 168 138
    53 47 148 141 243 30 140 82 119 202 136 248 12 28 249 6 108 202 137
    19 101 185 0 132 130 159 134 250 236 227 240 137 203 157 145 53 97
    47 110 106 54 177 113 153 76 230 119 73 252 132 62 30 224 253 32 125
    170 152 235 60 28 166 106 56 137 162 94 174 87 157 249 86 154 164 24
    151 132 85 219 116 34 172 164 224 91 73 175 50 190 52 115 211 59 229
    205 11 142 187 65 116 218 159 125 185 92 3 28 203 32 86 232 107 250
    42 55 7 32 39 240 201 64 34 98 106 160 188 166 76 189 166 254 75 205
    27 69 221 154 223 151 23 143 6 223 180 180 134 81 140 62 182 247 55
    68 209 122 108 209 76 187 81 21 170 166 104 243 114 181 12 195 212
    210 193 139 165 211 106 105 116 114 38 227 162 235 136 174 139 87
    156 141 235 7 107 218 63 181 101 16 249 53 95 111 175 253 196 187
    163 101 221 229 62 85 38 58 76 179 159 1 123 237 170 202 109 244 91
    159 201 119 120 76 236 242 6 96 126 100 114 34 29 41 117 189 246 42
    4 13 145 56 9 185 88 139 138 59 23 57 99 37 5 21 90 99 98 34 34 224
    203 27 23 187 89 39 244 150 120 170 20 237 74 247 164 6 215 255 47
    127 33 152 42 204 38 178 243 85 84 120 191 6 23 140 8 159 50 134 182
    76 75 60 140 165 135 44 164 123 61 202 99 175 193 37 4 198 222 53 86
    67 224 0 218 9 52 217 70 41 87 57 29 224 55 189 192 154 151 118 144
    70 129 15 187 172 198 233 121 35 157 175 100 135 84 118 226 171 144
    43 146 76 124 85 172 99 164 218 142 253 48 151 37 53 239 163 160 71
    157 103 6 255 47 30 106 77 115 180 175 252 204 125 4 237 198 149 15
    137 103 117 24 243 250 115 157 37 145 24 66 2 82 225 61 78 36 26 236
    225 46 67 16 188 160 19 4 150 23 246 125 250 243 153 56 232 204 8
    116 51 225 144 83 141 198 209 142 167 83 182 121 191 110 16 44 117
    244 127 210 242 159 14 96 50 233 26 1 170 101 175 163 153 14 19 239
    243 46 197 35 209 118 126 132 3 88 2 237 153 234 88 59 130 73 174
    141 48 250 198 47 202 65 186 107 182 70 194 75 91 65 48 54 45 181 4
    78 233 164 222 64 245 108 119 59 55 192 255 232 24 50 134 208 57 176
    118 128 116 143 5 75 40 64 208 62 237 239 137 207 245 81 104 83 60
    246 80 230 174 136 8 88 93 22 90 207 51 231 107 222 11 94 63 129 2
    136 60 50 200 121 201 68 231 45 230 130 49 86 75 119 171 182 68 248
    222 200 22 85 151 188 243 145 4 231 31 249 76 212 25 89 255 69 100
    72 116 110 36 51 6 61 226 234 252 168 129 176 129 97 51 163 240 1
    159 224 157 18 72 220 10 25 120 0 98 53 114 37 211 113 173 180 140
    244 7 177 81 116 138 123 132 104 254 33 181 216 163 198 20 86 182
    245 117 191 191 35 130 44 102 181 146 158 220 159 36 141 198 181 41
    190 55 25 133 163 19 191 227 16 48 61 8 200 143 195 44 159 70 115
    138 241 199 89 145 194 246 100 152 153 160 15 54 212 251 37 121 159
    88 119 249 98 190 138 50 144 184 18 93 194 209 141 252 252 101 167
    158 167 91 230 28 230 156 99 38 165 99 49 142 206 180 75 42 190 199
    117 134 146 23 158 45 53 198 155 170 117 175 3 51 236 63 59 150 214
    246 148 84 252 254 158 137 89 170 218 14 221 44 198 205 55 186 225
    221 252 121 232 216 161 212 110 92 151 124 132 150 235 131 38 104
    182 165 79 167 173 244 250 210 158 11 62 187 149 232 99 7 201 44 22
    55 157 24 209 126 73 204 189 44 55 44 91 158 17 241 148 198 50 134
    201 191 247 8 164 163 113 149 163 10 199 246 172 138 235 179 122 219
    117 205 173 123 249 123 222 199 98 33 216 10 1 57 73 234 195 172 170
    129 127 26 168 96 126 152 206 211 90 119 199 31 7 13 125 189 71 81
    118 222 121 177 70 242 165 109 229 137 128 144 232 218 7 140 47 146
    46 173 2 43 181 207 39 115 35 90 33 132 238 34 113 149 241 109 160
    63 233 24 2 158 180 63 193 18 207 64 180 29 157 111 59 107 196 12
    237 216 228 108 106 145 136 199 187 84 64 126 250 84 202 146 134 148
    183 142 35 250 237 124 164 124 9 234 159 195 19 213 213 68 128 6 33
    247 171 242 13 73 182 202 29 143 228 230 47 150 251 124 13 161 95
    138 68 253 105 22 190 23 0 151 135 161 173 236 182 254 229 126 226
    35 201 202 70 7 104 244 114 107 191 37 168 147 22 78 93 133 238 2
    113 97 128 144 113 76 89 192 78 213 251 223 125 161 11 236 38 18 222
    102 28 30 241 17 32 155 180 222 178 117 81 201 213 137 118 156 69
    132 146 250 236 108 148 111 90 128 251 34 187 59 207 210 18 244 34
    93 31 115 155 116 74 104 137 98 200 39 252 199 199 104 1 61 188 215
    121 64 204 153 156 21 228 229 81 31 204 53 43 109 242 21 17 245 111
    85 146 110 156 126 183 100 166 105 190 152 66 5 208 203 224 2 133 55
    227 184 18 22 222 155 238 183 237 138 162 246 33 198 194 248 74 8
    132 179 0 57 205 189 249 148 35 124 225 234 84 53 228 100 230 41 250
    148 215 163 105 17 48 199 220 178 84 254 89 243 197 149 252 242 94
    120 63 203 237 232 201 22 30 144 97 168 83 121 6 236 1 11 225 159
    122 135 43 216 169 17 39 105 48 189 145 25 72 214 162 208 216 186
    189 179 207 60 36 106 82 187 43 86 24 106 65 55 129 32 13 36 75 53
    105 169 152 186 34 54 255 239 51 91 55 9 23 242 181 134 112 66 83
    132 202 133 35 186 239 195 39 31 179 148 164 12 165 68 50 66 228 14
    96 207 98 215 207 9 31 183 159 124 207 234 50 196 0 206 149 36 232
    243 197 204 165 109 160 118 170 143 216 70 60 36 227 1 57 244 89 57
    245 23 209 90 124 6 87 221 164 64 125 93 188 14 227 181 245 195 125
    4 23 102 93 17 108 212 36 56 210 215 0 103 197 56 158 28 212 184 127
    130 73 145 99 117 210 242 149 14 222 55 70 50 115 232 31 252 87 6 49
    253 249 58 68 165 227 199 69 136 186 156 38 8 205 100 9 134 126 163
    179 76 189 102 58 69 166 30 28</data></test_foreg>
<test_backg type_id="opencv-matrix">
  <rows>60</rows>
  <cols>40</cols>
  <dt>"3u"</dt>
  <data>
    128 128 128 128 128 128 128 128 128 128 128 128 128 128 128 128 128
    128 128 128 128 128 128 128 128 128 128 128 128 128 128 128 128 128
    128 128 128 128 128 128 128 128 128 128 128 128 128 128 128 128 128
    128 128 128 128 128 128 128 128 128 128 128 128 128 128 128 128 128
    128 128 128 128 128 128 128 128 128 128 128 128 128 128 128 128 128
    128 128 128 128 128 128 128 128 128 128 128 128 128 128 128 128 128
    128 128 128 128 128 128 128 128 128 128 128 128 128 128 128 128 128
    128 128 128 128 128 128 128 128 128 128 128 128 128 128 128 128 128
    128 128 128 128 128 128 128 128 128 128 128 128 128 128 128 128 128
    128 128 128 128 128 128 128 128 128 128 128 128 128 128 128 128 128
    128 128 128 128 128 128 128 128 128 128 128 128 128 128 128 128 128
    128 128 128 128 128 128 128 128 128 128 128 128 128 128 128 128 128
    128 128 128 128 128 128 128 128 128 128 128 128 128 128 128 128 128
    128 128 128 128 128 128 128 128 128 128 128 128 128 128 128 128 128
    128 128 128 128 128 128 128 128 128 128 128 128 128 128 128 128 128
    128 128 128 128 128 128 128 128 128 128 128 128 128 128 128 128 128
    128 128 128 128 128 128 128 128 128 128 128 128 128 128 128 128 128
    128 128 128 128 128 128 128 128 128 128 128 128 128 128 128 128 128
    128 128 128 128 128 128 128 128 128 128 128 128 128 128 128 128 128
    128 128 128 128 128 128 128 128 128 128 128 128 128 128 128 128 128
    128 128 128 128 128 128 128 128 128 128 128 128 128 128 128 128 128
    128 128 128 128 128 128 128 128 128 128 128 128 128 128 128 128 128
    128 128 128 128 128 128 128 128 128 128 128 128 128 128 128 128 128
    128 128 128 128 128 128 128 128 128 128 128 128 128 128 128 128 128
    128 128 128 128 128 128 128 128 128 128 128 128 128 128 128 128 128
    128 128 128 128 128 128 128 128 128 128 128 128 128 128 128 128 128
    128 128 128 128 128 128 128 128 128 128 128 128 128 128 128 128 128
    128 128 128 128 128 128 128 128 128 128 128 128 128 128 128 128 128
    128 128 128 128 128 128 128 128 128 128 128 128 128 128 128 128 128
    128 128 128 128 128 128 128 128 128 128 128 128 128 128 128 128 128
    128 128 128 128 128 128 128 128 128 128 128 128 128 128 128 128 128
    128 128 128 128 128 128 128 128 128 128 128 128 128 128 128 128 128
    128 128 128 128 128 128 128 128 128 128 128 128 128 128 128 128 128
    128 128 128 128 128 128 128 128 128 128 128 128 128 128 128 128 128
    128 128 128 128 128 128 128 128 128 128 128 128 128 128 128 128 128
    128 128 128 128 128 128 128 128 128 128 128 128 128 128 128 128 128
    128 128 128 128 128 128 128 128 128 128 128 128 128 128 128 128 128
    128 128 128 128 128 128 128 128 128 128 128 128 128 128 128 128 128
    128 128 128 128 128 128 128 128 128 128 128 128 128 128 128 128 128
    128 128 128 128 128 128 128 128 128 128 128 128 128 128 128 128 128
    128 128 128 128 128 128 128 128 128 128 128 128 128 128 128 128 128
    128 128 128 128 128 128 128 128 128 128 128 128 128 128 128 128 128
    128 128 128 128 128 128 128 128 128 128 128 128 128 128 128 128 128
    128 128 128 128 128 128 128 128 128 128 128 128 128 128 128 128 128
    128 128 128 128 128 128 128 128 128 128 128 128 128 128 128 128 128
    128 128 128 128 128 128 128 128 128 128 128 128 128 128 128 128 128
    128 128 128 128 128 128 128 128 128 128 128 128 128 128 128 128 128
    128 128 128 128 128 128 128 128 128 128 128 128 128 128 128 128 128
    128 128 128 128 128 128 128 128 128 128 128 128 128 128 128 128 128
    128 128 128 128 128 128 128 128 128 128 128 128 128 128 128 128 128
    128 128 128 128 128 128 128 128 128 128 128 128 128 128 128 128 128
    128 128 128 128 128 128 128 128 128 128 128 128 128 128 128 128 128
    128 128 128 128 128 128 128 128 128 128 128 128 128 128 128 128 128
    128 128 128 128 128 128 128 128 128 128 128 128 128 128 128 128 128
    128 128 128 128 128 128 128 128 128 128 128 128 128 128 128 128 128
    128 128 128 128 128 128 128 128 128 128 128 128 128 128 128 128 128
    128 128 128 128 128 128 128 128 128 128 128 128 128 128 128 128 128
    128 128 128 128 128 128 128 128 128 128 128 128 128 128 128 128 128
    128 128 128 128 128 128 128 128 128 128 128 128 128 128 128 128 128
    128 128 128 128 128 128 128 128 128 128 128 128 128 128 128 128 128
    128 128 128 128 128 128 128 128 128 128 128 128 128 128 128 128 128
    128 128 128 128 128 128 128 128 128 128 128 128 128 128 128 128 128
    128 128 128 128 128 128 128 128 128 128 128 128 128 128 128 128 128
    128 128 128 128 128 128 128 128 128 128 128 128 128 128 128 128 128
    128 128 128 128 128 128 128 128 128 128 128 128 128 128 128 128 128
    128 128 128 128 128 128 128 128 128 128 128 128 128 128 128 128 128
    128 128 128 128 128 128 128 128 128 128 128 128 128 128 128 128 128
    128 128 128 128 128 128 128 128 128 128 128 128 128 128 128 128 128
    128 128 128 128 128 128 128 128 128 128 128 128 128 128 128 128 128
    128 128 128 128 128 128 128 128 128 128 128 128 128 128 128 128 128
    128 128 128 128 128 128 128 128 128 128 128 128 128 128 128 128 128
    128 128 128 128 128 128 128 128 128 128 128 128 128 128 128 128 128
    128 128 128 128 128 128 128 128 128 128 128 128 128 128 128 128 128
    128 128 128 128 128 128 128 128 128 128 128 128 128 128 128 128 128
    128 128 128 128 128 128 128 128 128 128 128 128 128 128 128 128 128
    128 128 128 128 128 128 128 128 128 128 128 128 128 128 128 128 128
    128 128 128 128 128 128 128 128 128 128 128 128 128 128 128 128 128
    128 128 128 128 128 128 128 128 128 128 128 128 128 128 128 128 128
    128 128 128 128 128 128 128 128 128 128 128 128 128 128 128 128 128
    128 128 128 128 128 128 128 128 128 128 128 128 128 128 128 128 128
    128 128 128 128 128 128 128 128 128 128 128 128 128 128 128 128 128
    128 128 128 128 128 128 128 128 128 128 128 128 128 128 128 128 128
    128 128 128 128 128 128 128 128 128 128 128 128 128 128 128 128 128
    128 128 128 128 128 128 128 128 128 128 128 128 128 128 128 128 128
    128 128 128 128 128 128 128 128 128 128 128 128 128 128 128 128 128
    128 128 128 128 128 128 128 128 128 128 128 128 128 128 128 128 128
    128 128 128 128 128 128 128 128 128 128 128 128 128 128 128 128 128
    128 128 128 128 128 128 128 128 128 128 128 128 128 128 128 128 128
    128 128 128 128 128 128 128 128 128 128 128 128 128 128 128 128 128
    128 128 128 128 128 128 128 128 128 128 128 128 128 128 128 128 128
    128 128 128 128 128 128 128 128 128 128 128 128 128 128 128 128 128
    128 128 128 128 128 128 128 128 128 128 128 128 128 128 128 128 128
    128 128 128 128 128 128 128 128 128 128 128 128 128 128 128 128 128
    128 128 128 128 128 128 128 128 128 128 128 128 128 128 128 128 128
    128 128 128 128 128 128 128 128 128 128 128 128 128 128 128 128 128
    128 128 128 128 128 128 128 128 128 128 128 128 128 128 128 128 128
    128 128 128 128 128 128 128 128 128 128 128 128 128 128 128 128 128
    128 128 128 128 128 128 128 128 128 128 128 128 128 128 128 128 128
    128 128 128 128 128 128 128 128 128 128 128 128 128 128 128 128 128
    128 128 128 128 128 128 128 128 128 128 128 128 128 128 128 128 128
    128 128 128 128 128 128 128 128 128 128 128 128 128 128 128 128 128
    128 128 128 128 128 128 128 128 128 128 128 128 128 128 128 128 128
    128 128 128 128 128 128 128 128 128 128 128 128 128 128 128 128 128
    128 128 128 128 128 128 128 128 128 128 128 128 128 128 128 128 128
    128 128 128 128 128 128 128 128 128 128 128 128 128 128 128 128 128
    128 128 128 128 128 128 128 128 128 128 128 128 128 128 128 128 128
    128 128 128 128 128 128 128 128 128 128 128 128 128 128 128 128 128
    128 128 128 128 128 128 128 128 128 128 128 128 128 128 128 128 128
    128 128 128 128 128 128 128 128 128 128 128 128 128 128 128 128 128
    128 128 128 128 128 128 128 128 128 128 128 128 128 128 128 128 128
    128 128 128 128 128 128 128 128 128 128 128 128 128 128 128 128 128
    128 128 128 128 128 128 128 128 128 128 128 128 128 128 128 128 128
    128 128 128 128 128 128 128 128 128 128 128 128 128 128 128 128 128
    128 128 128 128 128 128 128 128 128 128 128 128 128 128 128 128 128
    128 128 128 128 128 128 128 128 128 128 128 128 128 128 128 128 128
    128 128 128 128 128 128 128 128 128 128 128 128 128 128 128 128 128
    128 128 128 128 128 128 128 128 128 128 128 128 128 128 128 128 128
    128 128 128 128 128 128 128 128 128 128 128 128 128 128 128 128 128
    128 128 128 128 128 128 128 128 128 128 128 128 128 128 128 128 128
    128 128 128 128 128 128 128 128 128 128 128 128 128 128 128 128 128
    128 128 128 128 128 128 128 128 128 128 128 128 128 128 128 128 128
    128 128 128 128 128 128 128 128 128 128 128 128 128 128 128 128 128
    128 128 128 128 128 128 128 128 128 128 128 128 128 128 128 128 128
    128 128 128 128 128 128 128 128 128 128 128 128 128 128 128 128 128
    128 128 128 128 128 128 128 128 128 128 128 128 128 128 128 128 128
    128 128 128 128 128 128 128 128 128 128 128 128 128 128 128 128 128
    128 128 128 128 128 128 128 128 128 128 128 128 128 128 128 128 128
    128 128 128 128 128 128 128 128 128 128 128 128 128 128 128 128 128
    128 128 128 128 128 128 128 128 128 128 128 128 128 128 128 128 128
    128 128 128 128 128 128 128 128 128 128 128 128 128 128 128 128 128
    128 128 128 128 128 128 128 128 128 128 128 128 128 128 128 128 128
    128 128 128 128 128 128 128 128 128 128 128 128 128 128 128 128 128
    128 128 128 128 128 128 128 128 128 128 128 128 128 128 128 128 128
    128 128 128 128 128 128 128 128 128 128 128 128 128 128 128 128 128
    128 128 128 128 128 128 128 128 128 128 128 128 128 128 128 128 128
    128 128 128 128 128 128 128 128 128 128 128 128 128 128 128 128 128
    128 128 128 128 128 128 128 128 128 128 128 128 128 128 128 128 128
    128 128 128 128 128 128 128 128 128 128 128 128 128 128 128 128 128
    128 128 128 128 128 128 128 128 128 128 128 128 128 128 128 128 128
    128 128 128 128 128 128 128 128 128 128 128 128 128 128 128 128 128
    128 128 128 128 128 128 128 128 128 128 128 128 128 128 128 128 128
    128 128 128 128 128 128 128 128 128 128 128 128 128 128 128 128 128
    128 128 128 128 128 128 128 128 128 128 128 128 128 128 128 128 128
    128 128 128 128 128 128 128 128 128 128 128 128 128 128 128 128 128
    128 128 128 128 128 128 128 128 128 128 128 128 128 128 128 128 128
    128 128 128 128 128 128 128 128 128 128 128 128 128 128 128 128 128
    128 128 128 128 128 128 128 128 128 128 128 128 128 128 128 128 128
    128 128 128 128 128 128 128 128 128 128 128 128 128 128 128 128 128
    128 128 128 128 128 128 128 128 128 128 128 128 128 128 128 128 128
    128 128 128 128 128 128 128 128 128 128 128 128 128 128 128 128 128
    128 128 128 128 128 128 128 128 128 128 128 128 128 128 128 128 128
    128 128 128 128 128 128 128 128 128 128 128 128 128 128 128 128 128
    128 128 128 128 128 128 128 128 128 128 128 128 128 128 128 128 128
    128 128 128 128 128 128 128 128 128 128 128 128 128 128 128 128 128
    128 128 128 128 128 128 128 128 128 128 128 128 128 128 128 128 128
    128 128 128 128 128 128 128 128 128 128 128 128 128 128 128 128 128
    128 128 128 128 128 128 128 128 128 128 128 128 128 128 128 128 128
    128 128 128 128 128 128 128 128 128 128 128 128 128 128 128 128 128
    128 128 128 128 128 128 128 128 128 128 128 128 128 128 128 128 128
    128 128 128 128 128 128 128 128 128 128 128 128 128 128 128 128 128
    128 128 128 128 128 128 128 128 128 128 128 128 128 128 128 128 128
    128 128 128 128 128 128 128 128 128 128 128 128 128 128 128 128 128
    128 128 128 128 128 128 128 128 128 128 128 128 128 128 128 128 128
    128 128 128 128 128 128 128 128 128 128 128 128 128 128 128 128 128
    128 128 128 128 128 128 128 128 128 128 128 128 128 128 128 128 128
    128 128 128 128 128 128 128 128 128 128 128 128 128 128 128 128 128
    128 128 128 128 128 128 128 128 128 128 128 128 128 128 128 128 128
    128 128 128 128 128 128 128 128 128 128 128 128 128 128 128 128 128
    128 128 128 128 128 128 128 128 128 128 128 128 128 128 128 128 128
    128 128 128 128 128 128 128 128 128 128 128 128 128 128 128 128 128
    128 128 128 128 128 128 128 128 128 128 128 128 128 128 128 128 128
    128 128 128 128 128 128 128 128 128 128 128 128 128 128 128 128 128
    128 128 128 128 128 128 128 128 128 128 128 128 128 128 128 128 128
    128 128 128 128 128 128 128 128 128 128 128 128 128 128 128 128 128
    128 128 128 128 128 128 128 128 128 128 128 128 128 128 128 128 128
    128 128 128 128 128 128 128 128 128 128 128 128 128 128 128 128 128
    128 128 128 128 128 128 128 128 128 128 128 128 128 128 128 128 128
    128 128 128 128 128 128 128 128 128 128 128 128 128 128 128 128 128
    128 128 128 128 128 128 128 128 128 128 128 128 128 128 128 128 128
    128 128 128 128 128 128 128 128 128 128 128 128 128 128 128 128 128
    128 128 128 128 128 128 128 128 128 128 128 128 128 128 128 128 128
    128 128 128 128 128 128 128 128 128 128 128 128 128 128 128 128 128
    128 128 128 128 128 128 128 128 128 128 128 128 128 128 128 128 128
    128 128 128 128 128 128 128 128 128 128 128 128 128 128 128 128 128
    128 128 128 128 128 128 128 128 128 128 128 128 128 128 128 128 128
    128 128 128 128 128 128 128 128 128 128 128 128 128 128 128 128 128
    128 128 128 128 128 128 128 128 128 128 128 128 128 128 128 128 128
    128 128 128 128 128 128 128 128 128 128 128 128 128 128 128 128 128
    128 128 128 128 128 128 128 128 128 128 128 128 128 128 128 128 128
    128 128 128 128 128 128 128 128 128 128 128 128 128 128 128 128 128
    128 128 128 128 128 128 128 128 128 128 128 128 128 128 128 128 128
    128 128 128 128 128 128 128 128 128 128 128 128 128 128 128 128 128
    128 128 128 128 128 128 128 128 128 128 128 128 128 128 128 128 128
    128 128 128 128 128 128 128 128 128 128 128 128 128 128 128 128 128
    128 128 128 128 128 128 128 128 128 128 128 128 128 128 128 128 128
    128 128 128 128 128 128 128 128 128 128 128 128 128 128 128 128 128
    128 128 128 128 128 128 128 128 128 128 128 128 128 128 128 128 128
    128 128 128 128 128 128 128 128 128 128 128 128 128 128 128 128 128
    128 128 128 128 128 128 128 128 128 128 128 128 128 128 128 128 128
    128 128 128 128 128 128 128 128 128 128 128 128 128 128 128 128 128
    128 128 128 128 128 128 128 128 128 128 128 128 128 128 128 128 128
    128 128 128 128 128 128 128 128 128 128 128 128 128 128 128 128 128
    128 128 128 128 128 128 128 128 128 128 128 128 128 128 128 128 128
    128 128 128 128 128 128 128 128 128 128 128 128 128 128 128 128 128
    128 128 128 128 128 128 128 128 128 128 128 128 128 128 128 128 128
    128 128 128 128 128 128 128 128 128 128 128 128 128 128 128 128 128
    128 128 128 128 128 128 128 128 128 128 128 128 128 128 128 128 128
    128 128 128 128 128 128 128 128 128 128 128 128 128 128 128 128 128
    128 128 128 128 128 128 128 128 128 128 128 128 128 128 128 128 128
    128 128 128 128 128 128 128 128 128 128 128 128 128 128 128 128 128
    128 128 128 128 128 128 128 128 128 128 128 128 128 128 128 128 128
    128 128 128 128 128 128 128 128 128 128 128 128 128 128 128 128 128
    128 128 128 128 128 128 128 128 128 128 128 128 128 128 128 128 128
    128 128 128 128 128 128 128 128 128 128 128 128 128 128 128 128 128
    128 128 128 128 128 128 128 128 128 128 128 128 128 128 128 128 128
    128 128 128 128 128 128 128 128 128 128 128 128 128 128 128 128 128
    128 128 128 128 128 128 128 128 128 128 128 128 128 128 128 128 128
    128 128 128 128 128 128 128 128 128 128 128 128 128 128 128 128 128
    128 128 128 128 128 128 128 128 128 128 128 128 128 128 128 128 128
    128 128 128 128 128 128 128 128 128 128 128 128 128 128 128 128 128
    128 128 128 128 128 128 128 128 128 128 128 128 128 128 128 128 128
    128 128 128 128 128 128 128 128 128 128 128 128 128 128 128 128 128
    128 128 128 128 128 128 128 128 128 128 128 128 128 128 128 128 128
    128 128 128 128 128 128 128 128 128 128 128 128 128 128 128 128 128
    128 128 128 128 128 128 128 128 128 128 128 128 128 128 128 128 128
    128 128 128 128 128 128 128 128 128 128 128 128 128 128 128 128 128
    128 128 128 128 128 128 128 128 128 128 128 128 128 128 128 128 128
    128 128 128 128 128 128 128 128 128 128 128 128 128 128 128 128 128
    128 128 128 128 128 128 128 128 128 128 128 128 128 128 128 128 128
    128 128 128 128 128 128 128 128 128 128 128 128 128 128 128 128 128
    128 128 128 128 128 128 128 128 128 128 128 128 128 128 128 128 128
    128 128 128 128 128 128 128 128 128 128 128 128 128 128 128 128 128
    128 128 128 128 128 128 128 128 128 128 128 128 128 128 128 128 128
    128 128 128 128 128 128 128 128 128 128 128 128 128 128 128 128 128
    128 128 128 128 128 128 128 128 128 128 128 128 128 128 128 128 128
    128 128 128 128 128 128 128 128 128 128 128 128 128 128 128 128 128
    128 128 128 128 128 128 128 128 128 128 128 128 128 128 128 128 128
    128 128 128 128 128 128 128 128 128 128 128 128 128 128 128 128 128
    128 128 128 128 128 128 128 128 128 128 128 128 128 128 128 128 128
    128 128 128 128 128 128 128 128 128 128 128 128 128 128 128 128 128
    128 128 128 128 128 128 128 128 128 128 128 128 128 128 128 128 128
    128 128 128 128 128 128 128 128 128 128 128 128 128 128 128 128 128
    128 128 128 128 128 128 128 128 128 128 128 128 128 128 128 128 128
    128 128 128 128 128 128 128 128 128 128 128 128 128 128 128 128 128
    128 128 128 128 128 128 128 128 128 128 128 128 128 128 128 128 128
    128 128 128 128 128 128 128 128 128 128 128 128 128 128 128 128 128
    128 128 128 128 128 128 128 128 128 128 128 128 128 128 128 128 128
    128 128 128 128 128 128 128 128 128 128 128 128 128 128 128 128 128
    128 128 128 128 128 128 128 128 128 128 128 128 128 128 128 128 128
    128 128 128 128 128 128 128 128 128 128 128 128 128 128 128 128 128
    128 128 128 128 128 128 128 128 128 128 128 128 128 128 128 128 128
    128 128 128 128 128 128 128 128 128 128 128 128 128 128 128 128 128
    128 128 128 128 128 128 128 128 128 128 128 128 128 128 128 128 128
    128 128 128 128 128 128 128 128 128 128 128 128 128 128 128 128 128
    128 128 128 128 128 128 128 128 128 128 128 128 128 128 128 128 128
    128 128 128 128 128 128 128 128 128 128 128 128 128 128 128 128 128
    128 128 128 128 128 128 128 128 128 128 128 128 128 128 128 128 128
    128 128 128 128 128 128 128 128 128 128 128 128 128 128 128 128 128
    128 128 128 128 128 128 128 128 128 128 128 128 128 128 128 128 128
    128 128 128 128 128 128 128 128 128 128 128 128 128 128 128 128 128
    128 128 128 128 128 128 128 128 128 128 128 128 128 128 128 128 128
    128 128 128 128 128 128 128 128 128 128 128 128 128 128 128 128 128
    128 128 128 128 128 128 128 128 128 128 128 128 128 128 128 128 128
    128 128 128 128 128 128 128 128 128 128 128 128 128 128 128 128 128
    128 128 128 128 128 128 128 128 128 128 128 128 128 128 128 128 128
    128 128 128 128 128 128 128 128 128 128 128 128 128 128 128 128 128
    128 128 128 128 128 128 128 128 128 128 128 128 128 128 128 128 128
    128 128 128 128 128 128 128 128 128 128 128 128 128 128 128 128 128
    128 128 128 128 128 128 128 128 128 128 128 128 128 128 128 128 128
    128 128 128 128 128 128 128 128 128 128 128 128 128 128 128 128 128
    128 128 128 128 128 128 128 128 128 128 128 128 128 128 128 128 128
    128 128 128 128 128 128 128 128 128 128 128 128 128 128 128 128 128
    128 128 128 128 128 128 128 128 128 128 128 128 128 128 128 128 128
    128 128 128 128 128 128 128 128 128 128 128 128 128 128 128 128 128
    128 128 128 128 128 128 128 128 128 128 128 128 128 128 128 128 128
    128 128 128 128 128 128 128 128 128 128 128 128 128 128 128 128 128
    128 128 128 128 128 128 128 128 128 128 128 128 128 128 128 128 128
    128 128 128 128 128 128 128 128 128 128 128 128 128 128 128 128 128
    128 128 128 128 128 128 128 128 128 128 128 128 128 128 128 128 128
    128 128 128 128 128 128 128 128 128 128 128 128 128 128 128 128 128
    128 128 128 128 128 128 128 128 128 128 128 128 128 128 128 128 128
    128 128 128 128 128 128 128 128 128 128 128 128 128 128 128 128 128
    128 128 128 128 128 128 128 128 128 128 128 128 128 128 128 128 128
    128 128 128 128 128 128 128 128 128 128 128 128 128 128 128 128 128
    128 128 128 128 128 128 128 128 128 128 128 128 128 128 128 128 128
    128 128 128 128 128 128 128 128 128 128 128 128 128 128 128 128 128
    128 128 128 128 128 128 128 128 128 128 128 128 128 128 128 128 128
    128 128 128 128 128 128 128 128 128 128 128 128 128 128 128 128 128
    128 128 128 128 128 128 128 128 128 128 128 128 128 128 128 128 128
    128 128 128 128 128 128 128 128 128 128 128 128 128 128 128 128 128
    128 128 128 128 128 128 128 128 128 128 128 128 128 128 128 128 128
    128 128 128 128 128 128 128 128 128 128 128 128 128 128 128 128 128
    128 128 128 128 128 128 128 128 128 128 128 128 128 128 128 128 128
    128 128 128 128 128 128 128 128 128 128 128 128 128 128 128 128 128
    128 128 128 128 128 128 128 128 128 128 128 128 128 128 128 128 128
    128 128 128 128 128 128 128 128 128 128 128 128 128 128 128 128 128
    128 128 128 128 128 128 128 128 128 128 128 128 128 128 128 128 128
    128 128 128 128 128 128 128 128 128 128 128 128 128 128 128 128 128
    128 128 128 128 128 128 128 128 128 128 128 128 128 128 128 128 128
    128 128 128 128 128 128 128 128 128 128 128 128 128 128 128 128 128
    128 128 128 128 128 128 128 128 128 128 128 128 128 128 128 128 128
    128 128 128 128 128 128 128 128 128 128 128 128 128 128 128 128 128
    128 128 128 128 128 128 128 128 128 128 128 128 128 128 128 128 128
    128 128 128 128 128 128 128 128 128 128 128 128 128 128 128 128 128
    128 128 128 128 128 128 128 128 128 128 128 128 128 128 128 128 128
    128 128 128 128 128 128 128 128 128 128 128 128 128 128 128 128 128
    128 128 128 128 128 128 128 128 128 128 128 128 128 128 128 128 128
    128 128 128 128 128 128 128 128 128 128 128 128 128 128 128 128 128
    128 128 128 128 128 128 128 128 128 128 128 128 128 128 128 128 128
    128 128 128 128 128 128 128 128 128 128 128 128 128 128 128 128 128
    128 128 128 128 128 128 128 128 128 128 128 128 128 128 128 128 128
    128 128 128 128 128 128 128 128 128 128 128 128 128 128 128 128 128
    128 128 128 128 128 128 128 128 128 128 128 128 128 128 128 128 128
    128 128 128 128 128 128 128 128 128 128 128 128 128 128 128 128 128
    128 128 128 128 128 128 128 128 128 128 128 128 128 128 128 128 128
    128 128 128 128 128 128 128 128 128 128 128 128 128 128 128 128 128
    128 128 128 128 128 128 128 128 128 128 128 128 128 128 128 128 128
    128 128 128 128 128 128 128 128 128 128 128 128 128 128 128 128 128
    128 128 128 128 128 128 128 128 128 128 128 128 128 128 128 128 128
    128 128 128 128 128 128 128 128 128 128 128 128 128 128 128 128 128
    128 128 128 128 128 128 128 128 128 128 128 128 128 128 128 128 128
    128 128 128 128 128 128 128 128 128 128 128 128 128 128 128 128 128
    128 128 128 128 128 128 128 128 128 128 128 128 128 128 128 128 128
    128 128 128 128 128 128 128 128 128 128 128 128 128 128 128 128 128
    128 128 128 128 128 128 128 128 128 128 128 128 128 128 128 128 128
    128 128 128 128 128 128 128 128 128 128 128 128 128 128 128 128 128
    128 128 128 128 128 128 128 128 128 128 128 128 128 128 128 128 128
    128 128 128 128 128 128 128 128 128 128 128 128 128 128 128 128 128
    128 128 128 128 128 128 128 128 128 128 128 128 128 128 128 128 128
    128 128 128 128 128 128 128 128 128 128 128 128 128 128 128 128 128
    128 128 128 128 128 128 128 128 128 128 128 128 128 128 128 128 128
    128 128 128 128 128 128 128 128 128 128 128 128 128 128 128 128 128
    128 128 128 128 128 128 128 128 128 128 128 128 128 128 128 128 128
    128 128 128 128 128 128 128 128 128 128 128 128 128 128 128 128 128
    128 128 128 128 128 128 128 128 128 128 128 128 128 128 128 128 128
    128 128 128 128 128 128 128 128 128 128 128 128 128 128 128 128 128
    128 128 128 128 128 128 128 128 128 128 128 128 128 128 128 128 128
    128 128 128 128 128 128 128 128 128 128 128 128 128 128 128 128 128
    128 128 128 128 128 128 128 128 128 128 128 128 128 128 128 128 128
    128 128 128 128 128 128 128 128 128 128 128 128 128 128 128 128 128
    128 128 128 128 128 128 128 128 128 128 128 128 128 128 128 128 128
    128 128 128 128 128 128 128 128 128 128 128 128 128 128 128 128 128
    128 128 128 128 128 128 128 128 128 128 128 128 128 128 128 128 128
    128 128 128 128 128 128 128 128 128 128 128 128 128 128 128 128 128
    128 128 128 128 128 128 128 128 128 128 128 128 128 128 128 128 128
    128 128 128 128 128 128 128 128 128 128 128 128 128 128 128 128 128
    128 128 128 128 128 128 128 128 128 128 128 128 128 128 128 128 128
    128 128 128 128 128 128 128 128 128 128 128 128 128 128 128 128 128
    128 128 128 128 128 128 128 128 128 128 128 128 128 128 128 128 128
    128 128 128 128 128 128 128 128 128 128 128 128 128 128 128 128 128
    128 128 128 128 128 128 128 128 128 128 128 128 128 128 128 128 128
    128 128 128 128 128 128 128 128 128 128 128 128 128 128 128 128 128
    128 128 128 128 128 128 128 128 128 128 128 128 128 128 128 128 128
    128 128 128 128 128 128 128 128 128 128 128 128 128 128 128 128 128
    128 128 128 128 128 128 128 128 128 128 128 128 128 128 128 128 128
    128 128 128 128 128 128 128 128 128 128 128 128 128 128 128 128 128
    128 128 128 128 128 128 128 128 128 128 128 128 128 128 128 128 128
    128 128 128 128 128 128 128 128 128 128 128 128 128 128 128 128 128
    128 128 128 128 128 128 128 128 128 128 128 128 128 128 128 128 128
    128 128 128 128 128 128 128 128 128 128 128 128 128 128 128 128 128
    128 128 128 128 128 128 128 128 128 128 128 128 128 128 128 128 128
    128 128 128 128 128 128 128 128 128 128 128 128 128 128 128 128 128
    128 128 128 128 128 128 128 128 128 128 128 128 128 128 128 128 128
    128 128 128 128 128 128 128 128 128 128 128 128 128 128 128 128 128
    128 128 128 128 128 128 128 128 128 128 128 128 128 128 128 128 128
    128 128 128 128 128 128 128 128 128 128 128 128 128 128 128 128 128
    128 128 128 128 128 128 128 128 128 128 128 128 128 128 128 128 128
    128 128 128 128 128 128 128 128 128 128 128 128 128 128 128 128 128
    128 128 128 128 128 128 128 128 128 128 128 128 128 128 128 128 128
    128 128 128 128 128 128 128 128 128 128 128 128 128 128 128 128 128
    128 128 128 128 128 128 128 128 128 128 128 128 128 128 128 128 128
    128 128 128 128 128 128 128 128 128 128 128 128 128 128 128 128 128
    128 128 128 128 128 128 128 128 128 128 128 128 128 128 128 128 128
    128 128 128 128 128 128 128 128 128 128 128 128 128 128 128 128 128
    128 128 128 128 128 128 128 128 128 128 128 128 128 128 128 128 128
    128 128 128 128 128 128 128 128 128 128 128 128 128 128 128 128 128
    128 128 128 128 128 128 128 128 128 128 128 128 128 128 128 128 128
    128 128 128 128 128 128 128 128 128 128 128 128 128 128 128 128 128
    128 128 128 128 128 128 128 128 128 128 128 128 128 128 128 128 128
    128 128 128 128 128 128 128 128 128 128 128 128 128 128 128 128 128
    128 128 128 128 128 128 128 128 128 128 128 128 128 128 128 128 128
    128 128 128 128 128 128 128 128 128 128 128 128 128 128 128 128 128
    128 128 128 128 128 128 128 128 128 128 128 128 128 128 128 128 128
    128 128 128 128 128 128 128 128 128 128 128 128 128 128 128 128 128
    128 128 128 128 128 128 128 128 128 128 128 128 128 128 128 128 128
    128 128 128 128 128 128 128 128 128 128 128 128 128 128 128 128 128
    128 128 128 128 128 128 128 128 128 128 128 128 128 128 128 128 128
    128 128 128 128 128 128 128 128 128 128 128 128 128 128 128 128 128
    128 128 128 128 128 128 128 128 128 128 128 128 128 128 128 128 128
    128 128 128 128 128 128 128 128 128 128 128 128 128 128 128 128 128
    128 128 128 128 128 128 128 128 128 128 128 128 128 128 128 128 128
    128 128 128 128 128 128 128 128 128 128 128 128 128 128 128 128 128
    128 128 128 128 128 128 128 128 128 128 128 128 128 128 128 128 128
    128 128 128 128 128 128 128 128 128 128 128 128 128 128 128 128 128
    128 128 128 128 128 128 128 128 128 128 128 128 128 128 128 128 128
    128 128 128 128 128 128 128 128 128 128 128 128 128 128 128 128 128
    128 128 128 128 128 128 128 128 128 128 128 128 128 128 128 128 128
    128 128 128 128 128 128 128 128 128 128 128 128 128 128 128 128 128
    128 128 128 128 128 128 128 128 128 128 128 128 128 128 128 128 128
    128 128 128 128 128 128 128 128 128 128 128 128 128 128 128 128 128
    128 128 128 128 128 128 128 128 128 128 128 128 128 128 128 128 128
    128 128 128 128 128 128 128 128 128 128 128 128 128 128 128 128 128
    128 128 128 128 128 128 128 128 128 128 128 128 128 128 128 128 128
    128 128 128 128 128 128 128 128 128 128 128 128 128 128 128 128 128
    128 128 128 128 128 128 128 128 128 128 128 128 128 128 128 128 128
    128 128 128 128 128 128 128 128 128 128 128 128 128 128 128 128 128
    128 128 128 128 128 128 128 128 128 128 128 128 128 128 128 128 128
    128 128 128 128 128 128 128 128 128 128 128 128 128 128 128 128 128
    128 128 128 128 128 128 128 128 128 128 128 128 128 128 128 128 128
    128 128 128 128 128 128 128 128 128 128 128 128 128 128 128 128 128
    128 128 128 128 128 128 128 128 128 128 128 128 128 128 128 128 128
    128 128 128 128 128 128 128 128 128 128 128 128 128 128 128 128 128
    128 128 128 128 128 128 128 128 128 128 128 128 128 128 128 128 128
    128 128 128 128 128 128 128 128 128 128 128 128 128 128 128 128 128
    128 128 128 128 128 128 128 128 128 128 128 128 128 128 128 128 128
    128 128 128 128 128 128 128 128 128 128 128 128 128 128 128 128 128
    128 128 128 128 128 128 128 128 128 128 128 128 128 128 128 128 128
    128 128 128 128 128 128 128 128 128 128 128 128 128 128 128 128 128
    128 128 128 128 128 128 128 128 128 128 128 128 128 128 128 128 128
    128 128 128 128 128 128 128 128 128 128 128 128 128 128 128 128 128
    128 128 128 128 128 128 128 128 128 128 128 128 128 128 128 128 128
    128 128 128 128 128 128 128 128 128 128 128 128 128 128 128 128 128
    128 128 128 128 128 128 128 128 128 128 128 128 128 128 128 128 128
    128 128 128 128 128 128 128 128 128</data></test_backg>
<my_img type_id="opencv-matrix">
  <rows>30</rows>
  <cols>20</cols>
  <dt>"3u"</dt>
  <data>
    58 76 25 248 248 71 190 3 190 128 128 128 107 74 18 242 214 248 205
    28 155 128 128 128 243 245 66 146 30 203 79 199 127 158 225 62 128
    128 128 127 41 222 232 151 235 255 222 220 121 20 210 128 128 128 21
    28 248 128 128 128 70 197 186 109 190 234 30 38 242 191 38 177 128
    128 128 185 42 104 213 28 89 140 155 173 128 128 128 205 253 63 41
    96 152 128 128 128 128 128 128 191 244 14 206 73 36 128 128 128 40
    116 164 128 128 128 230 39 216 134 72 250 19 164 211 104 12 253 128
    128 128 130 112 174 106 80 5 139 78 81 140 159 10 233 237 151 105
    104 151 148 47 199 117 88 187 108 73 29 121 144 183 201 117 209 55
    192 189 51 149 191 101 199 190 188 231 210 128 128 128 31 108 243
    155 252 48 129 5 211 203 59 242 158 19 108 44 14 198 150 86 86 217 0
    41 212 63 54 14 230 115 188 197 170 139 144 253 202 184 61 156 220
    37 120 24 63 9 252 115 44 45 167 101 146 168 76 205 238 42 176 248
    227 207 34 191 5 37 198 239 25 110 162 171 93 74 150 189 170 184 243
    145 3 126 157 205 116 83 39 104 233 153 190 247 235 0 78 96 8 231
    121 191 168 135 128 128 128 197 28 157 173 131 168 128 128 128 110
    27 173 75 74 52 252 1 88 24 171 115 237 203 173 238 177 1 36 192 147
    250 17 56 148 23 26 241 164 116 238 229 241 243 148 176 12 170 110
    223 194 77 69 170 252 150 47 95 26 166 96 128 128 128 182 72 176 11
    0 72 244 10 88 123 184 168 138 53 47 148 141 243 30 140 82 128 128
    128 248 12 28 249 6 108 202 137 19 101 185 0 132 130 159 134 250 236
    227 240 137 203 157 145 128 128 128 110 106 54 177 113 153 128 128
    128 128 128 128 62 30 224 253 32 125 170 152 235 60 28 166 106 56
    137 162 94 174 87 157 249 86 154 164 24 151 132 128 128 128 34 172
    164 224 91 73 175 50 190 52 115 211 59 229 205 11 142 187 65 116 218
    159 125 185 92 3 28 203 32 86 232 107 250 42 55 7 32 39 240 201 64
    34 98 106 160 188 166 76 189 166 254 128 128 128 69 221 154 223 151
    23 143 6 223 180 180 134 128 128 128 182 247 55 68 209 122 128 128
    128 187 81 21 170 166 104 243 114 181 12 195 212 210 193 139 165 211
    106 105 116 114 38 227 162 235 136 174 139 87 156 141 235 7 128 128
    128 181 101 16 249 53 95 111 175 253 196 187 163 101 221 229 62 85
    38 58 76 179 159 1 123 237 170 202 128 128 128 159 201 119 120 76
    236 242 6 96 126 100 114 34 29 41 117 189 246 42 4 13 145 56 9 185
    88 139 138 59 23 128 128 128 5 21 90 99 98 34 34 224 203 27 23 187
    89 39 244 150 120 170 128 128 128 247 164 6 215 255 47 127 33 152
    128 128 128 178 243 85 84 120 191 6 23 140 128 128 128 134 182 76 75
    60 140 165 135 44 164 123 61 202 99 175 193 37 4 198 222 53 86 67
    224 128 128 128 128 128 128 128 128 128 128 128 128 189 192 154 151
    118 144 70 129 15 187 172 198 233 121 35 157 175 100 135 84 118 226
    171 144 128 128 128 124 85 172 99 164 218 142 253 48 151 37 53 239
    163 160 71 157 103 128 128 128 30 106 77 115 180 175 252 204 125 4
    237 198 149 15 137 103 117 24 243 250 115 157 37 145 128 128 128 128
    128 128 78 36 26 236 225 46 67 16 188 160 19 4 150 23 246 125 250
    243 153 56 232 204 8 116 51 225 144 83 141 198 209 142 167 83 182
    121 191 110 16 44 117 244 127 210 242 159 14 96 128 128 128 1 170
    101 175 163 153 14 19 239 243 46 197 35 209 118 126 132 3 88 2 237
    153 234 88 128 128 128 174 141 48 250 198 47 202 65 186 128 128 128
    194 75 91 65 48 54 128 128 128 78 233 164 222 64 245 108 119 59 55
    192 255 232 24 50 134 208 57 176 118 128 116 143 5 75 40 64 208 62
    237 239 137 207 245 81 104 83 60 246 80 230 174 136 8 88 93 22 90
    207 51 231 107 222 11 94 63 129 2 136 60 50 200 121 201 68 231 45
    230 130 49 86 75 119 171 182 68 248 222 200 22 85 151 188 243 145 4
    231 128 128 128 212 25 89 255 69 100 72 116 110 36 51 6 61 226 234
    252 168 129 176 129 97 51 163 240 1 159 224 157 18 72 220 10 25 120
    0 98 128 128 128 211 113 173 180 140 244 7 177 81 128 128 128 132
    104 254 33 181 216 163 198 20 86 182 245 117 191 191 128 128 128 102
    181 146 128 128 128 36 141 198 181 41 190 55 25 133 163 19 191 227
    16 48 61 8 200 143 195 44 159 70 115 138 241 199 89 145 194 246 100
    152 153 160 15 54 212 251 37 121 159 88 119 249 98 190 138 50 144
    184 18 93 194 209 141 252 252 101 167 158 167 91 230 28 230 156 99
    38 165 99 49 142 206 180 75 42 190 199 117 134 146 23 158 45 53 198
    155 170 117 175 3 51 236 63 59 150 214 246 148 84 252 254 158 137 89
    170 218 128 128 128 198 205 55 186 225 221 252 121 232 216 161 212
    110 92 151 124 132 150 235 131 38 104 182 165 79 167 173 244 250 210
    158 11 62 187 149 232 99 7 201 44 22 55 157 24 209 126 73 204 189 44
    55 44 91 158 17 241 148 198 50 134 201 191 247 8 164 163 113 149 163
    10 199 246 172 138 235 179 122 219 117 205 173 128 128 128 222 199
    98 128 128 128 1 57 73 234 195 172 170 129 127 26 168 96 126 152 206
    211 90 119 199 31 7 13 125 189 71 81 118 222 121 177 70 242 165 128
    128 128 128 144 232 218 7 140 128 128 128 173 2 43 181 207 39 115 35
    90 33 132 238 34 113 149 241 109 160 128 128 128 2 158 180 128 128
    128 207 64 180 29 157 111 59 107 196 12 237 216 228 108 106 145 136
    199 187 84 64 128 128 128 202 146 134 128 128 128 35 250 237 128 128
    128 9 234 159 195 19 213 213 68 128 6 33 247 171 242 13 73 182 202
    29 143 228 230 47 150 251 124 13 161 95 138 128 128 128 128 128 128
    0 151 135 161 173 236 182 254 229 126 226 35 201 202 70 7 104 244
    114 107 191 37 168 147 22 78 93 133 238 2 113 97 128 144 113 76 128
    128 128 128 128 128 125 161 11 236 38 18 222 102 28 128 128 128 32
    155 180 222 178 117 81 201 213 137 118 156 69 132 146 250 236 108
    148 111 90 128 251 34 187 59 207 210 18 244 128 128 128 128 128 128
    74 104 137 98 200 39 252 199 199 104 1 61 188 215 121 64 204 153 156
    21 228 229 81 31 204 53 43 109 242 21 17 245 111 85 146 110 156 126
    183 128 128 128 190 152 66 5 208 203 224 2 133 55 227 184 18 22 222
    128 128 128 237 138 162 246 33 198 194 248 74 8 132 179 0 57 205 189
    249 148 35 124 225 234 84 53 228 100 230 41 250 148 215 163 105 17
    48 199 220 178 84 254 89 243 197 149 252 242 94 120 63 203 237 232
    201 22 30 144 97 168 83 121 128 128 128 11 225 159 122 135 43 216
    169 17 128 128 128 189 145 25 72 214 162 208 216 186 189 179 207 60
    36 106 128 128 128 86 24 106 65 55 129 32 13 36 75 53 105 169 152
    186 34 54 255 239 51 91 55 9 23 242 181 134 112 66 83 128 128 128 35
    186 239 195 39 31 179 148 164 12 165 68 50 66 228 14 96 207 98 215
    207 9 31 183 159 124 207 234 50 196 0 206 149 36 232 243 197 204 165
    128 128 128 170 143 216 70 60 36 227 1 57 244 89 57 245 23 209 90
    124 6 87 221 164 64 125 93 188 14 227 128 128 128 125 4 23 102 93 17
    108 212 36 56 210 215 0 103 197 128 128 128 212 184 127 130 73 145
    99 117 210 242 149 14 222 55 70 50 115 232 128 128 128 6 49 253 249
    58 68 165 227 199 69 136 186 156 38 8 205 100 9 134 126 163 179 76
    189 102 58 69 166 30 28</data></my_img>
<your_img type_id="opencv-matrix">
  <rows>30</rows>
  <cols>20</cols>
  <dt>"3u"</dt>
  <data>
    128 128 128 128 128 128 128 128 128 128 128 128 128 128 128 128 128
    128 128 128 128 128 128 128 128 128 128 128 128 128 128 128 128 128
    128 128 128 128 128 128 128 128 128 128 128 128 128 128 128 128 128
    128 128 128 128 128 128 128 128 128 128 128 128 128 128 128 128 128
    128 128 128 128 128 128 128 128 128 128 128 128 128 128 128 128 128
    128 128 128 128 128 128 128 128 128 128 128 128 128 128 128 128 128
    128 128 128 128 128 128 128 128 128 128 128 128 128 128 128 128 128
    128 128 128 128 128 128 128 128 128 128 128 128 128 128 128 128 128
    128 128 128 128 128 128 128 128 128 128 128 128 128 128 128 128 128
    128 128 128 128 128 128 128 128 128 128 128 128 128 128 128 128 128
    128 128 128 128 128 128 128 128 128 128 128 128 128 128 128 128 128
    128 128 128 128 128 128 128 128 128 128 128 128 128 128 128 128 128
    128 128 128 128 128 128 128 128 128 128 128 128 128 128 128 128 128
    128 128 128 128 128 128 128 128 128 128 128 128 128 128 128 128 128
    128 128 128 128 128 128 128 128 128 128 128 128 128 128 128 128 128
    128 128 128 128 128 128 128 128 128 128 128 128 128 128 128 128 128
    128 128 128 128 128 128 128 128 128 128 128 128 128 128 128 128 128
    128 128 128 128 128 128 128 128 128 128 128 128 128 128 128 128 128
    128 128 128 128 128 128 128 128 128 128 128 128 128 128 128 128 128
    128 128 128 128 128 128 128 128 128 128 128 128 128 128 128 128 128
    128 128 128 128 128 128 128 128 128 128 128 128 128 128 128 128 128
    128 128 128 128 128 128 128 128 128 128 128 128 128 128 128 128 128
    128 128 128 128 128 128 128 128 128 128 128 128 128 128 128 128 128
    128 128 128 128 128 128 128 128 128 128 128 128 128 128 128 128 128
    128 128 128 128 128 128 128 128 128 128 128 128 128 128 128 128 128
    128 128 128 128 128 128 128 128 128 128 128 128 128 128 128 128 128
    128 128 128 128 128 128 128 128 128 128 128 128 128 128 128 128 128
    128 128 128 128 128 128 128 128 128 128 128 128 128 128 128 128 128
    128 128 128 128 128 128 128 128 128 128 128 128 128 128 128 128 128
    128 128 128 128 128 128 128 128 128 128 128 128 128 128 128 128 128
    128 128 128 128 128 128 128 128 128 128 128 128 128 128 128 128 128
    128 128 128 128 128 128 128 128 128 128 128 128 128 128 128 128 128
    128 128 128 128 128 128 128 128 128 128 128 128 128 128 128 128 128
    128 128 128 128 128 128 128 128 128 128 128 128 128 128 128 128 128
    128 128 128 128 128 128 128 128 128 128 128 128 128 128 128 128 128
    128 128 128 128 128 128 128 128 128 128 128 128 128 128 128 128 128
    128 128 128 128 128 128 128 128 128 128 128 128 128 128 128 128 128
    128 128 128 128 128 128 128 128 128 128 128 128 128 128 128 128 128
    128 128 128 128 128 128 128 128 128 128 128 128 128 128 128 128 128
    128 128 128 128 128 128 128 128 128 128 128 128 128 128 128 128 128
    128 128 128 128 128 128 128 128 128 128 128 128 128 128 128 128 128
    128 128 128 128 128 128 128 128 128 128 128 128 128 128 128 128 128
    128 128 128 128 128 128 128 128 128 128 128 128 128 128 128 128 128
    128 128 128 128 128 128 128 128 128 128 128 128 128 128 128 128 128
    128 128 128 128 128 128 128 128 128 128 128 128 128 128 128 128 128
    128 128 128 128 128 128 128 128 128 128 128 128 128 128 128 128 128
    128 128 128 128 128 128 128 128 128 128 128 128 128 128 128 128 128
    128 128 128 128 128 128 128 128 128 128 128 128 128 128 128 128 128
    128 128 128 128 128 128 128 128 128 128 128 128 128 128 128 128 128
    128 128 128 128 128 128 128 128 128 128 128 128 128 128 128 128 128
    128 128 128 128 128 128 128 128 128 128 128 128 128 128 128 128 128
    128 128 128 128 128 128 128 128 128 128 128 128 128 128 128 128 128
    128 128 128 128 128 128 128 128 128 128 128 128 128 128 128 128 128
    128 128 128 128 128 128 128 128 128 128 128 128 128 128 128 128 128
    128 128 128 128 128 128 128 128 128 128 128 128 128 128 128 128 128
    128 128 128 128 128 128 128 128 128 128 128 128 128 128 128 128 128
    128 128 128 128 128 128 128 128 128 128 128 128 128 128 128 128 128
    128 128 128 128 128 128 128 128 128 128 128 128 128 128 128 128 128
    128 128 128 128 128 128 128 128 128 128 128 128 128 128 128 128 128
    128 128 128 128 128 128 128 128 128 128 128 128 128 128 128 128 128
    128 128 128 128 128 128 128 128 128 128 128 128 128 128 128 128 128
    128 128 128 128 128 128 128 128 128 128 128 128 128 128 128 128 128
    128 128 128 128 128 128 128 128 128 128 128 128 128 128 128 128 128
    128 128 128 128 128 128 128 128 128 128 128 128 128 128 128 128 128
    128 128 128 128 128 128 128 128 128 128 128 128 128 128 128 128 128
    128 128 128 128 128 128 128 128 128 128 128 128 128 128 128 128 128
    128 128 128 128 128 128 128 128 128 128 128 128 128 128 128 128 128
    128 128 128 128 128 128 128 128 128 128 128 128 128 128 128 128 128
    128 128 128 128 128 128 128 128 128 128 128 128 128 128 128 128 128
    128 128 128 128 128 128 128 128 128 128 128 128 128 128 128 128 128
    128 128 128 128 128 128 128 128 128 128 128 128 128 128 128 128 128
    128 128 128 128 128 128 128 128 128 128 128 128 128 128 128 128 128
    128 128 128 128 128 128 128 128 128 128 128 128 128 128 128 128 128
    128 128 128 128 128 128 128 128 128 128 128 128 128 128 128 128 128
    128 128 128 128 128 128 128 128 128 128 128 128 128 128 128 128 128
    128 128 128 128 128 128 128 128 128 128 128 128 128 128 128 128 128
    128 128 128 128 128 128 128 128 128 128 128 128 128 128 128 128 128
    128 128 128 128 128 128 128 128 128 128 128 128 128 128 128 128 128
    128 128 128 128 128 128 128 128 128 128 128 128 128 128 128 128 128
    128 128 128 128 128 128 128 128 128 128 128 128 128 128 128 128 128
    128 128 128 128 128 128 128 128 128 128 128 128 128 128 128 128 128
    128 128 128 128 128 128 128 128 128 128 128 128 128 128 128 128 128
    128 128 128 128 128 128 128 128 128 128 128 128 128 128 128 128 128
    128 128 128 128 128 128 128 128 128 128 128 128 128 128 128 128 128
    128 128 128 128 128 128 128 128 128 128 128 128 128 128 128 128 128
    128 128 128 128 128 128 128 128 128 128 128 128 128 128 128 128 128
    128 128 128 128 128 128 128 128 128 128 128 128 128 128 128 128 128
    128 128 128 128 128 128 128 128 128 128 128 128 128 128 128 128 128
    128 128 128 128 128 128 128 128 128 128 128 128 128 128 128 128 128
    128 128 128 128 128 128 128 128 128 128 128 128 128 128 128 128 128
    128 128 128 128 128 128 128 128 128 128 128 128 128 128 128 128 128
    128 128 128 128 128 128 128 128 128 128 128 128 128 128 128 128 128
    128 128 128 128 128 128 128 128 128 128 128 128 128 128 128 128 128
    128 128 128 128 128 128 128 128 128 128 128 128 128 128 128 128 128
    128 128 128 128 128 128 128 128 128 128 128 128 128 128 128 128 128
    128 128 128 128 128 128 128 128 128 128 128 128 128 128 128 128 128
    128 128 128 128 128 128 128 128 128 128 128 128 128 128 128 128 128
    128 128 128 128 128 128 128 128 128 128 128 128 128 128 128 128 128
    128 128 128 128 128 128 128 128 128 128 128 128 128 128 128 128 128
    128 128 128 128 128 128 128 128 128 128 128 128 128 128 128 128 128
    128 128 128 128 128 128 128 128 128 128 128 128 128 128 128 128 128
    128 128 128 128 128 128 128 128 128 128 128 128 128 128 128 128 128
    128 128 128 128 128 128 128 128 128 128 128 128 128 128 128 128 128
    128 128 128 128 128 128 128 128 128 128 128 128 128 128 128 128 128
    128 128 128 128 128 128 128 128 128 128 128 128 128 128 128 128 128
    128 128 128 128 128 128 128 128 128 128 128 128 128 128 128</data></your_img>
</opencv_storage>
