<?xml version="1.0"?>
<opencv_storage>
<L2_diff>3.1527976465355337e+03</L2_diff>
<hue>60</hue>
<sensitivity>10</sensitivity>
<test_foreg type_id="opencv-matrix">
  <rows>30</rows>
  <cols>20</cols>
  <dt>"3u"</dt>
  <data>
    122 139 131 224 201 206 16 237 51 213 205 55 43 8 237 140 118 42 29
    12 96 207 65 12 192 122 35 2 85 213 253 14 203 26 104 153 220 41 236
    142 132 140 80 235 30 181 144 86 40 249 67 222 31 210 203 92 76 20
    98 7 150 156 94 48 132 247 82 90 216 88 89 149 148 189 151 215 157
    44 125 178 137 214 215 68 110 209 49 89 225 219 195 28 113 242 139
    72 192 7 237 49 223 22 219 203 221 29 178 137 146 89 147 121 189 154
    217 187 115 251 190 31 159 156 41 24 22 123 27 187 44 156 132 161 27
    17 216 91 120 145 83 31 247 36 29 240 65 173 152 37 106 151 205 6 26
    31 33 221 236 30 81 80 12 80 163 148 118 61 44 151 217 11 172 3 100
    171 76 98 37 242 113 142 96 97 133 111 122 149 159 112 17 216 52 130
    80 127 4 151 209 87 92 246 7 1 114 252 97 52 121 234 129 129 169 216
    82 107 210 189 50 194 0 117 36 196 129 207 252 73 61 224 17 111 62
    148 44 207 5 150 8 76 237 70 123 214 30 145 76 99 50 205 122 19 204
    28 191 143 130 205 177 78 158 8 206 227 117 43 147 14 193 241 64 98
    127 66 168 120 39 244 209 140 7 127 56 4 242 237 155 150 12 168 193
    49 158 141 141 98 224 142 109 177 231 188 57 213 9 199 53 153 13 252
    13 74 213 231 201 128 150 79 197 201 245 153 73 146 73 221 93 44 181
    101 16 195 180 226 137 128 15 166 130 63 222 176 168 227 67 13 53
    245 139 55 116 32 51 8 2 119 245 169 69 251 13 210 36 96 130 239 135
    59 211 26 40 35 192 18 152 29 245 137 136 182 155 200 172 86 235 62
    122 107 146 46 253 240 81 81 13 161 209 112 151 213 134 2 39 192 109
    131 153 213 164 167 250 95 36 147 28 159 160 65 243 182 97 132 140
    248 1 163 246 73 5 108 240 74 107 101 30 156 251 205 104 192 238 54
    233 123 18 91 129 214 63 32 220 184 129 12 149 32 248 100 170 168 22
    79 84 180 219 109 217 15 175 78 189 147 230 78 66 239 243 255 247
    198 206 114 123 250 1 170 219 23 139 163 119 162 105 217 66 155 212
    57 19 193 106 114 216 43 151 228 3 254 247 220 58 33 83 209 219 174
    165 134 47 226 248 79 24 219 83 19 62 191 117 167 200 119 142 70 215
    141 126 182 203 43 32 134 21 0 30 206 13 128 111 134 182 32 243 65
    156 246 76 120 33 210 183 134 172 80 56 124 163 25 93 158 111 89 31
    224 89 210 177 4 138 127 135 200 190 198 32 83 230 39 90 167 190 214
    41 89 1 164 184 52 221 102 88 33 89 104 190 24 200 99 7 160 84 211
    22 130 172 133 120 229 99 15 225 149 204 117 160 115 63 161 93 192
    204 188 164 223 163 153 48 66 84 0 76 241 175 247 243 133 53 185 94
    250 224 61 67 215 87 204 119 150 43 17 219 150 84 156 176 15 48 42
    80 84 218 47 121 60 187 181 165 130 225 201 105 75 42 199 67 0 108
    45 34 53 241 67 188 24 98 30 118 41 140 151 119 206 2 193 239 99 50
    74 182 214 152 61 7 245 189 241 183 151 161 55 202 146 112 50 40 43
    210 134 251 178 167 26 126 10 70 155 228 49 166 229 96 107 119 251
    211 46 130 76 240 96 248 54 96 168 113 216 12 238 123 13 74 163 189
    122 55 100 215 13 125 73 186 62 84 76 225 184 149 118 209 190 187 73
    253 174 141 92 119 207 247 215 215 75 242 244 234 165 33 8 1 89 151
    198 50 121 118 48 64 220 96 185 208 31 180 21 12 106 74 137 3 167
    234 241 70 196 159 184 221 244 245 6 133 132 184 112 161 154 239 61
    175 246 21 135 143 195 97 62 58 170 161 105 232 59 233 245 158 211
    205 177 189 51 57 157 212 135 44 195 78 162 230 61 25 248 59 218 234
    28 119 57 172 192 11 240 70 169 5 46 37 129 175 93 161 59 136 84 213
    206 217 251 80 91 226 161 135 221 16 201 17 58 136 73 53 247 239 18
    76 84 82 255 212 214 225 64 251 89 169 20 154 109 25 216 218 2 80
    131 141 142 110 199 195 30 123 183 19 24 22 3 212 253 197 176 60 17
    15 83 90 115 112 27 14 121 177 114 149 223 204 145 35 174 90 185 201
    232 225 158 146 144 13 71 71 76 112 163 167 43 66 162 72 139 13 18
    41 144 116 149 217 19 230 45 163 158 254 111 249 123 234 245 100 135
    251 111 217 1 67 197 220 98 83 183 48 178 234 155 23 178 169 229 152
    19 74 65 93 124 245 32 228 106 226 42 140 82 64 138 84 83 121 96 144
    72 179 23 136 241 13 251 229 147 102 122 124 1 2 164 183 176 220 34
    136 57 9 25 78 68 226 149 188 247 185 210 46 176 173 206 20 1 149
    245 40 54 148 163 73 189 184 182 19 181 1 128 68 161 244 81 4 242
    200 217 74 71 230 245 12 254 246 182 85 136 76 189 255 197 13 148 26
    92 109 149 126 167 219 138 222 53 67 55 181 32 190 254 44 17 53 20
    191 242 145 32 250 193 44 143 113 181 222 242 187 152 131 70 216 42
    189 78 16 38 126 74 37 109 240 219 46 57 241 141 201 100 34 76 134
    127 109 85 202 248 101 42 109 16 191 83 197 19 193 244 6 201 224 64
    151 209 86 172 15 104 132 105 170 164 57 30 219 145 22 21 244 182
    125 183 138 151 40 67 141 129 21 255 72 138 195 2 75 61 49 121 21
    131 195 134 51 243 4 239 58 254 121 4 142 86 34 2 150 149 25 62 252
    164 212 115 19 15 88 184 182 157 68 207 179 126 56 116 217 246 62
    194 21 17 6 88 153 225 95 17 19 167 255 211 155 15 31 188 214 180
    248 40 231 125 188 78 68 84 161 227 120 175 249 48 22 233 224 195 61
    159 212 124 80 49 216 31 2 192 64 245 95 152 39 238 136 36 173 18
    206 88 77 84 70 125 43 177 105 196 30 179 180 70 205 158 44 135 90
    10 43 122 161 231 233 169 44 65 205 134 104 58 209 242 220 183 18 8
    155 18 112 216 230 204 139 143 82 28 47 186 163 202 43 113 109 176
    187 213 31 125 32 95 0 159 139 233 2 61 48 155 210 61 113 141 55 200
    127 142 160 208 28 18 201 24 93 187 14 25 64 53 244 248 83 78 46 93
    61 96 240 43 181 71 250 205 116 138 168 253 70 186 105 80 121 109 94
    164 79 103 199 102 247 194 146 180 144 193 148 117 121 34 53 240 86
    92 52 20 195 208 217 251 197 74 210 109 248 120 213 207 92 139 165
    27 185 72 138 78 171 153 220 195 139 138 73 187 91 94 150 63 83 126
    95 184 65 114 171 221 190 194 170 190 14 15 178 79 254 162 29 246 40
    210 250 140 248 83 147 231 139 19 248 119 159 148 4 247 155 82 30
    123 185 196 207 244 88 22 28 2 219 203 202 158 238 98 178 245 30 174
    199 23 247 12 198 253 170 90 152 16 30 251 239 134 235 28 246 255
    181 230 122 117 173 206 197 52 244 31 38 117 216 76 17 194 24 121 38
    224 183 210 109 107 165 197 44 167 42 133 246 187 205 53 147 196 101
    188 70 39 88 179 24 215 140 73 16 125 128 51 29 185 164 65 213 171
    25 28 149 233 134 231 120 146 132 38 190 38 222 241 215 244 196 25
    44 206 212 159 89 64 220 255 104 169 97 212 150 142 8 121 44 198 86
    62 200 3 57 216 67 253 91 105 246 146 178 189 91 19 132 88 66 233
    253 43 20 128 51 150 65 155 31 216 101 72 236 104 189 4 169 243 65
    39 177 137 253 188 96 112 199 238 165 236 35 211 196 97 18 32 111
    178 129 24 251 164 124 173 15 57 52 212 51 188 7 183 55 53 105 170
    46 41 182 105 43 131 156 234 76 101 238 6 82 15 178 231 175 248 199
    36 34 65 186 96 175 133 127 233 48 72 139 59 25 188 152 86 57 176
    153 46 137 84 39 43 235 180 33 152 114 187 245 81 222 186 170 95 113
    127 11 79</data></test_foreg>
<test_backg type_id="opencv-matrix">
  <rows>30</rows>
  <cols>20</cols>
  <dt>"3u"</dt>
  <data>
    128 128 128 128 128 128 128 128 128 128 128 128 128 128 128 128 128
    128 128 128 128 128 128 128 128 128 128 128 128 128 128 128 128 128
    128 128 128 128 128 128 128 128 128 128 128 128 128 128 128 128 128
    128 128 128 128 128 128 128 128 128 128 128 128 128 128 128 128 128
    128 128 128 128 128 128 128 128 128 128 128 128 128 128 128 128 128
    128 128 128 128 128 128 128 128 128 128 128 128 128 128 128 128 128
    128 128 128 128 128 128 128 128 128 128 128 128 128 128 128 128 128
    128 128 128 128 128 128 128 128 128 128 128 128 128 128 128 128 128
    128 128 128 128 128 128 128 128 128 128 128 128 128 128 128 128 128
    128 128 128 128 128 128 128 128 128 128 128 128 128 128 128 128 128
    128 128 128 128 128 128 128 128 128 128 128 128 128 128 128 128 128
    128 128 128 128 128 128 128 128 128 128 128 128 128 128 128 128 128
    128 128 128 128 128 128 128 128 128 128 128 128 128 128 128 128 128
    128 128 128 128 128 128 128 128 128 128 128 128 128 128 128 128 128
    128 128 128 128 128 128 128 128 128 128 128 128 128 128 128 128 128
    128 128 128 128 128 128 128 128 128 128 128 128 128 128 128 128 128
    128 128 128 128 128 128 128 128 128 128 128 128 128 128 128 128 128
    128 128 128 128 128 128 128 128 128 128 128 128 128 128 128 128 128
    128 128 128 128 128 128 128 128 128 128 128 128 128 128 128 128 128
    128 128 128 128 128 128 128 128 128 128 128 128 128 128 128 128 128
    128 128 128 128 128 128 128 128 128 128 128 128 128 128 128 128 128
    128 128 128 128 128 128 128 128 128 128 128 128 128 128 128 128 128
    128 128 128 128 128 128 128 128 128 128 128 128 128 128 128 128 128
    128 128 128 128 128 128 128 128 128 128 128 128 128 128 128 128 128
    128 128 128 128 128 128 128 128 128 128 128 128 128 128 128 128 128
    128 128 128 128 128 128 128 128 128 128 128 128 128 128 128 128 128
    128 128 128 128 128 128 128 128 128 128 128 128 128 128 128 128 128
    128 128 128 128 128 128 128 128 128 128 128 128 128 128 128 128 128
    128 128 128 128 128 128 128 128 128 128 128 128 128 128 128 128 128
    128 128 128 128 128 128 128 128 128 128 128 128 128 128 128 128 128
    128 128 128 128 128 128 128 128 128 128 128 128 128 128 128 128 128
    128 128 128 128 128 128 128 128 128 128 128 128 128 128 128 128 128
    128 128 128 128 128 128 128 128 128 128 128 128 128 128 128 128 128
    128 128 128 128 128 128 128 128 128 128 128 128 128 128 128 128 128
    128 128 128 128 128 128 128 128 128 128 128 128 128 128 128 128 128
    128 128 128 128 128 128 128 128 128 128 128 128 128 128 128 128 128
    128 128 128 128 128 128 128 128 128 128 128 128 128 128 128 128 128
    128 128 128 128 128 128 128 128 128 128 128 128 128 128 128 128 128
    128 128 128 128 128 128 128 128 128 128 128 128 128 128 128 128 128
    128 128 128 128 128 128 128 128 128 128 128 128 128 128 128 128 128
    128 128 128 128 128 128 128 128 128 128 128 128 128 128 128 128 128
    128 128 128 128 128 128 128 128 128 128 128 128 128 128 128 128 128
    128 128 128 128 128 128 128 128 128 128 128 128 128 128 128 128 128
    128 128 128 128 128 128 128 128 128 128 128 128 128 128 128 128 128
    128 128 128 128 128 128 128 128 128 128 128 128 128 128 128 128 128
    128 128 128 128 128 128 128 128 128 128 128 128 128 128 128 128 128
    128 128 128 128 128 128 128 128 128 128 128 128 128 128 128 128 128
    128 128 128 128 128 128 128 128 128 128 128 128 128 128 128 128 128
    128 128 128 128 128 128 128 128 128 128 128 128 128 128 128 128 128
    128 128 128 128 128 128 128 128 128 128 128 128 128 128 128 128 128
    128 128 128 128 128 128 128 128 128 128 128 128 128 128 128 128 128
    128 128 128 128 128 128 128 128 128 128 128 128 128 128 128 128 128
    128 128 128 128 128 128 128 128 128 128 128 128 128 128 128 128 128
    128 128 128 128 128 128 128 128 128 128 128 128 128 128 128 128 128
    128 128 128 128 128 128 128 128 128 128 128 128 128 128 128 128 128
    128 128 128 128 128 128 128 128 128 128 128 128 128 128 128 128 128
    128 128 128 128 128 128 128 128 128 128 128 128 128 128 128 128 128
    128 128 128 128 128 128 128 128 128 128 128 128 128 128 128 128 128
    128 128 128 128 128 128 128 128 128 128 128 128 128 128 128 128 128
    128 128 128 128 128 128 128 128 128 128 128 128 128 128 128 128 128
    128 128 128 128 128 128 128 128 128 128 128 128 128 128 128 128 128
    128 128 128 128 128 128 128 128 128 128 128 128 128 128 128 128 128
    128 128 128 128 128 128 128 128 128 128 128 128 128 128 128 128 128
    128 128 128 128 128 128 128 128 128 128 128 128 128 128 128 128 128
    128 128 128 128 128 128 128 128 128 128 128 128 128 128 128 128 128
    128 128 128 128 128 128 128 128 128 128 128 128 128 128 128 128 128
    128 128 128 128 128 128 128 128 128 128 128 128 128 128 128 128 128
    128 128 128 128 128 128 128 128 128 128 128 128 128 128 128 128 128
    128 128 128 128 128 128 128 128 128 128 128 128 128 128 128 128 128
    128 128 128 128 128 128 128 128 128 128 128 128 128 128 128 128 128
    128 128 128 128 128 128 128 128 128 128 128 128 128 128 128 128 128
    128 128 128 128 128 128 128 128 128 128 128 128 128 128 128 128 128
    128 128 128 128 128 128 128 128 128 128 128 128 128 128 128 128 128
    128 128 128 128 128 128 128 128 128 128 128 128 128 128 128 128 128
    128 128 128 128 128 128 128 128 128 128 128 128 128 128 128 128 128
    128 128 128 128 128 128 128 128 128 128 128 128 128 128 128 128 128
    128 128 128 128 128 128 128 128 128 128 128 128 128 128 128 128 128
    128 128 128 128 128 128 128 128 128 128 128 128 128 128 128 128 128
    128 128 128 128 128 128 128 128 128 128 128 128 128 128 128 128 128
    128 128 128 128 128 128 128 128 128 128 128 128 128 128 128 128 128
    128 128 128 128 128 128 128 128 128 128 128 128 128 128 128 128 128
    128 128 128 128 128 128 128 128 128 128 128 128 128 128 128 128 128
    128 128 128 128 128 128 128 128 128 128 128 128 128 128 128 128 128
    128 128 128 128 128 128 128 128 128 128 128 128 128 128 128 128 128
    128 128 128 128 128 128 128 128 128 128 128 128 128 128 128 128 128
    128 128 128 128 128 128 128 128 128 128 128 128 128 128 128 128 128
    128 128 128 128 128 128 128 128 128 128 128 128 128 128 128 128 128
    128 128 128 128 128 128 128 128 128 128 128 128 128 128 128 128 128
    128 128 128 128 128 128 128 128 128 128 128 128 128 128 128 128 128
    128 128 128 128 128 128 128 128 128 128 128 128 128 128 128 128 128
    128 128 128 128 128 128 128 128 128 128 128 128 128 128 128 128 128
    128 128 128 128 128 128 128 128 128 128 128 128 128 128 128 128 128
    128 128 128 128 128 128 128 128 128 128 128 128 128 128 128 128 128
    128 128 128 128 128 128 128 128 128 128 128 128 128 128 128 128 128
    128 128 128 128 128 128 128 128 128 128 128 128 128 128 128 128 128
    128 128 128 128 128 128 128 128 128 128 128 128 128 128 128 128 128
    128 128 128 128 128 128 128 128 128 128 128 128 128 128 128 128 128
    128 128 128 128 128 128 128 128 128 128 128 128 128 128 128 128 128
    128 128 128 128 128 128 128 128 128 128 128 128 128 128 128 128 128
    128 128 128 128 128 128 128 128 128 128 128 128 128 128 128 128 128
    128 128 128 128 128 128 128 128 128 128 128 128 128 128 128 128 128
    128 128 128 128 128 128 128 128 128 128 128 128 128 128 128 128 128
    128 128 128 128 128 128 128 128 128 128 128 128 128 128 128 128 128
    128 128 128 128 128 128 128 128 128 128 128 128 128 128 128 128 128
    128 128 128 128 128 128 128 128 128 128 128 128 128 128 128 128 128
    128 128 128 128 128 128 128 128 128 128 128 128 128 128 128</data></test_backg>
<my_img type_id="opencv-matrix">
  <rows>30</rows>
  <cols>20</cols>
  <dt>"3u"</dt>
  <data>
    122 139 131 224 201 206 128 128 128 213 205 55 43 8 237 140 118 42
    29 12 96 207 65 12 192 122 35 2 85 213 253 14 203 26 104 153 220 41
    236 142 132 140 128 128 128 181 144 86 128 128 128 222 31 210 203 92
    76 128 128 128 150 156 94 48 132 247 82 90 216 88 89 149 128 128 128
    215 157 44 128 128 128 214 215 68 110 209 49 89 225 219 195 28 113
    242 139 72 192 7 237 128 128 128 219 203 221 29 178 137 146 89 147
    121 189 154 217 187 115 251 190 31 159 156 41 24 22 123 128 128 128
    156 132 161 27 17 216 91 120 145 83 31 247 36 29 240 65 173 152 37
    106 151 205 6 26 31 33 221 236 30 81 80 12 80 163 148 118 61 44 151
    217 11 172 3 100 171 76 98 37 242 113 142 96 97 133 111 122 149 159
    112 17 216 52 130 80 127 4 151 209 87 92 246 7 1 114 252 97 52 121
    234 129 129 169 216 82 107 210 189 128 128 128 117 36 196 129 207
    252 73 61 224 17 111 62 148 44 207 128 128 128 128 128 128 123 214
    30 145 76 99 50 205 122 128 128 128 191 143 130 205 177 78 158 8 206
    227 117 43 147 14 193 241 64 98 127 66 168 120 39 244 209 140 7 127
    56 4 242 237 155 150 12 168 193 49 158 141 141 98 224 142 109 128
    128 128 128 128 128 199 53 153 128 128 128 74 213 231 201 128 150 79
    197 201 245 153 73 146 73 221 93 44 181 101 16 195 180 226 137 128
    15 166 130 63 222 176 168 227 67 13 53 245 139 55 116 32 51 8 2 119
    245 169 69 251 13 210 36 96 130 239 135 59 211 26 40 128 128 128 152
    29 245 137 136 182 155 200 172 128 128 128 122 107 146 46 253 240 81
    81 13 161 209 112 128 128 128 2 39 192 109 131 153 213 164 167 250
    95 36 147 28 159 160 65 243 182 97 132 140 248 1 163 246 73 5 108
    240 74 107 101 30 156 251 205 104 192 238 54 233 123 18 91 129 214
    63 32 220 184 129 12 149 128 128 128 170 168 22 79 84 180 219 109
    217 15 175 78 189 147 230 78 66 239 128 128 128 198 206 114 123 250
    1 170 219 23 139 163 119 162 105 217 66 155 212 57 19 193 106 114
    216 43 151 228 3 254 247 220 58 33 83 209 219 174 165 134 47 226 248
    79 24 219 83 19 62 191 117 167 200 119 142 70 215 141 126 182 203 43
    32 134 21 0 30 206 13 128 111 134 182 128 128 128 156 246 76 120 33
    210 183 134 172 80 56 124 163 25 93 158 111 89 128 128 128 210 177 4
    138 127 135 200 190 198 32 83 230 39 90 167 190 214 41 89 1 164 184
    52 221 102 88 33 89 104 190 24 200 99 7 160 84 211 22 130 172 133
    120 229 99 15 225 149 204 128 128 128 128 128 128 128 128 128 128
    128 128 153 48 66 84 0 76 241 175 247 243 133 53 185 94 250 224 61
    67 215 87 204 119 150 43 17 219 150 84 156 176 15 48 42 80 84 218
    128 128 128 187 181 165 130 225 201 105 75 42 199 67 0 108 45 34 128
    128 128 188 24 98 128 128 128 140 151 119 206 2 193 239 99 50 74 182
    214 152 61 7 245 189 241 183 151 161 55 202 146 112 50 40 43 210 134
    251 178 167 128 128 128 70 155 228 49 166 229 96 107 119 251 211 46
    130 76 240 128 128 128 128 128 128 216 12 238 123 13 74 163 189 122
    55 100 215 13 125 73 186 62 84 76 225 184 149 118 209 190 187 73 253
    174 141 92 119 207 247 215 215 75 242 244 234 165 33 8 1 89 151 198
    50 121 118 48 128 128 128 185 208 31 180 21 12 106 74 137 3 167 234
    241 70 196 159 184 221 244 245 6 133 132 184 112 161 154 239 61 175
    246 21 135 143 195 97 62 58 170 161 105 232 59 233 245 158 211 205
    177 189 51 57 157 212 135 44 195 78 162 230 61 25 248 59 218 234 128
    128 128 172 192 11 240 70 169 5 46 37 129 175 93 161 59 136 84 213
    206 217 251 80 91 226 161 135 221 16 201 17 58 136 73 53 247 239 18
    76 84 82 255 212 214 225 64 251 89 169 20 154 109 25 216 218 2 80
    131 141 142 110 199 195 30 123 183 19 24 22 3 212 253 197 176 60 17
    15 83 90 115 112 27 14 128 128 128 149 223 204 145 35 174 90 185 201
    232 225 158 146 144 13 71 71 76 112 163 167 43 66 162 72 139 13 18
    41 144 116 149 217 128 128 128 163 158 254 128 128 128 234 245 100
    128 128 128 217 1 67 197 220 98 128 128 128 128 128 128 23 178 169
    229 152 19 74 65 93 124 245 32 228 106 226 42 140 82 128 128 128 128
    128 128 144 72 179 23 136 241 13 251 229 147 102 122 124 1 2 164 183
    176 220 34 136 57 9 25 78 68 226 149 188 247 185 210 46 176 173 206
    20 1 149 245 40 54 148 163 73 189 184 182 128 128 128 128 68 161 244
    81 4 242 200 217 74 71 230 245 12 254 246 182 85 136 76 189 255 197
    13 148 26 92 109 149 126 167 219 138 222 53 67 128 128 128 190 254
    44 128 128 128 191 242 145 32 250 193 44 143 113 181 222 242 187 152
    131 128 128 128 189 78 16 38 126 74 37 109 240 219 46 57 241 141 201
    100 34 76 134 127 109 85 202 248 101 42 109 16 191 83 197 19 193 244
    6 201 224 64 151 209 86 172 15 104 132 105 170 164 57 30 219 145 22
    21 244 182 125 183 138 151 40 67 141 129 21 255 72 138 195 2 75 61
    128 128 128 128 128 128 128 128 128 239 58 254 121 4 142 86 34 2 150
    149 25 62 252 164 212 115 19 15 88 184 182 157 68 207 179 126 56 116
    217 246 62 194 21 17 6 88 153 225 95 17 19 167 255 211 155 15 31 128
    128 128 248 40 231 125 188 78 68 84 161 227 120 175 249 48 22 233
    224 195 61 159 212 124 80 49 216 31 2 192 64 245 95 152 39 238 136
    36 173 18 206 88 77 84 128 128 128 177 105 196 30 179 180 70 205 158
    44 135 90 10 43 122 161 231 233 169 44 65 205 134 104 58 209 242 220
    183 18 128 128 128 112 216 230 204 139 143 82 28 47 186 163 202 43
    113 109 176 187 213 128 128 128 95 0 159 139 233 2 61 48 155 210 61
    113 141 55 200 127 142 160 208 28 18 201 24 93 187 14 25 64 53 244
    248 83 78 128 128 128 128 128 128 181 71 250 205 116 138 168 253 70
    186 105 80 121 109 94 164 79 103 199 102 247 194 146 180 128 128 128
    117 121 34 128 128 128 92 52 20 195 208 217 251 197 74 210 109 248
    120 213 207 92 139 165 128 128 128 138 78 171 153 220 195 139 138 73
    187 91 94 150 63 83 126 95 184 65 114 171 221 190 194 170 190 14 15
    178 79 254 162 29 246 40 210 250 140 248 83 147 231 139 19 248 119
    159 148 4 247 155 82 30 123 185 196 207 244 88 22 28 2 219 203 202
    158 238 98 178 245 30 174 199 23 247 12 198 253 170 90 152 16 30 251
    239 134 235 28 246 255 181 230 122 117 173 206 197 52 244 31 38 117
    216 76 17 194 24 121 38 224 183 210 109 107 165 197 44 167 42 133
    246 187 205 53 147 196 128 128 128 39 88 179 24 215 140 73 16 125
    128 51 29 185 164 65 213 171 25 28 149 233 128 128 128 146 132 38
    190 38 222 241 215 244 196 25 44 206 212 159 89 64 220 255 104 169
    97 212 150 142 8 121 128 128 128 128 128 128 128 128 128 253 91 105
    246 146 178 189 91 19 132 88 66 233 253 43 128 128 128 150 65 155 31
    216 101 128 128 128 189 4 169 243 65 39 177 137 253 188 96 112 199
    238 165 236 35 211 196 97 18 32 111 178 129 24 251 164 124 173 15 57
    52 212 51 188 128 128 128 53 105 170 46 41 182 105 43 131 156 234 76
    101 238 6 82 15 178 231 175 248 199 36 34 128 128 128 175 133 127
    233 48 72 139 59 25 188 152 86 57 176 153 46 137 84 39 43 235 180 33
    152 114 187 245 81 222 186 170 95 113 127 11 79</data></my_img>
<your_img type_id="opencv-matrix">
  <rows>30</rows>
  <cols>20</cols>
  <dt>"3u"</dt>
  <data>
    128 128 128 128 128 128 16 237 51 128 128 128 128 128 128 128 128
    128 128 128 128 128 128 128 128 128 128 128 128 128 128 128 128 128
    128 128 128 128 128 128 128 128 80 235 30 128 128 128 40 249 67 128
    128 128 128 128 128 20 98 7 128 128 128 128 128 128 128 128 128 128
    128 128 148 189 151 128 128 128 125 178 137 128 128 128 128 128 128
    128 128 128 128 128 128 128 128 128 128 128 128 49 223 22 128 128
    128 128 128 128 128 128 128 128 128 128 128 128 128 128 128 128 128
    128 128 128 128 128 27 187 44 128 128 128 128 128 128 128 128 128
    128 128 128 128 128 128 128 128 128 128 128 128 128 128 128 128 128
    128 128 128 128 128 128 128 128 128 128 128 128 128 128 128 128 128
    128 128 128 128 128 128 128 128 128 128 128 128 128 128 128 128 128
    128 128 128 128 128 128 128 128 128 128 128 128 128 128 128 128 128
    128 128 128 128 128 128 128 128 128 128 50 194 0 128 128 128 128 128
    128 128 128 128 128 128 128 128 128 128 5 150 8 76 237 70 128 128
    128 128 128 128 128 128 128 19 204 28 128 128 128 128 128 128 128
    128 128 128 128 128 128 128 128 128 128 128 128 128 128 128 128 128
    128 128 128 128 128 128 128 128 128 128 128 128 128 128 128 128 128
    128 128 128 128 177 231 188 57 213 9 128 128 128 13 252 13 128 128
    128 128 128 128 128 128 128 128 128 128 128 128 128 128 128 128 128
    128 128 128 128 128 128 128 128 128 128 128 128 128 128 128 128 128
    128 128 128 128 128 128 128 128 128 128 128 128 128 128 128 128 128
    128 128 128 128 128 128 128 35 192 18 128 128 128 128 128 128 128
    128 128 86 235 62 128 128 128 128 128 128 128 128 128 128 128 128
    151 213 134 128 128 128 128 128 128 128 128 128 128 128 128 128 128
    128 128 128 128 128 128 128 128 128 128 128 128 128 128 128 128 128
    128 128 128 128 128 128 128 128 128 128 128 128 128 128 128 128 128
    128 128 128 128 128 128 32 248 100 128 128 128 128 128 128 128 128
    128 128 128 128 128 128 128 128 128 128 243 255 247 128 128 128 128
    128 128 128 128 128 128 128 128 128 128 128 128 128 128 128 128 128
    128 128 128 128 128 128 128 128 128 128 128 128 128 128 128 128 128
    128 128 128 128 128 128 128 128 128 128 128 128 128 128 128 128 128
    128 128 128 128 128 128 128 128 128 128 128 128 128 128 128 128 128
    32 243 65 128 128 128 128 128 128 128 128 128 128 128 128 128 128
    128 128 128 128 31 224 89 128 128 128 128 128 128 128 128 128 128
    128 128 128 128 128 128 128 128 128 128 128 128 128 128 128 128 128
    128 128 128 128 128 128 128 128 128 128 128 128 128 128 128 128 128
    128 128 128 128 117 160 115 63 161 93 192 204 188 164 223 163 128
    128 128 128 128 128 128 128 128 128 128 128 128 128 128 128 128 128
    128 128 128 128 128 128 128 128 128 128 128 128 128 128 128 128 128
    128 47 121 60 128 128 128 128 128 128 128 128 128 128 128 128 128
    128 128 53 241 67 128 128 128 30 118 41 128 128 128 128 128 128 128
    128 128 128 128 128 128 128 128 128 128 128 128 128 128 128 128 128
    128 128 128 128 128 128 128 128 128 26 126 10 128 128 128 128 128
    128 128 128 128 128 128 128 128 128 128 96 248 54 96 168 113 128 128
    128 128 128 128 128 128 128 128 128 128 128 128 128 128 128 128 128
    128 128 128 128 128 128 128 128 128 128 128 128 128 128 128 128 128
    128 128 128 128 128 128 128 128 128 128 128 128 128 128 128 64 220
    96 128 128 128 128 128 128 128 128 128 128 128 128 128 128 128 128
    128 128 128 128 128 128 128 128 128 128 128 128 128 128 128 128 128
    128 128 128 128 128 128 128 128 128 128 128 128 128 128 128 128 128
    128 128 128 128 128 128 128 128 128 128 128 128 128 128 128 128 28
    119 57 128 128 128 128 128 128 128 128 128 128 128 128 128 128 128
    128 128 128 128 128 128 128 128 128 128 128 128 128 128 128 128 128
    128 128 128 128 128 128 128 128 128 128 128 128 128 128 128 128 128
    128 128 128 128 128 128 128 128 128 128 128 128 128 128 128 128 128
    128 128 128 128 128 128 128 128 128 128 128 128 128 128 128 121 177
    114 128 128 128 128 128 128 128 128 128 128 128 128 128 128 128 128
    128 128 128 128 128 128 128 128 128 128 128 128 128 128 128 128 128
    19 230 45 128 128 128 111 249 123 128 128 128 135 251 111 128 128
    128 128 128 128 83 183 48 178 234 155 128 128 128 128 128 128 128
    128 128 128 128 128 128 128 128 128 128 128 64 138 84 83 121 96 128
    128 128 128 128 128 128 128 128 128 128 128 128 128 128 128 128 128
    128 128 128 128 128 128 128 128 128 128 128 128 128 128 128 128 128
    128 128 128 128 128 128 128 128 128 128 128 128 128 19 181 1 128 128
    128 128 128 128 128 128 128 128 128 128 128 128 128 128 128 128 128
    128 128 128 128 128 128 128 128 128 128 128 128 128 128 128 128 128
    55 181 32 128 128 128 17 53 20 128 128 128 128 128 128 128 128 128
    128 128 128 128 128 128 70 216 42 128 128 128 128 128 128 128 128
    128 128 128 128 128 128 128 128 128 128 128 128 128 128 128 128 128
    128 128 128 128 128 128 128 128 128 128 128 128 128 128 128 128 128
    128 128 128 128 128 128 128 128 128 128 128 128 128 128 128 128 128
    128 128 128 128 128 128 128 128 128 128 128 128 128 49 121 21 131
    195 134 51 243 4 128 128 128 128 128 128 128 128 128 128 128 128 128
    128 128 128 128 128 128 128 128 128 128 128 128 128 128 128 128 128
    128 128 128 128 128 128 128 128 128 128 128 128 128 128 128 128 128
    128 188 214 180 128 128 128 128 128 128 128 128 128 128 128 128 128
    128 128 128 128 128 128 128 128 128 128 128 128 128 128 128 128 128
    128 128 128 128 128 128 128 128 128 128 128 128 70 125 43 128 128
    128 128 128 128 128 128 128 128 128 128 128 128 128 128 128 128 128
    128 128 128 128 128 128 128 128 128 128 128 8 155 18 128 128 128 128
    128 128 128 128 128 128 128 128 128 128 128 128 128 128 31 125 32
    128 128 128 128 128 128 128 128 128 128 128 128 128 128 128 128 128
    128 128 128 128 128 128 128 128 128 128 128 128 128 128 128 128 46
    93 61 96 240 43 128 128 128 128 128 128 128 128 128 128 128 128 128
    128 128 128 128 128 128 128 128 128 128 128 144 193 148 128 128 128
    53 240 86 128 128 128 128 128 128 128 128 128 128 128 128 128 128
    128 128 128 128 27 185 72 128 128 128 128 128 128 128 128 128 128
    128 128 128 128 128 128 128 128 128 128 128 128 128 128 128 128 128
    128 128 128 128 128 128 128 128 128 128 128 128 128 128 128 128 128
    128 128 128 128 128 128 128 128 128 128 128 128 128 128 128 128 128
    128 128 128 128 128 128 128 128 128 128 128 128 128 128 128 128 128
    128 128 128 128 128 128 128 128 128 128 128 128 128 128 128 128 128
    128 128 128 128 128 128 128 128 128 128 128 128 128 128 128 128 128
    128 128 128 128 128 128 128 128 128 128 128 128 128 128 101 188 70
    128 128 128 128 128 128 128 128 128 128 128 128 128 128 128 128 128
    128 128 128 128 134 231 120 128 128 128 128 128 128 128 128 128 128
    128 128 128 128 128 128 128 128 128 128 128 128 128 128 128 128 128
    44 198 86 62 200 3 57 216 67 128 128 128 128 128 128 128 128 128 128
    128 128 128 128 128 20 128 51 128 128 128 128 128 128 72 236 104 128
    128 128 128 128 128 128 128 128 128 128 128 128 128 128 128 128 128
    128 128 128 128 128 128 128 128 128 128 128 128 128 128 128 128 128
    128 7 183 55 128 128 128 128 128 128 128 128 128 128 128 128 128 128
    128 128 128 128 128 128 128 128 128 128 65 186 96 128 128 128 128
    128 128 128 128 128 128 128 128 128 128 128 128 128 128 128 128 128
    128 128 128 128 128 128 128 128 128 128 128 128 128 128 128</data></your_img>
</opencv_storage>
