<?xml version="1.0"?>
<opencv_storage>
<L2_diff>3.1827857295143199e+03</L2_diff>
<hue>60</hue>
<sensitivity>10</sensitivity>
<test_foreg type_id="opencv-matrix">
  <rows>30</rows>
  <cols>20</cols>
  <dt>"3u"</dt>
  <data>
    133 179 228 212 206 41 117 5 154 144 226 45 118 14 246 51 51 11 189
    58 168 100 167 194 168 148 196 20 147 34 69 231 42 199 98 195 158 66
    123 104 3 198 237 241 104 44 235 110 255 50 142 223 196 228 150 185
    138 215 97 159 241 234 26 127 245 159 197 67 248 138 32 67 128 144
    195 233 154 74 29 147 144 205 147 129 5 133 93 221 214 101 250 225
    224 36 125 223 115 151 104 14 122 245 172 136 204 168 174 224 54 225
    214 0 138 131 167 183 197 224 47 4 102 183 93 136 34 7 191 135 208
    250 210 98 144 231 14 48 193 150 102 128 32 221 103 240 54 48 245
    117 228 232 162 131 150 0 236 198 125 113 2 254 124 167 164 164 168
    193 8 105 8 207 59 133 181 171 56 110 229 161 91 83 224 18 109 203
    98 197 132 22 168 164 230 129 42 153 221 159 42 211 48 208 102 191
    237 69 28 197 74 96 19 41 217 146 88 58 107 152 123 11 207 149 174
    161 153 122 212 69 158 30 38 230 62 109 237 151 128 40 245 145 9 181
    16 13 99 48 106 203 105 152 228 223 205 203 246 36 136 32 4 123 200
    25 14 76 239 206 7 252 52 0 230 155 236 21 66 106 85 137 80 81 238
    144 54 221 157 218 153 71 139 227 179 6 199 106 169 192 17 14 98 32
    85 243 71 216 155 98 59 159 41 12 84 109 88 73 124 22 51 99 228 167
    84 145 163 200 137 251 17 222 3 241 64 2 34 251 210 66 170 109 233
    242 178 245 41 176 156 182 3 238 151 186 251 118 204 54 245 24 182
    90 90 93 50 168 153 81 46 141 224 202 30 93 209 96 176 1 78 126 16
    236 229 97 82 64 176 207 88 51 223 232 120 52 161 21 115 87 240 58
    93 105 123 65 76 129 155 135 190 53 71 32 105 204 210 153 45 145 108
    172 42 95 159 159 180 211 144 160 50 203 156 91 205 84 182 67 226 42
    52 247 11 121 230 147 114 186 60 73 167 66 243 57 108 38 101 204 18
    70 149 102 228 75 144 48 54 37 146 163 237 37 123 143 141 54 107 198
    16 124 30 198 158 6 132 79 130 242 183 154 190 85 17 25 122 85 160
    110 203 132 166 164 253 103 23 149 52 252 13 47 54 141 115 64 20 153
    10 114 243 156 8 216 131 155 107 59 220 145 18 238 183 187 228 185
    31 10 109 24 69 255 16 89 201 85 12 207 200 153 125 6 14 145 95 52
    242 92 145 73 193 195 246 152 208 81 45 211 170 143 237 252 191 139
    116 151 243 21 222 93 38 60 213 238 183 110 247 194 74 205 29 188
    119 156 211 209 162 148 122 135 40 104 155 1 34 213 145 14 25 108 11
    92 249 197 135 227 221 225 101 174 219 39 90 192 231 32 242 0 61 149
    142 71 54 55 54 194 116 226 37 185 126 80 238 184 64 106 252 244 171
    142 7 8 130 227 29 238 65 120 237 208 105 191 174 117 222 220 73 202
    162 231 12 84 187 86 28 251 100 4 44 150 12 121 136 203 167 49 184
    181 29 32 221 25 222 230 104 53 53 125 23 161 51 60 44 188 99 183
    197 73 223 228 122 23 145 251 185 19 182 196 0 41 55 31 5 178 195 98
    145 13 253 78 125 163 150 32 220 109 119 39 167 94 228 2 156 191 228
    166 27 195 58 69 137 252 58 59 155 233 207 64 33 224 10 206 213 250
    17 160 213 184 236 14 171 164 93 144 196 148 228 22 19 18 176 82 248
    40 190 66 132 140 124 202 118 71 105 200 184 55 36 53 220 241 149
    205 11 197 15 221 42 29 226 168 238 100 208 189 136 216 130 11 207
    238 97 206 129 252 71 71 84 185 86 131 48 28 218 235 144 50 152 126
    218 90 165 163 238 163 0 93 80 38 174 103 18 21 126 173 201 41 11
    141 105 118 76 124 229 247 99 209 143 23 169 40 88 233 244 25 155 5
    228 141 107 216 99 91 158 220 132 162 193 18 3 110 213 81 119 175
    206 200 103 229 145 139 142 189 124 222 174 54 119 171 51 91 95 169
    163 58 209 253 181 163 52 206 143 237 9 1 233 161 104 167 21 78 12
    146 47 252 46 168 2 28 141 226 2 7 237 226 149 215 38 12 188 217 155
    192 115 216 86 140 74 153 44 120 62 124 82 226 99 202 15 213 21 35
    183 255 50 139 127 152 240 128 22 241 155 42 175 237 197 25 64 148 8
    188 111 170 104 62 207 115 167 25 25 108 201 6 77 118 179 19 236 52
    74 231 155 16 140 116 16 191 82 214 69 50 19 85 17 224 0 198 0 253
    93 1 226 193 132 105 149 35 112 58 201 161 75 180 173 75 167 11 218
    196 53 13 130 242 44 252 30 27 87 230 184 164 207 95 2 2 117 179 209
    186 191 13 85 232 48 206 205 22 2 138 226 153 75 47 211 154 232 105
    56 152 191 198 99 41 213 247 94 184 108 245 26 107 1 1 84 84 221 15
    199 102 231 87 18 80 36 14 57 6 14 18 52 247 177 238 126 210 218 108
    138 116 108 164 69 219 210 36 229 6 117 104 128 54 77 4 228 220 226
    213 94 170 144 86 60 189 19 32 123 44 169 232 100 94 47 188 163 218
    147 167 69 15 237 37 184 1 166 100 254 67 53 242 96 159 123 60 110
    236 245 78 132 130 194 41 68 239 31 37 30 106 1 183 46 224 121 3 191
    58 61 177 249 21 124 26 70 90 126 81 206 92 193 44 31 223 41 60 4 27
    243 166 226 15 69 73 106 221 89 12 223 175 69 176 25 57 151 49 178
    13 19 91 171 37 239 235 222 155 78 248 74 8 197 105 76 147 230 254
    104 53 61 102 29 202 209 133 125 184 162 147 20 234 58 178 170 17
    233 72 219 162 154 176 59 228 157 53 115 67 52 37 49 87 107 223 130
    50 12 78 101 141 167 250 18 185 195 133 226 145 181 216 8 211 214 6
    41 228 29 217 141 146 31 239 227 247 37 8 31 67 23 209 217 104 101
    190 29 82 171 119 82 206 54 243 53 94 39 92 134 125 220 69 215 173
    126 12 74 213 212 205 78 195 31 146 173 240 143 101 79 65 248 1 245
    176 225 17 178 164 115 224 214 85 90 134 51 183 10 120 91 168 25 213
    27 223 232 73 232 198 170 207 25 98 91 34 9 92 9 212 42 28 125 102
    34 233 186 206 13 213 53 14 85 155 41 46 118 155 100 132 47 113 218
    210 106 215 64 153 30 59 100 143 26 172 197 141 109 97 185 16 122
    142 56 115 61 121 140 175 230 164 29 140 235 239 194 254 109 169 25
    145 54 178 100 216 177 161 216 28 14 229 99 251 168 93 230 125 76
    165 86 193 25 48 25 215 58 91 56 238 70 167 86 141 36 47 78 233 117
    180 51 92 189 205 214 59 153 11 224 122 76 135 234 189 224 36 87 128
    2 74 244 129 230 220 27 47 19 104 34 72 210 17 243 81 102 25 4 76
    197 51 141 237 183 255 186 193 243 93 150 254 47 196 222 90 89 139 3
    121 130 42 12 244 194 84 65 24 43 140 186 238 64 102 152 181 141 146
    190 24 83 218 233 2 176 94 252 198 13 7 157 46 83 14 5 161 192 81 93
    90 234 53 167 88 67 96 152 108 75 155 162 25 178 146 43 43 84 112 24
    44 209 197 237 90 14 37 251 209 223 183 194 89 166 181 54 226 65 38
    71 217 125 164 238 61 131 125 100 26 40 21 194 235 23 46 51 82 93 22
    26 133 174 197 67 50 96 61 252 226 96 159 244 180 24 233 236 191 138
    43 199 105 193 24 177 72 168 189 143 201 63 240 202 40 139 231 203
    253 228 126 69 143 148 128 1 137 61 14 35 126 81 134 190 153 98 195
    162 175 80 43 31 104 104 203 248 241 249 35 241 221 157 161 64 233
    48 150 225 207 149 203 228 179 65 149 235 188 169 39 93 221 65 231
    195 221 134 57 189 35 69 194 169 97 209 110 101 64 236 201 244 217
    114 92 44 189 160 205 228 142 233 184 70 98 228 92 45 244 118 165 26
    48 58 128 217 35 186 41 1 112 225 35 184 106 212 69 13 46</data></test_foreg>
<test_backg type_id="opencv-matrix">
  <rows>60</rows>
  <cols>40</cols>
  <dt>"3u"</dt>
  <data>
    128 128 128 128 128 128 128 128 128 128 128 128 128 128 128 128 128
    128 128 128 128 128 128 128 128 128 128 128 128 128 128 128 128 128
    128 128 128 128 128 128 128 128 128 128 128 128 128 128 128 128 128
    128 128 128 128 128 128 128 128 128 128 128 128 128 128 128 128 128
    128 128 128 128 128 128 128 128 128 128 128 128 128 128 128 128 128
    128 128 128 128 128 128 128 128 128 128 128 128 128 128 128 128 128
    128 128 128 128 128 128 128 128 128 128 128 128 128 128 128 128 128
    128 128 128 128 128 128 128 128 128 128 128 128 128 128 128 128 128
    128 128 128 128 128 128 128 128 128 128 128 128 128 128 128 128 128
    128 128 128 128 128 128 128 128 128 128 128 128 128 128 128 128 128
    128 128 128 128 128 128 128 128 128 128 128 128 128 128 128 128 128
    128 128 128 128 128 128 128 128 128 128 128 128 128 128 128 128 128
    128 128 128 128 128 128 128 128 128 128 128 128 128 128 128 128 128
    128 128 128 128 128 128 128 128 128 128 128 128 128 128 128 128 128
    128 128 128 128 128 128 128 128 128 128 128 128 128 128 128 128 128
    128 128 128 128 128 128 128 128 128 128 128 128 128 128 128 128 128
    128 128 128 128 128 128 128 128 128 128 128 128 128 128 128 128 128
    128 128 128 128 128 128 128 128 128 128 128 128 128 128 128 128 128
    128 128 128 128 128 128 128 128 128 128 128 128 128 128 128 128 128
    128 128 128 128 128 128 128 128 128 128 128 128 128 128 128 128 128
    128 128 128 128 128 128 128 128 128 128 128 128 128 128 128 128 128
    128 128 128 128 128 128 128 128 128 128 128 128 128 128 128 128 128
    128 128 128 128 128 128 128 128 128 128 128 128 128 128 128 128 128
    128 128 128 128 128 128 128 128 128 128 128 128 128 128 128 128 128
    128 128 128 128 128 128 128 128 128 128 128 128 128 128 128 128 128
    128 128 128 128 128 128 128 128 128 128 128 128 128 128 128 128 128
    128 128 128 128 128 128 128 128 128 128 128 128 128 128 128 128 128
    128 128 128 128 128 128 128 128 128 128 128 128 128 128 128 128 128
    128 128 128 128 128 128 128 128 128 128 128 128 128 128 128 128 128
    128 128 128 128 128 128 128 128 128 128 128 128 128 128 128 128 128
    128 128 128 128 128 128 128 128 128 128 128 128 128 128 128 128 128
    128 128 128 128 128 128 128 128 128 128 128 128 128 128 128 128 128
    128 128 128 128 128 128 128 128 128 128 128 128 128 128 128 128 128
    128 128 128 128 128 128 128 128 128 128 128 128 128 128 128 128 128
    128 128 128 128 128 128 128 128 128 128 128 128 128 128 128 128 128
    128 128 128 128 128 128 128 128 128 128 128 128 128 128 128 128 128
    128 128 128 128 128 128 128 128 128 128 128 128 128 128 128 128 128
    128 128 128 128 128 128 128 128 128 128 128 128 128 128 128 128 128
    128 128 128 128 128 128 128 128 128 128 128 128 128 128 128 128 128
    128 128 128 128 128 128 128 128 128 128 128 128 128 128 128 128 128
    128 128 128 128 128 128 128 128 128 128 128 128 128 128 128 128 128
    128 128 128 128 128 128 128 128 128 128 128 128 128 128 128 128 128
    128 128 128 128 128 128 128 128 128 128 128 128 128 128 128 128 128
    128 128 128 128 128 128 128 128 128 128 128 128 128 128 128 128 128
    128 128 128 128 128 128 128 128 128 128 128 128 128 128 128 128 128
    128 128 128 128 128 128 128 128 128 128 128 128 128 128 128 128 128
    128 128 128 128 128 128 128 128 128 128 128 128 128 128 128 128 128
    128 128 128 128 128 128 128 128 128 128 128 128 128 128 128 128 128
    128 128 128 128 128 128 128 128 128 128 128 128 128 128 128 128 128
    128 128 128 128 128 128 128 128 128 128 128 128 128 128 128 128 128
    128 128 128 128 128 128 128 128 128 128 128 128 128 128 128 128 128
    128 128 128 128 128 128 128 128 128 128 128 128 128 128 128 128 128
    128 128 128 128 128 128 128 128 128 128 128 128 128 128 128 128 128
    128 128 128 128 128 128 128 128 128 128 128 128 128 128 128 128 128
    128 128 128 128 128 128 128 128 128 128 128 128 128 128 128 128 128
    128 128 128 128 128 128 128 128 128 128 128 128 128 128 128 128 128
    128 128 128 128 128 128 128 128 128 128 128 128 128 128 128 128 128
    128 128 128 128 128 128 128 128 128 128 128 128 128 128 128 128 128
    128 128 128 128 128 128 128 128 128 128 128 128 128 128 128 128 128
    128 128 128 128 128 128 128 128 128 128 128 128 128 128 128 128 128
    128 128 128 128 128 128 128 128 128 128 128 128 128 128 128 128 128
    128 128 128 128 128 128 128 128 128 128 128 128 128 128 128 128 128
    128 128 128 128 128 128 128 128 128 128 128 128 128 128 128 128 128
    128 128 128 128 128 128 128 128 128 128 128 128 128 128 128 128 128
    128 128 128 128 128 128 128 128 128 128 128 128 128 128 128 128 128
    128 128 128 128 128 128 128 128 128 128 128 128 128 128 128 128 128
    128 128 128 128 128 128 128 128 128 128 128 128 128 128 128 128 128
    128 128 128 128 128 128 128 128 128 128 128 128 128 128 128 128 128
    128 128 128 128 128 128 128 128 128 128 128 128 128 128 128 128 128
    128 128 128 128 128 128 128 128 128 128 128 128 128 128 128 128 128
    128 128 128 128 128 128 128 128 128 128 128 128 128 128 128 128 128
    128 128 128 128 128 128 128 128 128 128 128 128 128 128 128 128 128
    128 128 128 128 128 128 128 128 128 128 128 128 128 128 128 128 128
    128 128 128 128 128 128 128 128 128 128 128 128 128 128 128 128 128
    128 128 128 128 128 128 128 128 128 128 128 128 128 128 128 128 128
    128 128 128 128 128 128 128 128 128 128 128 128 128 128 128 128 128
    128 128 128 128 128 128 128 128 128 128 128 128 128 128 128 128 128
    128 128 128 128 128 128 128 128 128 128 128 128 128 128 128 128 128
    128 128 128 128 128 128 128 128 128 128 128 128 128 128 128 128 128
    128 128 128 128 128 128 128 128 128 128 128 128 128 128 128 128 128
    128 128 128 128 128 128 128 128 128 128 128 128 128 128 128 128 128
    128 128 128 128 128 128 128 128 128 128 128 128 128 128 128 128 128
    128 128 128 128 128 128 128 128 128 128 128 128 128 128 128 128 128
    128 128 128 128 128 128 128 128 128 128 128 128 128 128 128 128 128
    128 128 128 128 128 128 128 128 128 128 128 128 128 128 128 128 128
    128 128 128 128 128 128 128 128 128 128 128 128 128 128 128 128 128
    128 128 128 128 128 128 128 128 128 128 128 128 128 128 128 128 128
    128 128 128 128 128 128 128 128 128 128 128 128 128 128 128 128 128
    128 128 128 128 128 128 128 128 128 128 128 128 128 128 128 128 128
    128 128 128 128 128 128 128 128 128 128 128 128 128 128 128 128 128
    128 128 128 128 128 128 128 128 128 128 128 128 128 128 128 128 128
    128 128 128 128 128 128 128 128 128 128 128 128 128 128 128 128 128
    128 128 128 128 128 128 128 128 128 128 128 128 128 128 128 128 128
    128 128 128 128 128 128 128 128 128 128 128 128 128 128 128 128 128
    128 128 128 128 128 128 128 128 128 128 128 128 128 128 128 128 128
    128 128 128 128 128 128 128 128 128 128 128 128 128 128 128 128 128
    128 128 128 128 128 128 128 128 128 128 128 128 128 128 128 128 128
    128 128 128 128 128 128 128 128 128 128 128 128 128 128 128 128 128
    128 128 128 128 128 128 128 128 128 128 128 128 128 128 128 128 128
    128 128 128 128 128 128 128 128 128 128 128 128 128 128 128 128 128
    128 128 128 128 128 128 128 128 128 128 128 128 128 128 128 128 128
    128 128 128 128 128 128 128 128 128 128 128 128 128 128 128 128 128
    128 128 128 128 128 128 128 128 128 128 128 128 128 128 128 128 128
    128 128 128 128 128 128 128 128 128 128 128 128 128 128 128 128 128
    128 128 128 128 128 128 128 128 128 128 128 128 128 128 128 128 128
    128 128 128 128 128 128 128 128 128 128 128 128 128 128 128 128 128
    128 128 128 128 128 128 128 128 128 128 128 128 128 128 128 128 128
    128 128 128 128 128 128 128 128 128 128 128 128 128 128 128 128 128
    128 128 128 128 128 128 128 128 128 128 128 128 128 128 128 128 128
    128 128 128 128 128 128 128 128 128 128 128 128 128 128 128 128 128
    128 128 128 128 128 128 128 128 128 128 128 128 128 128 128 128 128
    128 128 128 128 128 128 128 128 128 128 128 128 128 128 128 128 128
    128 128 128 128 128 128 128 128 128 128 128 128 128 128 128 128 128
    128 128 128 128 128 128 128 128 128 128 128 128 128 128 128 128 128
    128 128 128 128 128 128 128 128 128 128 128 128 128 128 128 128 128
    128 128 128 128 128 128 128 128 128 128 128 128 128 128 128 128 128
    128 128 128 128 128 128 128 128 128 128 128 128 128 128 128 128 128
    128 128 128 128 128 128 128 128 128 128 128 128 128 128 128 128 128
    128 128 128 128 128 128 128 128 128 128 128 128 128 128 128 128 128
    128 128 128 128 128 128 128 128 128 128 128 128 128 128 128 128 128
    128 128 128 128 128 128 128 128 128 128 128 128 128 128 128 128 128
    128 128 128 128 128 128 128 128 128 128 128 128 128 128 128 128 128
    128 128 128 128 128 128 128 128 128 128 128 128 128 128 128 128 128
    128 128 128 128 128 128 128 128 128 128 128 128 128 128 128 128 128
    128 128 128 128 128 128 128 128 128 128 128 128 128 128 128 128 128
    128 128 128 128 128 128 128 128 128 128 128 128 128 128 128 128 128
    128 128 128 128 128 128 128 128 128 128 128 128 128 128 128 128 128
    128 128 128 128 128 128 128 128 128 128 128 128 128 128 128 128 128
    128 128 128 128 128 128 128 128 128 128 128 128 128 128 128 128 128
    128 128 128 128 128 128 128 128 128 128 128 128 128 128 128 128 128
    128 128 128 128 128 128 128 128 128 128 128 128 128 128 128 128 128
    128 128 128 128 128 128 128 128 128 128 128 128 128 128 128 128 128
    128 128 128 128 128 128 128 128 128 128 128 128 128 128 128 128 128
    128 128 128 128 128 128 128 128 128 128 128 128 128 128 128 128 128
    128 128 128 128 128 128 128 128 128 128 128 128 128 128 128 128 128
    128 128 128 128 128 128 128 128 128 128 128 128 128 128 128 128 128
    128 128 128 128 128 128 128 128 128 128 128 128 128 128 128 128 128
    128 128 128 128 128 128 128 128 128 128 128 128 128 128 128 128 128
    128 128 128 128 128 128 128 128 128 128 128 128 128 128 128 128 128
    128 128 128 128 128 128 128 128 128 128 128 128 128 128 128 128 128
    128 128 128 128 128 128 128 128 128 128 128 128 128 128 128 128 128
    128 128 128 128 128 128 128 128 128 128 128 128 128 128 128 128 128
    128 128 128 128 128 128 128 128 128 128 128 128 128 128 128 128 128
    128 128 128 128 128 128 128 128 128 128 128 128 128 128 128 128 128
    128 128 128 128 128 128 128 128 128 128 128 128 128 128 128 128 128
    128 128 128 128 128 128 128 128 128 128 128 128 128 128 128 128 128
    128 128 128 128 128 128 128 128 128 128 128 128 128 128 128 128 128
    128 128 128 128 128 128 128 128 128 128 128 128 128 128 128 128 128
    128 128 128 128 128 128 128 128 128 128 128 128 128 128 128 128 128
    128 128 128 128 128 128 128 128 128 128 128 128 128 128 128 128 128
    128 128 128 128 128 128 128 128 128 128 128 128 128 128 128 128 128
    128 128 128 128 128 128 128 128 128 128 128 128 128 128 128 128 128
    128 128 128 128 128 128 128 128 128 128 128 128 128 128 128 128 128
    128 128 128 128 128 128 128 128 128 128 128 128 128 128 128 128 128
    128 128 128 128 128 128 128 128 128 128 128 128 128 128 128 128 128
    128 128 128 128 128 128 128 128 128 128 128 128 128 128 128 128 128
    128 128 128 128 128 128 128 128 128 128 128 128 128 128 128 128 128
    128 128 128 128 128 128 128 128 128 128 128 128 128 128 128 128 128
    128 128 128 128 128 128 128 128 128 128 128 128 128 128 128 128 128
    128 128 128 128 128 128 128 128 128 128 128 128 128 128 128 128 128
    128 128 128 128 128 128 128 128 128 128 128 128 128 128 128 128 128
    128 128 128 128 128 128 128 128 128 128 128 128 128 128 128 128 128
    128 128 128 128 128 128 128 128 128 128 128 128 128 128 128 128 128
    128 128 128 128 128 128 128 128 128 128 128 128 128 128 128 128 128
    128 128 128 128 128 128 128 128 128 128 128 128 128 128 128 128 128
    128 128 128 128 128 128 128 128 128 128 128 128 128 128 128 128 128
    128 128 128 128 128 128 128 128 128 128 128 128 128 128 128 128 128
    128 128 128 128 128 128 128 128 128 128 128 128 128 128 128 128 128
    128 128 128 128 128 128 128 128 128 128 128 128 128 128 128 128 128
    128 128 128 128 128 128 128 128 128 128 128 128 128 128 128 128 128
    128 128 128 128 128 128 128 128 128 128 128 128 128 128 128 128 128
    128 128 128 128 128 128 128 128 128 128 128 128 128 128 128 128 128
    128 128 128 128 128 128 128 128 128 128 128 128 128 128 128 128 128
    128 128 128 128 128 128 128 128 128 128 128 128 128 128 128 128 128
    128 128 128 128 128 128 128 128 128 128 128 128 128 128 128 128 128
    128 128 128 128 128 128 128 128 128 128 128 128 128 128 128 128 128
    128 128 128 128 128 128 128 128 128 128 128 128 128 128 128 128 128
    128 128 128 128 128 128 128 128 128 128 128 128 128 128 128 128 128
    128 128 128 128 128 128 128 128 128 128 128 128 128 128 128 128 128
    128 128 128 128 128 128 128 128 128 128 128 128 128 128 128 128 128
    128 128 128 128 128 128 128 128 128 128 128 128 128 128 128 128 128
    128 128 128 128 128 128 128 128 128 128 128 128 128 128 128 128 128
    128 128 128 128 128 128 128 128 128 128 128 128 128 128 128 128 128
    128 128 128 128 128 128 128 128 128 128 128 128 128 128 128 128 128
    128 128 128 128 128 128 128 128 128 128 128 128 128 128 128 128 128
    128 128 128 128 128 128 128 128 128 128 128 128 128 128 128 128 128
    128 128 128 128 128 128 128 128 128 128 128 128 128 128 128 128 128
    128 128 128 128 128 128 128 128 128 128 128 128 128 128 128 128 128
    128 128 128 128 128 128 128 128 128 128 128 128 128 128 128 128 128
    128 128 128 128 128 128 128 128 128 128 128 128 128 128 128 128 128
    128 128 128 128 128 128 128 128 128 128 128 128 128 128 128 128 128
    128 128 128 128 128 128 128 128 128 128 128 128 128 128 128 128 128
    128 128 128 128 128 128 128 128 128 128 128 128 128 128 128 128 128
    128 128 128 128 128 128 128 128 128 128 128 128 128 128 128 128 128
    128 128 128 128 128 128 128 128 128 128 128 128 128 128 128 128 128
    128 128 128 128 128 128 128 128 128 128 128 128 128 128 128 128 128
    128 128 128 128 128 128 128 128 128 128 128 128 128 128 128 128 128
    128 128 128 128 128 128 128 128 128 128 128 128 128 128 128 128 128
    128 128 128 128 128 128 128 128 128 128 128 128 128 128 128 128 128
    128 128 128 128 128 128 128 128 128 128 128 128 128 128 128 128 128
    128 128 128 128 128 128 128 128 128 128 128 128 128 128 128 128 128
    128 128 128 128 128 128 128 128 128 128 128 128 128 128 128 128 128
    128 128 128 128 128 128 128 128 128 128 128 128 128 128 128 128 128
    128 128 128 128 128 128 128 128 128 128 128 128 128 128 128 128 128
    128 128 128 128 128 128 128 128 128 128 128 128 128 128 128 128 128
    128 128 128 128 128 128 128 128 128 128 128 128 128 128 128 128 128
    128 128 128 128 128 128 128 128 128 128 128 128 128 128 128 128 128
    128 128 128 128 128 128 128 128 128 128 128 128 128 128 128 128 128
    128 128 128 128 128 128 128 128 128 128 128 128 128 128 128 128 128
    128 128 128 128 128 128 128 128 128 128 128 128 128 128 128 128 128
    128 128 128 128 128 128 128 128 128 128 128 128 128 128 128 128 128
    128 128 128 128 128 128 128 128 128 128 128 128 128 128 128 128 128
    128 128 128 128 128 128 128 128 128 128 128 128 128 128 128 128 128
    128 128 128 128 128 128 128 128 128 128 128 128 128 128 128 128 128
    128 128 128 128 128 128 128 128 128 128 128 128 128 128 128 128 128
    128 128 128 128 128 128 128 128 128 128 128 128 128 128 128 128 128
    128 128 128 128 128 128 128 128 128 128 128 128 128 128 128 128 128
    128 128 128 128 128 128 128 128 128 128 128 128 128 128 128 128 128
    128 128 128 128 128 128 128 128 128 128 128 128 128 128 128 128 128
    128 128 128 128 128 128 128 128 128 128 128 128 128 128 128 128 128
    128 128 128 128 128 128 128 128 128 128 128 128 128 128 128 128 128
    128 128 128 128 128 128 128 128 128 128 128 128 128 128 128 128 128
    128 128 128 128 128 128 128 128 128 128 128 128 128 128 128 128 128
    128 128 128 128 128 128 128 128 128 128 128 128 128 128 128 128 128
    128 128 128 128 128 128 128 128 128 128 128 128 128 128 128 128 128
    128 128 128 128 128 128 128 128 128 128 128 128 128 128 128 128 128
    128 128 128 128 128 128 128 128 128 128 128 128 128 128 128 128 128
    128 128 128 128 128 128 128 128 128 128 128 128 128 128 128 128 128
    128 128 128 128 128 128 128 128 128 128 128 128 128 128 128 128 128
    128 128 128 128 128 128 128 128 128 128 128 128 128 128 128 128 128
    128 128 128 128 128 128 128 128 128 128 128 128 128 128 128 128 128
    128 128 128 128 128 128 128 128 128 128 128 128 128 128 128 128 128
    128 128 128 128 128 128 128 128 128 128 128 128 128 128 128 128 128
    128 128 128 128 128 128 128 128 128 128 128 128 128 128 128 128 128
    128 128 128 128 128 128 128 128 128 128 128 128 128 128 128 128 128
    128 128 128 128 128 128 128 128 128 128 128 128 128 128 128 128 128
    128 128 128 128 128 128 128 128 128 128 128 128 128 128 128 128 128
    128 128 128 128 128 128 128 128 128 128 128 128 128 128 128 128 128
    128 128 128 128 128 128 128 128 128 128 128 128 128 128 128 128 128
    128 128 128 128 128 128 128 128 128 128 128 128 128 128 128 128 128
    128 128 128 128 128 128 128 128 128 128 128 128 128 128 128 128 128
    128 128 128 128 128 128 128 128 128 128 128 128 128 128 128 128 128
    128 128 128 128 128 128 128 128 128 128 128 128 128 128 128 128 128
    128 128 128 128 128 128 128 128 128 128 128 128 128 128 128 128 128
    128 128 128 128 128 128 128 128 128 128 128 128 128 128 128 128 128
    128 128 128 128 128 128 128 128 128 128 128 128 128 128 128 128 128
    128 128 128 128 128 128 128 128 128 128 128 128 128 128 128 128 128
    128 128 128 128 128 128 128 128 128 128 128 128 128 128 128 128 128
    128 128 128 128 128 128 128 128 128 128 128 128 128 128 128 128 128
    128 128 128 128 128 128 128 128 128 128 128 128 128 128 128 128 128
    128 128 128 128 128 128 128 128 128 128 128 128 128 128 128 128 128
    128 128 128 128 128 128 128 128 128 128 128 128 128 128 128 128 128
    128 128 128 128 128 128 128 128 128 128 128 128 128 128 128 128 128
    128 128 128 128 128 128 128 128 128 128 128 128 128 128 128 128 128
    128 128 128 128 128 128 128 128 128 128 128 128 128 128 128 128 128
    128 128 128 128 128 128 128 128 128 128 128 128 128 128 128 128 128
    128 128 128 128 128 128 128 128 128 128 128 128 128 128 128 128 128
    128 128 128 128 128 128 128 128 128 128 128 128 128 128 128 128 128
    128 128 128 128 128 128 128 128 128 128 128 128 128 128 128 128 128
    128 128 128 128 128 128 128 128 128 128 128 128 128 128 128 128 128
    128 128 128 128 128 128 128 128 128 128 128 128 128 128 128 128 128
    128 128 128 128 128 128 128 128 128 128 128 128 128 128 128 128 128
    128 128 128 128 128 128 128 128 128 128 128 128 128 128 128 128 128
    128 128 128 128 128 128 128 128 128 128 128 128 128 128 128 128 128
    128 128 128 128 128 128 128 128 128 128 128 128 128 128 128 128 128
    128 128 128 128 128 128 128 128 128 128 128 128 128 128 128 128 128
    128 128 128 128 128 128 128 128 128 128 128 128 128 128 128 128 128
    128 128 128 128 128 128 128 128 128 128 128 128 128 128 128 128 128
    128 128 128 128 128 128 128 128 128 128 128 128 128 128 128 128 128
    128 128 128 128 128 128 128 128 128 128 128 128 128 128 128 128 128
    128 128 128 128 128 128 128 128 128 128 128 128 128 128 128 128 128
    128 128 128 128 128 128 128 128 128 128 128 128 128 128 128 128 128
    128 128 128 128 128 128 128 128 128 128 128 128 128 128 128 128 128
    128 128 128 128 128 128 128 128 128 128 128 128 128 128 128 128 128
    128 128 128 128 128 128 128 128 128 128 128 128 128 128 128 128 128
    128 128 128 128 128 128 128 128 128 128 128 128 128 128 128 128 128
    128 128 128 128 128 128 128 128 128 128 128 128 128 128 128 128 128
    128 128 128 128 128 128 128 128 128 128 128 128 128 128 128 128 128
    128 128 128 128 128 128 128 128 128 128 128 128 128 128 128 128 128
    128 128 128 128 128 128 128 128 128 128 128 128 128 128 128 128 128
    128 128 128 128 128 128 128 128 128 128 128 128 128 128 128 128 128
    128 128 128 128 128 128 128 128 128 128 128 128 128 128 128 128 128
    128 128 128 128 128 128 128 128 128 128 128 128 128 128 128 128 128
    128 128 128 128 128 128 128 128 128 128 128 128 128 128 128 128 128
    128 128 128 128 128 128 128 128 128 128 128 128 128 128 128 128 128
    128 128 128 128 128 128 128 128 128 128 128 128 128 128 128 128 128
    128 128 128 128 128 128 128 128 128 128 128 128 128 128 128 128 128
    128 128 128 128 128 128 128 128 128 128 128 128 128 128 128 128 128
    128 128 128 128 128 128 128 128 128 128 128 128 128 128 128 128 128
    128 128 128 128 128 128 128 128 128 128 128 128 128 128 128 128 128
    128 128 128 128 128 128 128 128 128 128 128 128 128 128 128 128 128
    128 128 128 128 128 128 128 128 128 128 128 128 128 128 128 128 128
    128 128 128 128 128 128 128 128 128 128 128 128 128 128 128 128 128
    128 128 128 128 128 128 128 128 128 128 128 128 128 128 128 128 128
    128 128 128 128 128 128 128 128 128 128 128 128 128 128 128 128 128
    128 128 128 128 128 128 128 128 128 128 128 128 128 128 128 128 128
    128 128 128 128 128 128 128 128 128 128 128 128 128 128 128 128 128
    128 128 128 128 128 128 128 128 128 128 128 128 128 128 128 128 128
    128 128 128 128 128 128 128 128 128 128 128 128 128 128 128 128 128
    128 128 128 128 128 128 128 128 128 128 128 128 128 128 128 128 128
    128 128 128 128 128 128 128 128 128 128 128 128 128 128 128 128 128
    128 128 128 128 128 128 128 128 128 128 128 128 128 128 128 128 128
    128 128 128 128 128 128 128 128 128 128 128 128 128 128 128 128 128
    128 128 128 128 128 128 128 128 128 128 128 128 128 128 128 128 128
    128 128 128 128 128 128 128 128 128 128 128 128 128 128 128 128 128
    128 128 128 128 128 128 128 128 128 128 128 128 128 128 128 128 128
    128 128 128 128 128 128 128 128 128 128 128 128 128 128 128 128 128
    128 128 128 128 128 128 128 128 128 128 128 128 128 128 128 128 128
    128 128 128 128 128 128 128 128 128 128 128 128 128 128 128 128 128
    128 128 128 128 128 128 128 128 128 128 128 128 128 128 128 128 128
    128 128 128 128 128 128 128 128 128 128 128 128 128 128 128 128 128
    128 128 128 128 128 128 128 128 128 128 128 128 128 128 128 128 128
    128 128 128 128 128 128 128 128 128 128 128 128 128 128 128 128 128
    128 128 128 128 128 128 128 128 128 128 128 128 128 128 128 128 128
    128 128 128 128 128 128 128 128 128 128 128 128 128 128 128 128 128
    128 128 128 128 128 128 128 128 128 128 128 128 128 128 128 128 128
    128 128 128 128 128 128 128 128 128 128 128 128 128 128 128 128 128
    128 128 128 128 128 128 128 128 128 128 128 128 128 128 128 128 128
    128 128 128 128 128 128 128 128 128 128 128 128 128 128 128 128 128
    128 128 128 128 128 128 128 128 128 128 128 128 128 128 128 128 128
    128 128 128 128 128 128 128 128 128 128 128 128 128 128 128 128 128
    128 128 128 128 128 128 128 128 128 128 128 128 128 128 128 128 128
    128 128 128 128 128 128 128 128 128 128 128 128 128 128 128 128 128
    128 128 128 128 128 128 128 128 128 128 128 128 128 128 128 128 128
    128 128 128 128 128 128 128 128 128 128 128 128 128 128 128 128 128
    128 128 128 128 128 128 128 128 128 128 128 128 128 128 128 128 128
    128 128 128 128 128 128 128 128 128 128 128 128 128 128 128 128 128
    128 128 128 128 128 128 128 128 128 128 128 128 128 128 128 128 128
    128 128 128 128 128 128 128 128 128 128 128 128 128 128 128 128 128
    128 128 128 128 128 128 128 128 128 128 128 128 128 128 128 128 128
    128 128 128 128 128 128 128 128 128 128 128 128 128 128 128 128 128
    128 128 128 128 128 128 128 128 128 128 128 128 128 128 128 128 128
    128 128 128 128 128 128 128 128 128 128 128 128 128 128 128 128 128
    128 128 128 128 128 128 128 128 128 128 128 128 128 128 128 128 128
    128 128 128 128 128 128 128 128 128 128 128 128 128 128 128 128 128
    128 128 128 128 128 128 128 128 128 128 128 128 128 128 128 128 128
    128 128 128 128 128 128 128 128 128 128 128 128 128 128 128 128 128
    128 128 128 128 128 128 128 128 128 128 128 128 128 128 128 128 128
    128 128 128 128 128 128 128 128 128 128 128 128 128 128 128 128 128
    128 128 128 128 128 128 128 128 128 128 128 128 128 128 128 128 128
    128 128 128 128 128 128 128 128 128 128 128 128 128 128 128 128 128
    128 128 128 128 128 128 128 128 128 128 128 128 128 128 128 128 128
    128 128 128 128 128 128 128 128 128 128 128 128 128 128 128 128 128
    128 128 128 128 128 128 128 128 128 128 128 128 128 128 128 128 128
    128 128 128 128 128 128 128 128 128 128 128 128 128 128 128 128 128
    128 128 128 128 128 128 128 128 128 128 128 128 128 128 128 128 128
    128 128 128 128 128 128 128 128 128 128 128 128 128 128 128 128 128
    128 128 128 128 128 128 128 128 128 128 128 128 128 128 128 128 128
    128 128 128 128 128 128 128 128 128 128 128 128 128 128 128 128 128
    128 128 128 128 128 128 128 128 128 128 128 128 128 128 128 128 128
    128 128 128 128 128 128 128 128 128 128 128 128 128 128 128 128 128
    128 128 128 128 128 128 128 128 128 128 128 128 128 128 128 128 128
    128 128 128 128 128 128 128 128 128 128 128 128 128 128 128 128 128
    128 128 128 128 128 128 128 128 128 128 128 128 128 128 128 128 128
    128 128 128 128 128 128 128 128 128 128 128 128 128 128 128 128 128
    128 128 128 128 128 128 128 128 128 128 128 128 128 128 128 128 128
    128 128 128 128 128 128 128 128 128 128 128 128 128 128 128 128 128
    128 128 128 128 128 128 128 128 128 128 128 128 128 128 128 128 128
    128 128 128 128 128 128 128 128 128 128 128 128 128 128 128 128 128
    128 128 128 128 128 128 128 128 128 128 128 128 128 128 128 128 128
    128 128 128 128 128 128 128 128 128 128 128 128 128 128 128 128 128
    128 128 128 128 128 128 128 128 128 128 128 128 128 128 128 128 128
    128 128 128 128 128 128 128 128 128 128 128 128 128 128 128 128 128
    128 128 128 128 128 128 128 128 128 128 128 128 128 128 128 128 128
    128 128 128 128 128 128 128 128 128 128 128 128 128 128 128 128 128
    128 128 128 128 128 128 128 128 128 128 128 128 128 128 128 128 128
    128 128 128 128 128 128 128 128 128 128 128 128 128 128 128 128 128
    128 128 128 128 128 128 128 128 128 128 128 128 128 128 128 128 128
    128 128 128 128 128 128 128 128 128 128 128 128 128 128 128 128 128
    128 128 128 128 128 128 128 128 128 128 128 128 128 128 128 128 128
    128 128 128 128 128 128 128 128 128 128 128 128 128 128 128 128 128
    128 128 128 128 128 128 128 128 128 128 128 128 128 128 128 128 128
    128 128 128 128 128 128 128 128 128 128 128 128 128 128 128 128 128
    128 128 128 128 128 128 128 128 128 128 128 128 128 128 128 128 128
    128 128 128 128 128 128 128 128 128 128 128 128 128 128 128 128 128
    128 128 128 128 128 128 128 128 128 128 128 128 128 128 128 128 128
    128 128 128 128 128 128 128 128 128 128 128 128 128 128 128 128 128
    128 128 128 128 128 128 128 128 128 128 128 128 128 128 128 128 128
    128 128 128 128 128 128 128 128 128 128 128 128 128 128 128 128 128
    128 128 128 128 128 128 128 128 128 128 128 128 128 128 128 128 128
    128 128 128 128 128 128 128 128 128 128 128 128 128 128 128 128 128
    128 128 128 128 128 128 128 128 128 128 128 128 128 128 128 128 128
    128 128 128 128 128 128 128 128 128 128 128 128 128 128 128 128 128
    128 128 128 128 128 128 128 128 128 128 128 128 128 128 128 128 128
    128 128 128 128 128 128 128 128 128 128 128 128 128 128 128 128 128
    128 128 128 128 128 128 128 128 128 128 128 128 128 128 128 128 128
    128 128 128 128 128 128 128 128 128 128 128 128 128 128 128 128 128
    128 128 128 128 128 128 128 128 128 128 128 128 128 128 128 128 128
    128 128 128 128 128 128 128 128 128 128 128 128 128 128 128 128 128
    128 128 128 128 128 128 128 128 128 128 128 128 128 128 128 128 128
    128 128 128 128 128 128 128 128 128 128 128 128 128 128 128 128 128
    128 128 128 128 128 128 128 128 128 128 128 128 128 128 128 128 128
    128 128 128 128 128 128 128 128 128 128 128 128 128 128 128 128 128
    128 128 128 128 128 128 128 128 128 128 128 128 128 128 128 128 128
    128 128 128 128 128 128 128 128 128 128 128 128 128 128 128 128 128
    128 128 128 128 128 128 128 128 128 128 128 128 128 128 128 128 128
    128 128 128 128 128 128 128 128 128 128 128 128 128 128 128 128 128
    128 128 128 128 128 128 128 128 128 128 128 128 128 128 128 128 128
    128 128 128 128 128 128 128 128 128 128 128 128 128 128 128 128 128
    128 128 128 128 128 128 128 128 128 128 128 128 128 128 128 128 128
    128 128 128 128 128 128 128 128 128 128 128 128 128 128 128 128 128
    128 128 128 128 128 128 128 128 128 128 128 128 128 128 128 128 128
    128 128 128 128 128 128 128 128 128 128 128 128 128 128 128 128 128
    128 128 128 128 128 128 128 128 128 128 128 128 128 128 128 128 128
    128 128 128 128 128 128 128 128 128 128 128 128 128 128 128 128 128
    128 128 128 128 128 128 128 128 128 128 128 128 128 128 128 128 128
    128 128 128 128 128 128 128 128 128 128 128 128 128 128 128 128 128
    128 128 128 128 128 128 128 128 128 128 128 128 128 128 128 128 128
    128 128 128 128 128 128 128 128 128 128 128 128 128 128 128 128 128
    128 128 128 128 128 128 128 128 128 128 128 128 128 128 128 128 128
    128 128 128 128 128 128 128 128 128 128 128 128 128 128 128 128 128
    128 128 128 128 128 128 128 128 128 128 128 128 128 128 128 128 128
    128 128 128 128 128 128 128 128 128 128 128 128 128 128 128 128 128
    128 128 128 128 128 128 128 128 128 128 128 128 128 128 128 128 128
    128 128 128 128 128 128 128 128 128 128 128 128 128 128 128 128 128
    128 128 128 128 128 128 128 128 128 128 128 128 128 128 128 128 128
    128 128 128 128 128 128 128 128 128 128 128 128 128 128 128 128 128
    128 128 128 128 128 128 128 128 128 128 128 128 128 128 128 128 128
    128 128 128 128 128 128 128 128 128 128 128 128 128 128 128 128 128
    128 128 128 128 128 128 128 128 128 128 128 128 128 128 128 128 128
    128 128 128 128 128 128 128 128 128 128 128 128 128 128 128 128 128
    128 128 128 128 128 128 128 128 128 128 128 128 128 128 128 128 128
    128 128 128 128 128 128 128 128 128 128 128 128 128 128 128 128 128
    128 128 128 128 128 128 128 128 128</data></test_backg>
<my_img type_id="opencv-matrix">
  <rows>30</rows>
  <cols>20</cols>
  <dt>"3u"</dt>
  <data>
    133 179 228 212 206 41 117 5 154 144 226 45 118 14 246 51 51 11 189
    58 168 100 167 194 168 148 196 128 128 128 128 128 128 199 98 195
    158 66 123 104 3 198 237 241 104 128 128 128 255 50 142 223 196 228
    128 128 128 215 97 159 241 234 26 128 128 128 197 67 248 138 32 67
    128 144 195 233 154 74 29 147 144 205 147 129 5 133 93 221 214 101
    250 225 224 36 125 223 128 128 128 14 122 245 172 136 204 168 174
    224 54 225 214 0 138 131 167 183 197 224 47 4 128 128 128 136 34 7
    191 135 208 250 210 98 144 231 14 48 193 150 102 128 32 221 103 240
    54 48 245 117 228 232 162 131 150 0 236 198 125 113 2 254 124 167
    164 164 168 193 8 105 128 128 128 133 181 171 56 110 229 161 91 83
    224 18 109 203 98 197 132 22 168 128 128 128 42 153 221 159 42 211
    128 128 128 191 237 69 128 128 128 96 19 41 217 146 88 58 107 152
    123 11 207 149 174 161 153 122 212 128 128 128 128 128 128 128 128
    128 128 40 245 145 9 181 16 13 99 48 106 203 105 152 228 223 205 203
    246 36 136 32 4 123 200 25 14 76 239 206 128 128 128 0 230 155 236
    21 66 106 85 137 80 81 238 144 54 221 128 128 128 71 139 227 179 6
    199 106 169 192 17 14 98 32 85 243 71 216 155 98 59 159 41 12 84 109
    88 73 124 22 51 99 228 167 84 145 163 200 137 251 128 128 128 241 64
    2 34 251 210 66 170 109 233 242 178 245 41 176 156 182 3 238 151 186
    251 118 204 128 128 128 182 90 90 93 50 168 153 81 46 141 224 202 30
    93 209 96 176 1 78 126 16 236 229 97 82 64 176 207 88 51 223 232 120
    128 128 128 115 87 240 58 93 105 123 65 76 128 128 128 190 53 71 32
    105 204 210 153 45 145 108 172 42 95 159 159 180 211 144 160 50 203
    156 91 205 84 182 128 128 128 128 128 128 128 128 128 114 186 60 128
    128 128 243 57 108 38 101 204 18 70 149 128 128 128 144 48 54 37 146
    163 237 37 123 143 141 54 107 198 16 124 30 198 158 6 132 79 130 242
    183 154 190 85 17 25 122 85 160 128 128 128 166 164 253 103 23 149
    128 128 128 47 54 141 115 64 20 153 10 114 243 156 8 216 131 155 107
    59 220 145 18 238 183 187 228 185 31 10 109 24 69 255 16 89 201 85
    12 207 200 153 125 6 14 145 95 52 242 92 145 73 193 195 246 152 208
    81 45 211 170 143 237 252 191 139 116 151 243 21 222 93 38 60 213
    238 183 110 247 194 74 205 29 188 119 156 211 209 162 148 122 135 40
    104 155 1 34 213 145 14 25 108 11 92 249 197 135 227 221 225 101 174
    219 39 90 192 231 128 128 128 61 149 142 71 54 55 54 194 116 226 37
    185 126 80 238 184 64 106 252 244 171 142 7 8 130 227 29 238 65 120
    237 208 105 191 174 117 222 220 73 202 162 231 12 84 187 86 28 251
    100 4 44 150 12 121 136 203 167 49 184 181 29 32 221 25 222 230 104
    53 53 125 23 161 51 60 44 188 99 183 197 73 223 228 122 23 145 251
    185 19 182 196 0 41 55 31 5 178 195 98 145 128 128 128 125 163 150
    32 220 109 119 39 167 94 228 2 156 191 228 166 27 195 58 69 137 252
    58 59 155 233 207 64 33 224 10 206 213 250 17 160 213 184 236 14 171
    164 93 144 196 148 228 22 19 18 176 128 128 128 190 66 132 140 124
    202 118 71 105 200 184 55 36 53 220 241 149 205 128 128 128 221 42
    29 226 168 238 100 208 189 128 128 128 11 207 238 128 128 128 252 71
    71 128 128 128 131 48 28 218 235 144 50 152 126 218 90 165 128 128
    128 0 93 80 38 174 103 18 21 126 173 201 41 11 141 105 118 76 124
    229 247 99 209 143 23 169 40 88 233 244 25 155 5 228 141 107 216 99
    91 158 220 132 162 193 18 3 128 128 128 119 175 206 200 103 229 145
    139 142 189 124 222 174 54 119 171 51 91 95 169 163 58 209 253 181
    163 52 206 143 237 9 1 233 161 104 167 128 128 128 146 47 252 128
    128 128 28 141 226 2 7 237 226 149 215 38 12 188 217 155 192 128 128
    128 140 74 153 128 128 128 124 82 226 99 202 15 213 21 35 183 255 50
    139 127 152 240 128 22 241 155 42 175 237 197 25 64 148 8 188 111
    170 104 62 207 115 167 25 25 108 201 6 77 118 179 19 236 52 74 231
    155 16 140 116 16 191 82 214 69 50 19 85 17 224 128 128 128 253 93 1
    226 193 132 105 149 35 112 58 201 161 75 180 173 75 167 11 218 196
    53 13 130 242 44 252 30 27 87 230 184 164 207 95 2 2 117 179 209 186
    191 13 85 232 48 206 205 22 2 138 226 153 75 47 211 154 232 105 56
    152 191 198 99 41 213 247 94 184 108 245 26 107 1 1 84 84 221 15 199
    102 231 87 18 80 36 14 57 6 14 18 52 247 177 238 126 210 218 108 138
    116 108 164 69 219 210 36 229 6 117 104 128 54 77 4 228 220 226 213
    94 170 144 86 128 128 128 128 128 128 169 232 100 94 47 188 128 128
    128 167 69 15 237 37 184 1 166 100 254 67 53 242 96 159 123 60 110
    236 245 78 132 130 194 41 68 239 128 128 128 106 1 183 46 224 121
    128 128 128 61 177 249 128 128 128 70 90 126 128 128 128 193 44 31
    223 41 60 4 27 243 166 226 15 69 73 106 221 89 12 223 175 69 176 25
    57 151 49 178 13 19 91 171 37 239 235 222 155 128 128 128 8 197 105
    76 147 230 254 104 53 61 102 29 202 209 133 125 184 162 147 20 234
    58 178 170 128 128 128 219 162 154 176 59 228 157 53 115 67 52 37 49
    87 107 223 130 50 12 78 101 141 167 250 18 185 195 128 128 128 181
    216 8 211 214 6 128 128 128 217 141 146 31 239 227 247 37 8 128 128
    128 209 217 104 101 190 29 82 171 119 128 128 128 243 53 94 39 92
    134 125 220 69 215 173 126 12 74 213 212 205 78 195 31 146 128 128
    128 101 79 65 248 1 245 176 225 17 178 164 115 224 214 85 90 134 51
    183 10 120 91 168 25 213 27 223 232 73 232 198 170 207 25 98 91 34 9
    92 128 128 128 28 125 102 34 233 186 206 13 213 53 14 85 155 41 46
    128 128 128 132 47 113 218 210 106 215 64 153 30 59 100 143 26 172
    197 141 109 97 185 16 122 142 56 115 61 121 140 175 230 164 29 140
    235 239 194 254 109 169 128 128 128 178 100 216 177 161 216 28 14
    229 99 251 168 128 128 128 128 128 128 193 25 48 128 128 128 91 56
    238 128 128 128 141 36 47 128 128 128 180 51 92 189 205 214 128 128
    128 224 122 76 135 234 189 224 36 87 128 2 74 244 129 230 220 27 47
    128 128 128 128 128 128 243 81 102 25 4 76 197 51 141 237 183 255
    186 193 243 93 150 254 47 196 222 90 89 139 3 121 130 42 12 244 194
    84 65 24 43 140 186 238 64 102 152 181 141 146 190 24 83 218 233 2
    176 94 252 198 13 7 157 46 83 14 5 161 192 81 93 90 234 53 167 88 67
    96 152 108 75 155 162 25 178 146 43 43 84 112 24 44 209 197 237 90
    14 37 251 209 223 183 194 89 166 181 54 226 65 38 71 217 125 164 238
    61 131 125 100 26 40 21 194 235 23 46 51 82 93 22 26 133 174 197 67
    128 128 128 252 226 96 128 128 128 24 233 236 191 138 43 199 105 193
    128 128 128 168 189 143 201 63 240 202 40 139 231 203 253 228 126 69
    143 148 128 1 137 61 14 35 126 81 134 190 153 98 195 162 175 80 43
    31 104 104 203 248 241 249 35 241 221 157 161 64 233 48 150 225 207
    149 203 228 179 65 149 235 188 169 39 93 221 65 231 195 221 134 128
    128 128 69 194 169 128 128 128 101 64 236 201 244 217 114 92 44 189
    160 205 228 142 233 184 70 98 228 92 45 244 118 165 26 48 58 128 217
    35 186 41 1 112 225 35 184 106 212 69 13 46</data></my_img>
<your_img type_id="opencv-matrix">
  <rows>30</rows>
  <cols>20</cols>
  <dt>"3u"</dt>
  <data>
    128 128 128 128 128 128 128 128 128 128 128 128 128 128 128 128 128
    128 128 128 128 128 128 128 128 128 128 20 147 34 69 231 42 128 128
    128 128 128 128 128 128 128 128 128 128 44 235 110 128 128 128 128
    128 128 150 185 138 128 128 128 128 128 128 127 245 159 128 128 128
    128 128 128 128 128 128 128 128 128 128 128 128 128 128 128 128 128
    128 128 128 128 128 128 128 128 128 128 115 151 104 128 128 128 128
    128 128 128 128 128 128 128 128 128 128 128 128 128 128 128 128 128
    102 183 93 128 128 128 128 128 128 128 128 128 128 128 128 128 128
    128 128 128 128 128 128 128 128 128 128 128 128 128 128 128 128 128
    128 128 128 128 128 128 128 128 128 128 128 128 128 128 8 207 59 128
    128 128 128 128 128 128 128 128 128 128 128 128 128 128 128 128 128
    164 230 129 128 128 128 128 128 128 48 208 102 128 128 128 28 197 74
    128 128 128 128 128 128 128 128 128 128 128 128 128 128 128 128 128
    128 69 158 30 38 230 62 109 237 151 128 128 128 128 128 128 128 128
    128 128 128 128 128 128 128 128 128 128 128 128 128 128 128 128 128
    128 128 128 128 128 7 252 52 128 128 128 128 128 128 128 128 128 128
    128 128 128 128 128 157 218 153 128 128 128 128 128 128 128 128 128
    128 128 128 128 128 128 128 128 128 128 128 128 128 128 128 128 128
    128 128 128 128 128 128 128 128 128 128 128 128 128 17 222 3 128 128
    128 128 128 128 128 128 128 128 128 128 128 128 128 128 128 128 128
    128 128 128 128 128 54 245 24 128 128 128 128 128 128 128 128 128
    128 128 128 128 128 128 128 128 128 128 128 128 128 128 128 128 128
    128 128 128 128 128 128 128 52 161 21 128 128 128 128 128 128 128
    128 128 129 155 135 128 128 128 128 128 128 128 128 128 128 128 128
    128 128 128 128 128 128 128 128 128 128 128 128 128 128 128 67 226
    42 52 247 11 121 230 147 128 128 128 73 167 66 128 128 128 128 128
    128 128 128 128 102 228 75 128 128 128 128 128 128 128 128 128 128
    128 128 128 128 128 128 128 128 128 128 128 128 128 128 128 128 128
    128 128 128 128 128 128 110 203 132 128 128 128 128 128 128 52 252
    13 128 128 128 128 128 128 128 128 128 128 128 128 128 128 128 128
    128 128 128 128 128 128 128 128 128 128 128 128 128 128 128 128 128
    128 128 128 128 128 128 128 128 128 128 128 128 128 128 128 128 128
    128 128 128 128 128 128 128 128 128 128 128 128 128 128 128 128 128
    128 128 128 128 128 128 128 128 128 128 128 128 128 128 128 128 128
    128 128 128 128 128 128 128 128 128 128 128 128 128 128 128 128 128
    128 128 128 128 128 128 128 128 128 128 128 128 128 32 242 0 128 128
    128 128 128 128 128 128 128 128 128 128 128 128 128 128 128 128 128
    128 128 128 128 128 128 128 128 128 128 128 128 128 128 128 128 128
    128 128 128 128 128 128 128 128 128 128 128 128 128 128 128 128 128
    128 128 128 128 128 128 128 128 128 128 128 128 128 128 128 128 128
    128 128 128 128 128 128 128 128 128 128 128 128 128 128 128 128 128
    128 128 128 128 128 128 128 128 128 128 128 128 13 253 78 128 128
    128 128 128 128 128 128 128 128 128 128 128 128 128 128 128 128 128
    128 128 128 128 128 128 128 128 128 128 128 128 128 128 128 128 128
    128 128 128 128 128 128 128 128 128 128 128 128 128 128 128 82 248
    40 128 128 128 128 128 128 128 128 128 128 128 128 128 128 128 128
    128 128 11 197 15 128 128 128 128 128 128 128 128 128 136 216 130
    128 128 128 97 206 129 128 128 128 84 185 86 128 128 128 128 128 128
    128 128 128 128 128 128 163 238 163 128 128 128 128 128 128 128 128
    128 128 128 128 128 128 128 128 128 128 128 128 128 128 128 128 128
    128 128 128 128 128 128 128 128 128 128 128 128 128 128 128 128 128
    128 128 128 110 213 81 128 128 128 128 128 128 128 128 128 128 128
    128 128 128 128 128 128 128 128 128 128 128 128 128 128 128 128 128
    128 128 128 128 128 128 128 128 21 78 12 128 128 128 46 168 2 128
    128 128 128 128 128 128 128 128 128 128 128 128 128 128 115 216 86
    128 128 128 44 120 62 128 128 128 128 128 128 128 128 128 128 128
    128 128 128 128 128 128 128 128 128 128 128 128 128 128 128 128 128
    128 128 128 128 128 128 128 128 128 128 128 128 128 128 128 128 128
    128 128 128 128 128 128 128 128 128 128 128 128 128 128 128 128 128
    128 0 198 0 128 128 128 128 128 128 128 128 128 128 128 128 128 128
    128 128 128 128 128 128 128 128 128 128 128 128 128 128 128 128 128
    128 128 128 128 128 128 128 128 128 128 128 128 128 128 128 128 128
    128 128 128 128 128 128 128 128 128 128 128 128 128 128 128 128 128
    128 128 128 128 128 128 128 128 128 128 128 128 128 128 128 128 128
    128 128 128 128 128 128 128 128 128 128 128 128 128 128 128 128 128
    128 128 128 128 128 128 128 128 128 128 128 128 128 128 128 128 128
    128 128 128 128 128 128 128 60 189 19 32 123 44 128 128 128 128 128
    128 163 218 147 128 128 128 128 128 128 128 128 128 128 128 128 128
    128 128 128 128 128 128 128 128 128 128 128 128 128 128 31 37 30 128
    128 128 128 128 128 3 191 58 128 128 128 21 124 26 128 128 128 81
    206 92 128 128 128 128 128 128 128 128 128 128 128 128 128 128 128
    128 128 128 128 128 128 128 128 128 128 128 128 128 128 128 128 128
    128 128 128 128 78 248 74 128 128 128 128 128 128 128 128 128 128
    128 128 128 128 128 128 128 128 128 128 128 128 128 128 17 233 72
    128 128 128 128 128 128 128 128 128 128 128 128 128 128 128 128 128
    128 128 128 128 128 128 128 128 128 128 133 226 145 128 128 128 128
    128 128 41 228 29 128 128 128 128 128 128 128 128 128 31 67 23 128
    128 128 128 128 128 128 128 128 82 206 54 128 128 128 128 128 128
    128 128 128 128 128 128 128 128 128 128 128 128 128 128 128 173 240
    143 128 128 128 128 128 128 128 128 128 128 128 128 128 128 128 128
    128 128 128 128 128 128 128 128 128 128 128 128 128 128 128 128 128
    128 128 128 128 128 128 9 212 42 128 128 128 128 128 128 128 128 128
    128 128 128 128 128 128 118 155 100 128 128 128 128 128 128 128 128
    128 128 128 128 128 128 128 128 128 128 128 128 128 128 128 128 128
    128 128 128 128 128 128 128 128 128 128 128 128 128 128 25 145 54
    128 128 128 128 128 128 128 128 128 128 128 128 93 230 125 76 165 86
    128 128 128 25 215 58 128 128 128 70 167 86 128 128 128 78 233 117
    128 128 128 128 128 128 59 153 11 128 128 128 128 128 128 128 128
    128 128 128 128 128 128 128 128 128 128 19 104 34 72 210 17 128 128
    128 128 128 128 128 128 128 128 128 128 128 128 128 128 128 128 128
    128 128 128 128 128 128 128 128 128 128 128 128 128 128 128 128 128
    128 128 128 128 128 128 128 128 128 128 128 128 128 128 128 128 128
    128 128 128 128 128 128 128 128 128 128 128 128 128 128 128 128 128
    128 128 128 128 128 128 128 128 128 128 128 128 128 128 128 128 128
    128 128 128 128 128 128 128 128 128 128 128 128 128 128 128 128 128
    128 128 128 128 128 128 128 128 128 128 128 128 128 128 128 128 128
    128 128 128 128 128 128 128 128 50 96 61 128 128 128 159 244 180 128
    128 128 128 128 128 128 128 128 24 177 72 128 128 128 128 128 128
    128 128 128 128 128 128 128 128 128 128 128 128 128 128 128 128 128
    128 128 128 128 128 128 128 128 128 128 128 128 128 128 128 128 128
    128 128 128 128 128 128 128 128 128 128 128 128 128 128 128 128 128
    128 128 128 128 128 128 128 128 128 128 128 128 57 189 35 128 128
    128 97 209 110 128 128 128 128 128 128 128 128 128 128 128 128 128
    128 128 128 128 128 128 128 128 128 128 128 128 128 128 128 128 128
    128 128 128 128 128 128 128 128 128 128 128 128</data></your_img>
</opencv_storage>
